#
# There is insufficient memory for the Java Runtime Environment to continue.
# Native memory allocation (mmap) failed to map 8388608 bytes for G1 virtual space
# Possible reasons:
#   The system is out of physical RAM or swap space
#   The process is running with CompressedOops enabled, and the Java Heap may be blocking the growth of the native heap
# Possible solutions:
#   Reduce memory load on the system
#   Increase physical memory or swap space
#   Check if swap backing store is full
#   Decrease Java heap size (-Xmx/-Xms)
#   Decrease number of Java threads
#   Decrease Java thread stack sizes (-Xss)
#   Set larger code cache with -XX:ReservedCodeCacheSize=
#   JVM is running with Unscaled Compressed Oops mode in which the Java heap is
#     placed in the first 4GB address space. The Java Heap base address is the
#     maximum limit for the native heap growth. Please use -XX:HeapBaseMinAddress
#     to set the Java Heap base and to place the Java Heap above 4GB virtual address.
# This output file may be truncated or incomplete.
#
#  Out of Memory Error (os_windows.cpp:3825), pid=11740, tid=16208
#
# JRE version: OpenJDK Runtime Environment (17.0.9) (build 17.0.9+0--11185874)
# Java VM: OpenJDK 64-Bit Server VM (17.0.9+0--11185874, mixed mode, tiered, compressed oops, compressed class ptrs, g1 gc, windows-amd64)
# No core dump will be written. Minidumps are not enabled by default on client versions of Windows
#

---------------  S U M M A R Y ------------

Command Line: --add-opens=java.base/java.util=ALL-UNNAMED --add-opens=java.base/java.lang=ALL-UNNAMED --add-opens=java.base/java.lang.invoke=ALL-UNNAMED --add-opens=java.prefs/java.util.prefs=ALL-UNNAMED --add-opens=java.base/java.nio.charset=ALL-UNNAMED --add-opens=java.base/java.net=ALL-UNNAMED --add-opens=java.base/java.util.concurrent.atomic=ALL-UNNAMED -Xmx2048m -Dfile.encoding=UTF-8 -Duser.country=US -Duser.language=en -Duser.variant -javaagent:C:\Users\User\.gradle\wrapper\dists\gradle-8.4-bin\1w5dpkrfk8irigvoxmyhowfim\gradle-8.4\lib\agents\gradle-instrumentation-agent-8.4.jar org.gradle.launcher.daemon.bootstrap.GradleDaemon 8.4

Host: AMD Ryzen 7 4800H with Radeon Graphics         , 16 cores, 15G,  Windows 11 , 64 bit Build 22621 (10.0.22621.3235)
Time: Wed Mar 13 13:17:44 2024 Jerusalem Standard Time elapsed time: 11.609836 seconds (0d 0h 0m 11s)

---------------  T H R E A D  ---------------

Current thread (0x000002935e908410):  VMThread "VM Thread" [stack: 0x000000c8f6100000,0x000000c8f6200000] [id=16208]

Stack: [0x000000c8f6100000,0x000000c8f6200000]
Native frames: (J=compiled Java code, j=interpreted, Vv=VM code, C=native code)
V  [jvm.dll+0x6886e9]
V  [jvm.dll+0x841e4a]
V  [jvm.dll+0x843a8e]
V  [jvm.dll+0x8440f3]
V  [jvm.dll+0x24c14f]
V  [jvm.dll+0x685499]
V  [jvm.dll+0x679c2a]
V  [jvm.dll+0x30cf9b]
V  [jvm.dll+0x314446]
V  [jvm.dll+0x36425e]
V  [jvm.dll+0x36448f]
V  [jvm.dll+0x2e2d68]
V  [jvm.dll+0x2e5e56]
V  [jvm.dll+0x2f066a]
V  [jvm.dll+0x325610]
V  [jvm.dll+0x8487eb]
V  [jvm.dll+0x849531]
V  [jvm.dll+0x849a4d]
V  [jvm.dll+0x849e24]
V  [jvm.dll+0x849ef0]
V  [jvm.dll+0x7f06aa]
V  [jvm.dll+0x687565]
C  [ucrtbase.dll+0x29363]
C  [KERNEL32.DLL+0x1257d]
C  [ntdll.dll+0x5aa58]

VM_Operation (0x000000c8f5dff8d0): G1PauseRemark, mode: safepoint, requested by thread 0x00000293422bb010


---------------  P R O C E S S  ---------------

Threads class SMR info:
_java_thread_list=0x0000029364e09f70, length=71, elements={
0x000002934224b400, 0x000002935e945250, 0x000002935e9459f0, 0x000002935e94dfc0,
0x000002935e94e4a0, 0x000002935e94ea70, 0x000002935ec7f110, 0x000002935ec83a20,
0x000002935ec8c0f0, 0x000002935ec92b30, 0x000002935ed4fae0, 0x000002935eef8f30,
0x00000293655ec020, 0x000002936475e850, 0x0000029364f488d0, 0x0000029364fce810,
0x00000293645e8410, 0x000002936530e5f0, 0x00000293651468c0, 0x0000029364c32310,
0x0000029364c304b0, 0x0000029364c2ffa0, 0x0000029364c309c0, 0x0000029364c32d30,
0x0000029364c30ed0, 0x0000029364c31e00, 0x0000029364c313e0, 0x0000029364c2fa90,
0x0000029364c318f0, 0x0000029364c32820, 0x00000293652cf7e0, 0x00000293652d1130,
0x00000293652d2f90, 0x00000293652cfcf0, 0x00000293652d2a80, 0x00000293652d0200,
0x00000293652cca50, 0x00000293652d2060, 0x00000293652d1640, 0x00000293652d0710,
0x00000293652d1b50, 0x00000293652cc540, 0x000002935f4b2580, 0x000002935f4b1590,
0x000002935f4b2030, 0x000002935f4b1ae0, 0x00000293652cd470, 0x00000293652cd980,
0x00000293652cde90, 0x00000293652ce3a0, 0x00000293652d0c20, 0x00000293652cbb20,
0x00000293652ce8b0, 0x00000293652cedc0, 0x00000293652cf2d0, 0x00000293652d34a0,
0x0000029365af39f0, 0x0000029365af2ac0, 0x0000029365af25b0, 0x0000029365af85e0,
0x0000029365af5340, 0x0000029365af9000, 0x0000029365af1b90, 0x0000029365af76b0,
0x0000029365af4920, 0x0000029365af4410, 0x0000029365af5d60, 0x0000029365af2fd0,
0x0000029365af7bc0, 0x0000029365af20a0, 0x0000029365af6780
}

Java Threads: ( => current thread )
  0x000002934224b400 JavaThread "main" [_thread_blocked, id=21800, stack(0x000000c8f5b00000,0x000000c8f5c00000)]
  0x000002935e945250 JavaThread "Reference Handler" daemon [_thread_blocked, id=20960, stack(0x000000c8f6200000,0x000000c8f6300000)]
  0x000002935e9459f0 JavaThread "Finalizer" daemon [_thread_blocked, id=20556, stack(0x000000c8f6300000,0x000000c8f6400000)]
  0x000002935e94dfc0 JavaThread "Signal Dispatcher" daemon [_thread_blocked, id=17736, stack(0x000000c8f6400000,0x000000c8f6500000)]
  0x000002935e94e4a0 JavaThread "Attach Listener" daemon [_thread_blocked, id=12804, stack(0x000000c8f6500000,0x000000c8f6600000)]
  0x000002935e94ea70 JavaThread "Service Thread" daemon [_thread_blocked, id=25116, stack(0x000000c8f6600000,0x000000c8f6700000)]
  0x000002935ec7f110 JavaThread "Monitor Deflation Thread" daemon [_thread_blocked, id=24468, stack(0x000000c8f6700000,0x000000c8f6800000)]
  0x000002935ec83a20 JavaThread "C2 CompilerThread0" daemon [_thread_blocked, id=23792, stack(0x000000c8f6800000,0x000000c8f6900000)]
  0x000002935ec8c0f0 JavaThread "C1 CompilerThread0" daemon [_thread_blocked, id=16304, stack(0x000000c8f6900000,0x000000c8f6a00000)]
  0x000002935ec92b30 JavaThread "Sweeper thread" daemon [_thread_blocked, id=23204, stack(0x000000c8f6a00000,0x000000c8f6b00000)]
  0x000002935ed4fae0 JavaThread "Common-Cleaner" daemon [_thread_blocked, id=25268, stack(0x000000c8f6b00000,0x000000c8f6c00000)]
  0x000002935eef8f30 JavaThread "Notification Thread" daemon [_thread_blocked, id=1800, stack(0x000000c8f6e00000,0x000000c8f6f00000)]
  0x00000293655ec020 JavaThread "Daemon health stats" [_thread_blocked, id=18416, stack(0x000000c8f7800000,0x000000c8f7900000)]
  0x000002936475e850 JavaThread "Incoming local TCP Connector on port 52503" [_thread_in_native, id=24864, stack(0x000000c8f7900000,0x000000c8f7a00000)]
  0x0000029364f488d0 JavaThread "Daemon periodic checks" [_thread_blocked, id=15036, stack(0x000000c8f7a00000,0x000000c8f7b00000)]
  0x0000029364fce810 JavaThread "Daemon" [_thread_blocked, id=12436, stack(0x000000c8f7b00000,0x000000c8f7c00000)]
  0x00000293645e8410 JavaThread "Handler for socket connection from /127.0.0.1:52503 to /127.0.0.1:52504" [_thread_in_native, id=23804, stack(0x000000c8f7c00000,0x000000c8f7d00000)]
  0x000002936530e5f0 JavaThread "Cancel handler" [_thread_blocked, id=23028, stack(0x000000c8f7d00000,0x000000c8f7e00000)]
  0x00000293651468c0 JavaThread "Daemon worker" [_thread_blocked, id=25296, stack(0x000000c8f7e00000,0x000000c8f7f00000)]
  0x0000029364c32310 JavaThread "Asynchronous log dispatcher for DefaultDaemonConnection: socket connection from /127.0.0.1:52503 to /127.0.0.1:52504" [_thread_blocked, id=5636, stack(0x000000c8f7f00000,0x000000c8f8000000)]
  0x0000029364c304b0 JavaThread "Stdin handler" [_thread_blocked, id=10060, stack(0x000000c8f8000000,0x000000c8f8100000)]
  0x0000029364c2ffa0 JavaThread "Daemon client event forwarder" [_thread_blocked, id=24940, stack(0x000000c8f8100000,0x000000c8f8200000)]
  0x0000029364c309c0 JavaThread "Cache worker for journal cache (C:\Users\User\.gradle\caches\journal-1)" [_thread_blocked, id=23168, stack(0x000000c8f8c00000,0x000000c8f8d00000)]
  0x0000029364c32d30 JavaThread "File lock request listener" [_thread_in_native, id=20772, stack(0x000000c8f8d00000,0x000000c8f8e00000)]
  0x0000029364c30ed0 JavaThread "Cache worker for file hash cache (C:\Users\User\.gradle\caches\8.4\fileHashes)" [_thread_blocked, id=2744, stack(0x000000c8f7700000,0x000000c8f7800000)]
  0x0000029364c31e00 JavaThread "File watcher server" daemon [_thread_blocked, id=24372, stack(0x000000c8f8e00000,0x000000c8f8f00000)]
  0x0000029364c313e0 JavaThread "File watcher consumer" daemon [_thread_blocked, id=4480, stack(0x000000c8f8f00000,0x000000c8f9000000)]
  0x0000029364c2fa90 JavaThread "Cache worker for checksums cache (O:\ASProjects\Snapz\.gradle\8.4\checksums)" [_thread_blocked, id=25444, stack(0x000000c8f9000000,0x000000c8f9100000)]
  0x0000029364c318f0 JavaThread "Cache worker for file hash cache (O:\ASProjects\Snapz\.gradle\8.4\fileHashes)" [_thread_blocked, id=23504, stack(0x000000c8f9100000,0x000000c8f9200000)]
  0x0000029364c32820 JavaThread "Cache worker for cache directory md-supplier (C:\Users\User\.gradle\caches\8.4\md-supplier)" [_thread_blocked, id=12260, stack(0x000000c8f9200000,0x000000c8f9300000)]
  0x00000293652cf7e0 JavaThread "Cache worker for file content cache (C:\Users\User\.gradle\caches\8.4\fileContent)" [_thread_blocked, id=25384, stack(0x000000c8f9300000,0x000000c8f9400000)]
  0x00000293652d1130 JavaThread "Cache worker for cache directory md-rule (C:\Users\User\.gradle\caches\8.4\md-rule)" [_thread_blocked, id=16988, stack(0x000000c8f7000000,0x000000c8f7100000)]
  0x00000293652d2f90 JavaThread "Cache worker for execution history cache (C:\Users\User\.gradle\caches\8.4\executionHistory)" [_thread_blocked, id=8060, stack(0x000000c8f7100000,0x000000c8f7200000)]
  0x00000293652cfcf0 JavaThread "Cache worker for kotlin-dsl (C:\Users\User\.gradle\caches\8.4\kotlin-dsl)" [_thread_blocked, id=768, stack(0x000000c8f9800000,0x000000c8f9900000)]
  0x00000293652d2a80 JavaThread "jar transforms" [_thread_blocked, id=14200, stack(0x000000c8f9a00000,0x000000c8f9b00000)]
  0x00000293652d0200 JavaThread "jar transforms Thread 2" [_thread_blocked, id=4352, stack(0x000000c8f9b00000,0x000000c8f9c00000)]
  0x00000293652cca50 JavaThread "jar transforms Thread 3" [_thread_blocked, id=15924, stack(0x000000c8f9900000,0x000000c8f9a00000)]
  0x00000293652d2060 JavaThread "jar transforms Thread 4" [_thread_blocked, id=22488, stack(0x000000c8f9c00000,0x000000c8f9d00000)]
  0x00000293652d1640 JavaThread "Cache worker for dependencies-accessors (O:\ASProjects\Snapz\.gradle\8.4\dependencies-accessors)" [_thread_blocked, id=25588, stack(0x000000c8f9d00000,0x000000c8f9e00000)]
  0x00000293652d0710 JavaThread "Cache worker for Build Output Cleanup Cache (O:\ASProjects\Snapz\.gradle\buildOutputCleanup)" [_thread_blocked, id=24440, stack(0x000000c8f9e00000,0x000000c8f9f00000)]
  0x00000293652d1b50 JavaThread "jar transforms Thread 5" [_thread_blocked, id=25432, stack(0x000000c8f9f00000,0x000000c8fa000000)]
  0x00000293652cc540 JavaThread "jar transforms Thread 6" [_thread_blocked, id=2928, stack(0x000000c8fa000000,0x000000c8fa100000)]
  0x000002935f4b2580 JavaThread "C2 CompilerThread1" daemon [_thread_blocked, id=10296, stack(0x000000c8f6c00000,0x000000c8f6d00000)]
  0x000002935f4b1590 JavaThread "C1 CompilerThread1" daemon [_thread_blocked, id=21380, stack(0x000000c8f6d00000,0x000000c8f6e00000)]
  0x000002935f4b2030 JavaThread "C1 CompilerThread2" daemon [_thread_blocked, id=1472, stack(0x000000c8f7200000,0x000000c8f7300000)]
  0x000002935f4b1ae0 JavaThread "C1 CompilerThread3" daemon [_thread_blocked, id=18896, stack(0x000000c8f9400000,0x000000c8f9500000)]
  0x00000293652cd470 JavaThread "Unconstrained build operations" [_thread_blocked, id=24336, stack(0x000000c8f9600000,0x000000c8f9700000)]
  0x00000293652cd980 JavaThread "Unconstrained build operations Thread 2" [_thread_blocked, id=14376, stack(0x000000c8f9700000,0x000000c8f9800000)]
  0x00000293652cde90 JavaThread "Unconstrained build operations Thread 3" [_thread_blocked, id=12004, stack(0x000000c8fa100000,0x000000c8fa200000)]
  0x00000293652ce3a0 JavaThread "Unconstrained build operations Thread 4" [_thread_blocked, id=24132, stack(0x000000c8fa300000,0x000000c8fa400000)]
  0x00000293652d0c20 JavaThread "Unconstrained build operations Thread 5" [_thread_blocked, id=20704, stack(0x000000c8fa400000,0x000000c8fa500000)]
  0x00000293652cbb20 JavaThread "Unconstrained build operations Thread 6" [_thread_blocked, id=16856, stack(0x000000c8fa500000,0x000000c8fa600000)]
  0x00000293652ce8b0 JavaThread "Unconstrained build operations Thread 7" [_thread_blocked, id=16632, stack(0x000000c8fa600000,0x000000c8fa700000)]
  0x00000293652cedc0 JavaThread "Unconstrained build operations Thread 8" [_thread_blocked, id=12044, stack(0x000000c8fa700000,0x000000c8fa800000)]
  0x00000293652cf2d0 JavaThread "Unconstrained build operations Thread 9" [_thread_blocked, id=25148, stack(0x000000c8fa800000,0x000000c8fa900000)]
  0x00000293652d34a0 JavaThread "Unconstrained build operations Thread 10" [_thread_blocked, id=2320, stack(0x000000c8fa900000,0x000000c8faa00000)]
  0x0000029365af39f0 JavaThread "Unconstrained build operations Thread 11" [_thread_blocked, id=23948, stack(0x000000c8faa00000,0x000000c8fab00000)]
  0x0000029365af2ac0 JavaThread "Unconstrained build operations Thread 12" [_thread_blocked, id=9104, stack(0x000000c8fab00000,0x000000c8fac00000)]
  0x0000029365af25b0 JavaThread "Unconstrained build operations Thread 13" [_thread_blocked, id=18396, stack(0x000000c8fac00000,0x000000c8fad00000)]
  0x0000029365af85e0 JavaThread "Unconstrained build operations Thread 14" [_thread_blocked, id=11468, stack(0x000000c8fad00000,0x000000c8fae00000)]
  0x0000029365af5340 JavaThread "Unconstrained build operations Thread 15" [_thread_blocked, id=15736, stack(0x000000c8fae00000,0x000000c8faf00000)]
  0x0000029365af9000 JavaThread "jar transforms Thread 7" [_thread_blocked, id=23884, stack(0x000000c8fb000000,0x000000c8fb100000)]
  0x0000029365af1b90 JavaThread "jar transforms Thread 8" [_thread_blocked, id=22404, stack(0x000000c8fb100000,0x000000c8fb200000)]
  0x0000029365af76b0 JavaThread "jar transforms Thread 9" [_thread_blocked, id=21672, stack(0x000000c8fb200000,0x000000c8fb300000)]
  0x0000029365af4920 JavaThread "jar transforms Thread 10" [_thread_blocked, id=2764, stack(0x000000c8fb300000,0x000000c8fb400000)]
  0x0000029365af4410 JavaThread "jar transforms Thread 11" [_thread_blocked, id=9296, stack(0x000000c8fb400000,0x000000c8fb500000)]
  0x0000029365af5d60 JavaThread "jar transforms Thread 12" [_thread_blocked, id=13428, stack(0x000000c8fb500000,0x000000c8fb600000)]
  0x0000029365af2fd0 JavaThread "jar transforms Thread 13" [_thread_blocked, id=22912, stack(0x000000c8fb600000,0x000000c8fb700000)]
  0x0000029365af7bc0 JavaThread "jar transforms Thread 14" [_thread_blocked, id=25560, stack(0x000000c8fb700000,0x000000c8fb800000)]
  0x0000029365af20a0 JavaThread "jar transforms Thread 15" [_thread_blocked, id=21304, stack(0x000000c8fb800000,0x000000c8fb900000)]
  0x0000029365af6780 JavaThread "jar transforms Thread 16" [_thread_blocked, id=9008, stack(0x000000c8fb900000,0x000000c8fba00000)]

Other Threads:
=>0x000002935e908410 VMThread "VM Thread" [stack: 0x000000c8f6100000,0x000000c8f6200000] [id=16208]
  0x000002935eef9410 WatcherThread [stack: 0x000000c8f6f00000,0x000000c8f7000000] [id=22780]
  0x00000293422aa1c0 GCTaskThread "GC Thread#0" [stack: 0x000000c8f5c00000,0x000000c8f5d00000] [id=17580]
  0x00000293643ac580 GCTaskThread "GC Thread#1" [stack: 0x000000c8f7300000,0x000000c8f7400000] [id=24324]
  0x000002935f4b6570 GCTaskThread "GC Thread#2" [stack: 0x000000c8f7400000,0x000000c8f7500000] [id=15884]
  0x000002935f4b6830 GCTaskThread "GC Thread#3" [stack: 0x000000c8f7500000,0x000000c8f7600000] [id=3516]
  0x000002935f4b6af0 GCTaskThread "GC Thread#4" [stack: 0x000000c8f7600000,0x000000c8f7700000] [id=8880]
  0x00000293648636f0 GCTaskThread "GC Thread#5" [stack: 0x000000c8f8200000,0x000000c8f8300000] [id=14416]
  0x0000029364862930 GCTaskThread "GC Thread#6" [stack: 0x000000c8f8300000,0x000000c8f8400000] [id=15904]
  0x0000029364863430 GCTaskThread "GC Thread#7" [stack: 0x000000c8f8400000,0x000000c8f8500000] [id=23648]
  0x0000029364863170 GCTaskThread "GC Thread#8" [stack: 0x000000c8f8500000,0x000000c8f8600000] [id=24320]
  0x00000293648623b0 GCTaskThread "GC Thread#9" [stack: 0x000000c8f8600000,0x000000c8f8700000] [id=18604]
  0x00000293648639b0 GCTaskThread "GC Thread#10" [stack: 0x000000c8f8700000,0x000000c8f8800000] [id=14168]
  0x0000029364862bf0 GCTaskThread "GC Thread#11" [stack: 0x000000c8f8800000,0x000000c8f8900000] [id=3168]
  0x00000293648620f0 GCTaskThread "GC Thread#12" [stack: 0x000000c8f8900000,0x000000c8f8a00000] [id=11780]
  0x00000293422bb010 ConcurrentGCThread "G1 Main Marker" [stack: 0x000000c8f5d00000,0x000000c8f5e00000] [id=3172]
  0x00000293422bb930 ConcurrentGCThread "G1 Conc#0" [stack: 0x000000c8f5e00000,0x000000c8f5f00000] [id=18952]
  0x0000029364863c70 ConcurrentGCThread "G1 Conc#1" [stack: 0x000000c8f8a00000,0x000000c8f8b00000] [id=25068]
  0x0000029364862670 ConcurrentGCThread "G1 Conc#2" [stack: 0x000000c8f8b00000,0x000000c8f8c00000] [id=13372]
  0x000002935e83a0b0 ConcurrentGCThread "G1 Refine#0" [stack: 0x000000c8f5f00000,0x000000c8f6000000] [id=22892]
  0x000002935e83c600 ConcurrentGCThread "G1 Service" [stack: 0x000000c8f6000000,0x000000c8f6100000] [id=25592]

Threads with active compile tasks:
C1 CompilerThread2    11620 7520   !   3       jdk.internal.loader.URLClassPath$FileLoader::getResource (164 bytes)

VM state: at safepoint (normal execution)

VM Mutex/Monitor currently owned by a thread:  ([mutex/lock_event])
[0x00000293422474d0] Threads_lock - owner thread: 0x000002935e908410
[0x00000293422463f0] Heap_lock - owner thread: 0x00000293422bb010

Heap address: 0x0000000080000000, size: 2048 MB, Compressed Oops mode: 32-bit

CDS archive(s) not mapped
Compressed class space mapped at: 0x0000000100000000-0x0000000140000000, reserved size: 1073741824
Narrow klass base: 0x0000000000000000, Narrow klass shift: 3, Narrow klass range: 0x140000000

GC Precious Log:
 CPUs: 16 total, 16 available
 Memory: 15791M
 Large Page Support: Disabled
 NUMA Support: Disabled
 Compressed Oops: Enabled (32-bit)
 Heap Region Size: 1M
 Heap Min Capacity: 8M
 Heap Initial Capacity: 248M
 Heap Max Capacity: 2G
 Pre-touch: Disabled
 Parallel Workers: 13
 Concurrent Workers: 3
 Concurrent Refinement Workers: 13
 Periodic GC: Disabled

Heap:
 garbage-first heap   total 103424K, used 64513K [0x0000000080000000, 0x0000000100000000)
  region size 1024K, 3 young (3072K), 1 survivors (1024K)
 Metaspace       used 64781K, committed 65280K, reserved 1114112K
  class space    used 8749K, committed 9024K, reserved 1048576K

Heap Regions: E=young(eden), S=young(survivor), O=old, HS=humongous(starts), HC=humongous(continues), CS=collection set, F=free, OA=open archive, CA=closed archive, TAMS=top-at-mark-start (previous, next)
|   0|0x0000000080000000, 0x0000000080100000, 0x0000000080100000|100%|HS|  |TAMS 0x0000000080100000, 0x0000000080000000| Complete 
|   1|0x0000000080100000, 0x0000000080200000, 0x0000000080200000|100%|HC|  |TAMS 0x0000000080200000, 0x0000000080100000| Complete 
|   2|0x0000000080200000, 0x0000000080300000, 0x0000000080300000|100%|HC|  |TAMS 0x0000000080300000, 0x0000000080200000| Complete 
|   3|0x0000000080300000, 0x0000000080400000, 0x0000000080400000|100%|HC|  |TAMS 0x0000000080400000, 0x0000000080300000| Complete 
|   4|0x0000000080400000, 0x0000000080500000, 0x0000000080500000|100%| O|  |TAMS 0x0000000080500000, 0x0000000080400000| Updating 
|   5|0x0000000080500000, 0x0000000080600000, 0x0000000080600000|100%| O|  |TAMS 0x0000000080600000, 0x0000000080500000| Updating 
|   6|0x0000000080600000, 0x0000000080700000, 0x0000000080700000|100%| O|  |TAMS 0x0000000080700000, 0x0000000080600000| Untracked 
|   7|0x0000000080700000, 0x0000000080800000, 0x0000000080800000|100%| O|  |TAMS 0x0000000080800000, 0x0000000080700000| Untracked 
|   8|0x0000000080800000, 0x0000000080900000, 0x0000000080900000|100%| O|  |TAMS 0x0000000080900000, 0x0000000080800000| Untracked 
|   9|0x0000000080900000, 0x0000000080a00000, 0x0000000080a00000|100%| O|  |TAMS 0x0000000080a00000, 0x0000000080900000| Untracked 
|  10|0x0000000080a00000, 0x0000000080aa2a00, 0x0000000080b00000| 63%| O|  |TAMS 0x0000000080aa2a00, 0x0000000080a00000| Updating 
|  11|0x0000000080b00000, 0x0000000080c00000, 0x0000000080c00000|100%| O|  |TAMS 0x0000000080c00000, 0x0000000080b00000| Untracked 
|  12|0x0000000080c00000, 0x0000000080d00000, 0x0000000080d00000|100%| O|  |TAMS 0x0000000080d00000, 0x0000000080c00000| Untracked 
|  13|0x0000000080d00000, 0x0000000080e00000, 0x0000000080e00000|100%| O|  |TAMS 0x0000000080e00000, 0x0000000080d00000| Untracked 
|  14|0x0000000080e00000, 0x0000000080f00000, 0x0000000080f00000|100%| O|  |TAMS 0x0000000080f00000, 0x0000000080e00000| Untracked 
|  15|0x0000000080f00000, 0x0000000081000000, 0x0000000081000000|100%| O|  |TAMS 0x0000000081000000, 0x0000000080f00000| Untracked 
|  16|0x0000000081000000, 0x0000000081100000, 0x0000000081100000|100%| O|  |TAMS 0x0000000081100000, 0x0000000081000000| Untracked 
|  17|0x0000000081100000, 0x0000000081200000, 0x0000000081200000|100%| O|  |TAMS 0x0000000081200000, 0x0000000081100000| Untracked 
|  18|0x0000000081200000, 0x0000000081300000, 0x0000000081300000|100%| O|  |TAMS 0x0000000081300000, 0x0000000081200000| Untracked 
|  19|0x0000000081300000, 0x0000000081400000, 0x0000000081400000|100%| O|  |TAMS 0x0000000081400000, 0x0000000081300000| Untracked 
|  20|0x0000000081400000, 0x0000000081500000, 0x0000000081500000|100%| O|  |TAMS 0x0000000081500000, 0x0000000081400000| Untracked 
|  21|0x0000000081500000, 0x0000000081600000, 0x0000000081600000|100%| O|  |TAMS 0x0000000081600000, 0x0000000081500000| Untracked 
|  22|0x0000000081600000, 0x0000000081700000, 0x0000000081700000|100%|HS|  |TAMS 0x0000000081600000, 0x0000000081600000| Complete 
|  23|0x0000000081700000, 0x0000000081800000, 0x0000000081800000|100%| O|  |TAMS 0x0000000081800000, 0x0000000081700000| Updating 
|  24|0x0000000081800000, 0x0000000081900000, 0x0000000081900000|100%| O|  |TAMS 0x0000000081900000, 0x0000000081800000| Untracked 
|  25|0x0000000081900000, 0x0000000081a00000, 0x0000000081a00000|100%| O|  |TAMS 0x0000000081a00000, 0x0000000081900000| Untracked 
|  26|0x0000000081a00000, 0x0000000081b00000, 0x0000000081b00000|100%| O|  |TAMS 0x0000000081b00000, 0x0000000081a00000| Untracked 
|  27|0x0000000081b00000, 0x0000000081c00000, 0x0000000081c00000|100%| O|  |TAMS 0x0000000081c00000, 0x0000000081b00000| Updating 
|  28|0x0000000081c00000, 0x0000000081d00000, 0x0000000081d00000|100%| O|  |TAMS 0x0000000081d00000, 0x0000000081c00000| Updating 
|  29|0x0000000081d00000, 0x0000000081e00000, 0x0000000081e00000|100%| O|  |TAMS 0x0000000081e00000, 0x0000000081d00000| Untracked 
|  30|0x0000000081e00000, 0x0000000081f00000, 0x0000000081f00000|100%| O|  |TAMS 0x0000000081f00000, 0x0000000081e00000| Untracked 
|  31|0x0000000081f00000, 0x0000000082000000, 0x0000000082000000|100%| O|  |TAMS 0x0000000082000000, 0x0000000081f00000| Untracked 
|  32|0x0000000082000000, 0x0000000082100000, 0x0000000082100000|100%| O|  |TAMS 0x0000000082100000, 0x0000000082000000| Updating 
|  33|0x0000000082100000, 0x0000000082200000, 0x0000000082200000|100%| O|  |TAMS 0x0000000082200000, 0x0000000082100000| Untracked 
|  34|0x0000000082200000, 0x0000000082300000, 0x0000000082300000|100%| O|  |TAMS 0x0000000082300000, 0x0000000082200000| Untracked 
|  35|0x0000000082300000, 0x0000000082400000, 0x0000000082400000|100%| O|  |TAMS 0x0000000082400000, 0x0000000082300000| Untracked 
|  36|0x0000000082400000, 0x0000000082500000, 0x0000000082500000|100%| O|  |TAMS 0x0000000082500000, 0x0000000082400000| Untracked 
|  37|0x0000000082500000, 0x0000000082600000, 0x0000000082600000|100%| O|  |TAMS 0x0000000082600000, 0x0000000082500000| Untracked 
|  38|0x0000000082600000, 0x0000000082700000, 0x0000000082700000|100%| O|  |TAMS 0x0000000082700000, 0x0000000082600000| Untracked 
|  39|0x0000000082700000, 0x0000000082800000, 0x0000000082800000|100%| O|  |TAMS 0x0000000082800000, 0x0000000082700000| Untracked 
|  40|0x0000000082800000, 0x0000000082900000, 0x0000000082900000|100%| O|  |TAMS 0x0000000082900000, 0x0000000082800000| Untracked 
|  41|0x0000000082900000, 0x0000000082a00000, 0x0000000082a00000|100%| O|  |TAMS 0x0000000082a00000, 0x0000000082900000| Updating 
|  42|0x0000000082a00000, 0x0000000082b00000, 0x0000000082b00000|100%|HS|  |TAMS 0x0000000082b00000, 0x0000000082a00000| Complete 
|  43|0x0000000082b00000, 0x0000000082c00000, 0x0000000082c00000|100%|HS|  |TAMS 0x0000000082c00000, 0x0000000082b00000| Complete 
|  44|0x0000000082c00000, 0x0000000082d00000, 0x0000000082d00000|100%|HS|  |TAMS 0x0000000082d00000, 0x0000000082c00000| Complete 
|  45|0x0000000082d00000, 0x0000000082e00000, 0x0000000082e00000|100%| O|  |TAMS 0x0000000082e00000, 0x0000000082d00000| Untracked 
|  46|0x0000000082e00000, 0x0000000082f00000, 0x0000000082f00000|100%| O|  |TAMS 0x0000000082f00000, 0x0000000082e00000| Updating 
|  47|0x0000000082f00000, 0x0000000083000000, 0x0000000083000000|100%|HS|  |TAMS 0x0000000083000000, 0x0000000082f00000| Complete 
|  48|0x0000000083000000, 0x0000000083100000, 0x0000000083100000|100%|HC|  |TAMS 0x0000000083100000, 0x0000000083000000| Complete 
|  49|0x0000000083100000, 0x0000000083200000, 0x0000000083200000|100%|HS|  |TAMS 0x0000000083200000, 0x0000000083100000| Complete 
|  50|0x0000000083200000, 0x0000000083300000, 0x0000000083300000|100%|HC|  |TAMS 0x0000000083300000, 0x0000000083200000| Complete 
|  51|0x0000000083300000, 0x0000000083400000, 0x0000000083400000|100%|HS|  |TAMS 0x0000000083400000, 0x0000000083300000| Complete 
|  52|0x0000000083400000, 0x0000000083500000, 0x0000000083500000|100%|HC|  |TAMS 0x0000000083500000, 0x0000000083400000| Complete 
|  53|0x0000000083500000, 0x0000000083600000, 0x0000000083600000|100%|HC|  |TAMS 0x0000000083600000, 0x0000000083500000| Complete 
|  54|0x0000000083600000, 0x0000000083700000, 0x0000000083700000|100%|HC|  |TAMS 0x0000000083700000, 0x0000000083600000| Complete 
|  55|0x0000000083700000, 0x0000000083800000, 0x0000000083800000|100%| O|  |TAMS 0x0000000083800000, 0x0000000083700000| Untracked 
|  56|0x0000000083800000, 0x0000000083900000, 0x0000000083900000|100%|HS|  |TAMS 0x0000000083900000, 0x0000000083800000| Complete 
|  57|0x0000000083900000, 0x0000000083a00000, 0x0000000083a00000|100%| O|  |TAMS 0x0000000083a00000, 0x0000000083900000| Untracked 
|  58|0x0000000083a00000, 0x0000000083b00000, 0x0000000083b00000|100%| O|  |TAMS 0x0000000083b00000, 0x0000000083a00000| Untracked 
|  59|0x0000000083b00000, 0x0000000083c00000, 0x0000000083c00000|100%| O|  |TAMS 0x0000000083c00000, 0x0000000083b00000| Untracked 
|  60|0x0000000083c00000, 0x0000000083d00000, 0x0000000083d00000|100%| O|  |TAMS 0x0000000083d00000, 0x0000000083c00000| Untracked 
|  61|0x0000000083d00000, 0x0000000083dcc400, 0x0000000083e00000| 79%| O|  |TAMS 0x0000000083dcc400, 0x0000000083d00000| Updating 
|  62|0x0000000083e00000, 0x0000000083e00000, 0x0000000083f00000|  0%| F|  |TAMS 0x0000000083e00000, 0x0000000083e00000| Untracked 
|  63|0x0000000083f00000, 0x0000000083f00000, 0x0000000084000000|  0%| F|  |TAMS 0x0000000083f00000, 0x0000000083f00000| Untracked 
|  64|0x0000000084000000, 0x0000000084000000, 0x0000000084100000|  0%| F|  |TAMS 0x0000000084000000, 0x0000000084000000| Untracked 
|  65|0x0000000084100000, 0x0000000084100000, 0x0000000084200000|  0%| F|  |TAMS 0x0000000084100000, 0x0000000084100000| Untracked 
|  66|0x0000000084200000, 0x0000000084200000, 0x0000000084300000|  0%| F|  |TAMS 0x0000000084200000, 0x0000000084200000| Untracked 
|  67|0x0000000084300000, 0x0000000084300000, 0x0000000084400000|  0%| F|  |TAMS 0x0000000084300000, 0x0000000084300000| Untracked 
|  68|0x0000000084400000, 0x0000000084400000, 0x0000000084500000|  0%| F|  |TAMS 0x0000000084400000, 0x0000000084400000| Untracked 
|  69|0x0000000084500000, 0x0000000084500000, 0x0000000084600000|  0%| F|  |TAMS 0x0000000084500000, 0x0000000084500000| Untracked 
|  70|0x0000000084600000, 0x0000000084600000, 0x0000000084700000|  0%| F|  |TAMS 0x0000000084600000, 0x0000000084600000| Untracked 
|  71|0x0000000084700000, 0x0000000084700000, 0x0000000084800000|  0%| F|  |TAMS 0x0000000084700000, 0x0000000084700000| Untracked 
|  72|0x0000000084800000, 0x0000000084800000, 0x0000000084900000|  0%| F|  |TAMS 0x0000000084800000, 0x0000000084800000| Untracked 
|  73|0x0000000084900000, 0x0000000084900000, 0x0000000084a00000|  0%| F|  |TAMS 0x0000000084900000, 0x0000000084900000| Untracked 
|  74|0x0000000084a00000, 0x0000000084a00000, 0x0000000084b00000|  0%| F|  |TAMS 0x0000000084a00000, 0x0000000084a00000| Untracked 
|  75|0x0000000084b00000, 0x0000000084b00000, 0x0000000084c00000|  0%| F|  |TAMS 0x0000000084b00000, 0x0000000084b00000| Untracked 
|  76|0x0000000084c00000, 0x0000000084c00000, 0x0000000084d00000|  0%| F|  |TAMS 0x0000000084c00000, 0x0000000084c00000| Untracked 
|  77|0x0000000084d00000, 0x0000000084d00000, 0x0000000084e00000|  0%| F|  |TAMS 0x0000000084d00000, 0x0000000084d00000| Untracked 
|  78|0x0000000084e00000, 0x0000000084e00000, 0x0000000084f00000|  0%| F|  |TAMS 0x0000000084e00000, 0x0000000084e00000| Untracked 
|  79|0x0000000084f00000, 0x0000000084f00000, 0x0000000085000000|  0%| F|  |TAMS 0x0000000084f00000, 0x0000000084f00000| Untracked 
|  80|0x0000000085000000, 0x0000000085000000, 0x0000000085100000|  0%| F|  |TAMS 0x0000000085000000, 0x0000000085000000| Untracked 
|  81|0x0000000085100000, 0x0000000085100000, 0x0000000085200000|  0%| F|  |TAMS 0x0000000085100000, 0x0000000085100000| Untracked 
|  82|0x0000000085200000, 0x0000000085200000, 0x0000000085300000|  0%| F|  |TAMS 0x0000000085200000, 0x0000000085200000| Untracked 
|  83|0x0000000085300000, 0x0000000085300000, 0x0000000085400000|  0%| F|  |TAMS 0x0000000085300000, 0x0000000085300000| Untracked 
|  84|0x0000000085400000, 0x0000000085400000, 0x0000000085500000|  0%| F|  |TAMS 0x0000000085400000, 0x0000000085400000| Untracked 
|  85|0x0000000085500000, 0x0000000085500000, 0x0000000085600000|  0%| F|  |TAMS 0x0000000085500000, 0x0000000085500000| Untracked 
|  86|0x0000000085600000, 0x0000000085600000, 0x0000000085700000|  0%| F|  |TAMS 0x0000000085600000, 0x0000000085600000| Untracked 
|  87|0x0000000085700000, 0x0000000085700000, 0x0000000085800000|  0%| F|  |TAMS 0x0000000085700000, 0x0000000085700000| Untracked 
|  88|0x0000000085800000, 0x0000000085800000, 0x0000000085900000|  0%| F|  |TAMS 0x0000000085800000, 0x0000000085800000| Untracked 
|  89|0x0000000085900000, 0x0000000085900000, 0x0000000085a00000|  0%| F|  |TAMS 0x0000000085900000, 0x0000000085900000| Untracked 
|  90|0x0000000085a00000, 0x0000000085a00000, 0x0000000085b00000|  0%| F|  |TAMS 0x0000000085a00000, 0x0000000085a00000| Untracked 
| 193|0x000000008c100000, 0x000000008c100000, 0x000000008c200000|  0%| F|  |TAMS 0x000000008c100000, 0x000000008c100000| Untracked 
| 194|0x000000008c200000, 0x000000008c200000, 0x000000008c300000|  0%| F|  |TAMS 0x000000008c200000, 0x000000008c200000| Untracked 
| 195|0x000000008c300000, 0x000000008c300000, 0x000000008c400000|  0%| F|  |TAMS 0x000000008c300000, 0x000000008c300000| Untracked 
| 196|0x000000008c400000, 0x000000008c400000, 0x000000008c500000|  0%| F|  |TAMS 0x000000008c400000, 0x000000008c400000| Untracked 
| 197|0x000000008c500000, 0x000000008c500000, 0x000000008c600000|  0%| F|  |TAMS 0x000000008c500000, 0x000000008c500000| Untracked 
| 198|0x000000008c600000, 0x000000008c600000, 0x000000008c700000|  0%| F|  |TAMS 0x000000008c600000, 0x000000008c600000| Untracked 
| 199|0x000000008c700000, 0x000000008c791738, 0x000000008c800000| 56%| S|CS|TAMS 0x000000008c700000, 0x000000008c700000| Complete 
| 200|0x000000008c800000, 0x000000008c800000, 0x000000008c900000|  0%| F|  |TAMS 0x000000008c800000, 0x000000008c800000| Untracked 
| 201|0x000000008c900000, 0x000000008c9d5830, 0x000000008ca00000| 83%| E|  |TAMS 0x000000008c900000, 0x000000008c900000| Complete 
| 247|0x000000008f700000, 0x000000008f800000, 0x000000008f800000|100%| E|CS|TAMS 0x000000008f700000, 0x000000008f700000| Complete 

Card table byte_map: [0x00000293572b0000,0x00000293576b0000] _byte_map_base: 0x0000029356eb0000

Marking Bits (Prev, Next): (CMBitMap*) 0x00000293422aa6e0, (CMBitMap*) 0x00000293422aa720
 Prev Bits: [0x0000029357ab0000, 0x0000029359ab0000)
 Next Bits: [0x0000029359ab0000, 0x000002935bab0000)

Polling page: 0x0000029342070000

Metaspace:

Usage:
  Non-class:     54.72 MB used.
      Class:      8.54 MB used.
       Both:     63.26 MB used.

Virtual space:
  Non-class space:       64.00 MB reserved,      54.94 MB ( 86%) committed,  1 nodes.
      Class space:        1.00 GB reserved,       8.81 MB ( <1%) committed,  1 nodes.
             Both:        1.06 GB reserved,      63.75 MB (  6%) committed. 

Chunk freelists:
   Non-Class:  8.64 MB
       Class:  7.22 MB
        Both:  15.86 MB

MaxMetaspaceSize: unlimited
CompressedClassSpaceSize: 1.00 GB
Initial GC threshold: 21.00 MB
Current GC threshold: 104.06 MB
CDS: off
MetaspaceReclaimPolicy: balanced
 - commit_granule_bytes: 65536.
 - commit_granule_words: 8192.
 - virtual_space_node_default_size: 8388608.
 - enlarge_chunks_in_place: 1.
 - new_chunks_are_fully_committed: 0.
 - uncommit_free_chunks: 1.
 - use_allocation_guard: 0.
 - handle_deallocations: 1.


Internal statistics:

num_allocs_failed_limit: 14.
num_arena_births: 660.
num_arena_deaths: 0.
num_vsnodes_births: 2.
num_vsnodes_deaths: 0.
num_space_committed: 1020.
num_space_uncommitted: 0.
num_chunks_returned_to_freelist: 14.
num_chunks_taken_from_freelist: 2654.
num_chunk_merges: 3.
num_chunk_splits: 1774.
num_chunks_enlarged: 1216.
num_inconsistent_stats: 0.

CodeHeap 'non-profiled nmethods': size=119168Kb used=3596Kb max_used=3596Kb free=115571Kb
 bounds [0x000002934eaa0000, 0x000002934ee30000, 0x0000029355f00000]
CodeHeap 'profiled nmethods': size=119104Kb used=12931Kb max_used=12931Kb free=106172Kb
 bounds [0x0000029346f00000, 0x0000029347bb0000, 0x000002934e350000]
CodeHeap 'non-nmethods': size=7488Kb used=3362Kb max_used=3406Kb free=4125Kb
 bounds [0x000002934e350000, 0x000002934e6b0000, 0x000002934eaa0000]
 total_blobs=7588 nmethods=6831 adapters=665
 compilation: enabled
              stopped_count=0, restarted_count=0
 full_count=0

Compilation events (20 events):
Event: 11.516 Thread 0x000002935f4b2030 nmethod 7507 0x0000029347b9d490 code [0x0000029347b9d680, 0x0000029347b9dc38]
Event: 11.516 Thread 0x000002935ec8c0f0 nmethod 7511 0x0000029347b9de90 code [0x0000029347b9e020, 0x0000029347b9e138]
Event: 11.516 Thread 0x000002935f4b1ae0 nmethod 7510 0x0000029347b9e210 code [0x0000029347b9e400, 0x0000029347b9ea08]
Event: 11.517 Thread 0x000002935f4b1ae0 7512   !   3       org.gradle.internal.classloader.FilteringClassLoader::loadClass (62 bytes)
Event: 11.518 Thread 0x000002935f4b1ae0 nmethod 7512 0x0000029347b9ec90 code [0x0000029347b9ef40, 0x0000029347b9fb68]
Event: 11.528 Thread 0x000002935f4b1ae0 7513       3       org.gradle.internal.classloader.TransformErrorHandler::getLastErrorAndClear (20 bytes)
Event: 11.528 Thread 0x000002935f4b1ae0 nmethod 7513 0x0000029347ba0010 code [0x0000029347ba01c0, 0x0000029347ba0538]
Event: 11.529 Thread 0x000002935f4b1ae0 7514       3       org.gradle.internal.classloader.TransformReplacer::ensureOpened (18 bytes)
Event: 11.529 Thread 0x000002935f4b1ae0 nmethod 7514 0x0000029347ba0690 code [0x0000029347ba0840, 0x0000029347ba0a48]
Event: 11.530 Thread 0x000002935f4b1ae0 7515       1       org.gradle.internal.classloader.JarCompat::getJarFile (5 bytes)
Event: 11.530 Thread 0x000002935f4b1ae0 nmethod 7515 0x000002934ee21510 code [0x000002934ee216a0, 0x000002934ee21778]
Event: 11.535 Thread 0x000002935ec83a20 7516   !   4       java.net.URL::set (114 bytes)
Event: 11.539 Thread 0x000002935ec83a20 nmethod 7516 0x000002934ee21810 code [0x000002934ee21980, 0x000002934ee22258]
Event: 11.557 Thread 0x000002935ec83a20 7517       4       com.google.common.base.Equivalence$Equals::doHash (5 bytes)
Event: 11.558 Thread 0x000002935ec83a20 nmethod 7517 0x000002934ee22390 code [0x000002934ee22520, 0x000002934ee22618]
Event: 11.559 Thread 0x000002935ec83a20 7518       4       org.gradle.internal.reflect.PropertyAccessorType::of (101 bytes)
Event: 11.564 Thread 0x000002935ec83a20 nmethod 7518 0x000002934ee22710 code [0x000002934ee228c0, 0x000002934ee22cb8]
Event: 11.598 Thread 0x000002935f4b1ae0 7519       3       com.google.common.collect.MapMakerInternalMap$StrongKeyWeakValueEntry$LinkedStrongKeyWeakValueEntry::getNext (5 bytes)
Event: 11.598 Thread 0x000002935f4b1ae0 nmethod 7519 0x0000029347ba0b10 code [0x0000029347ba0ca0, 0x0000029347ba0db8]
Event: 11.599 Thread 0x000002935f4b2030 7520   !   3       jdk.internal.loader.URLClassPath$FileLoader::getResource (164 bytes)

GC Heap History (20 events):
Event: 4.617 GC heap before
{Heap before GC invocations=12 (full 0):
 garbage-first heap   total 86016K, used 66559K [0x0000000080000000, 0x0000000100000000)
  region size 1024K, 38 young (38912K), 4 survivors (4096K)
 Metaspace       used 50414K, committed 50816K, reserved 1114112K
  class space    used 6812K, committed 7040K, reserved 1048576K
}
Event: 4.619 GC heap after
{Heap after GC invocations=13 (full 0):
 garbage-first heap   total 86016K, used 33381K [0x0000000080000000, 0x0000000100000000)
  region size 1024K, 4 young (4096K), 4 survivors (4096K)
 Metaspace       used 50414K, committed 50816K, reserved 1114112K
  class space    used 6812K, committed 7040K, reserved 1048576K
}
Event: 5.062 GC heap before
{Heap before GC invocations=13 (full 0):
 garbage-first heap   total 86016K, used 67173K [0x0000000080000000, 0x0000000100000000)
  region size 1024K, 37 young (37888K), 4 survivors (4096K)
 Metaspace       used 54457K, committed 55040K, reserved 1114112K
  class space    used 7461K, committed 7744K, reserved 1048576K
}
Event: 5.064 GC heap after
{Heap after GC invocations=14 (full 0):
 garbage-first heap   total 86016K, used 35351K [0x0000000080000000, 0x0000000100000000)
  region size 1024K, 4 young (4096K), 4 survivors (4096K)
 Metaspace       used 54457K, committed 55040K, reserved 1114112K
  class space    used 7461K, committed 7744K, reserved 1048576K
}
Event: 5.581 GC heap before
{Heap before GC invocations=14 (full 0):
 garbage-first heap   total 86016K, used 61975K [0x0000000080000000, 0x0000000100000000)
  region size 1024K, 31 young (31744K), 4 survivors (4096K)
 Metaspace       used 59691K, committed 60160K, reserved 1114112K
  class space    used 8123K, committed 8384K, reserved 1048576K
}
Event: 5.585 GC heap after
{Heap after GC invocations=15 (full 0):
 garbage-first heap   total 86016K, used 38026K [0x0000000080000000, 0x0000000100000000)
  region size 1024K, 5 young (5120K), 5 survivors (5120K)
 Metaspace       used 59691K, committed 60160K, reserved 1114112K
  class space    used 8123K, committed 8384K, reserved 1048576K
}
Event: 11.150 GC heap before
{Heap before GC invocations=16 (full 0):
 garbage-first heap   total 86016K, used 67722K [0x0000000080000000, 0x0000000100000000)
  region size 1024K, 35 young (35840K), 5 survivors (5120K)
 Metaspace       used 63037K, committed 63552K, reserved 1114112K
  class space    used 8519K, committed 8768K, reserved 1048576K
}
Event: 11.155 GC heap after
{Heap after GC invocations=17 (full 0):
 garbage-first heap   total 86016K, used 42653K [0x0000000080000000, 0x0000000100000000)
  region size 1024K, 5 young (5120K), 5 survivors (5120K)
 Metaspace       used 63037K, committed 63552K, reserved 1114112K
  class space    used 8519K, committed 8768K, reserved 1048576K
}
Event: 11.241 GC heap before
{Heap before GC invocations=18 (full 0):
 garbage-first heap   total 86016K, used 50845K [0x0000000080000000, 0x0000000100000000)
  region size 1024K, 15 young (15360K), 5 survivors (5120K)
 Metaspace       used 63379K, committed 63936K, reserved 1114112K
  class space    used 8555K, committed 8832K, reserved 1048576K
}
Event: 11.243 GC heap after
{Heap after GC invocations=19 (full 0):
 garbage-first heap   total 86016K, used 43433K [0x0000000080000000, 0x0000000100000000)
  region size 1024K, 1 young (1024K), 1 survivors (1024K)
 Metaspace       used 63379K, committed 63936K, reserved 1114112K
  class space    used 8555K, committed 8832K, reserved 1048576K
}
Event: 11.277 GC heap before
{Heap before GC invocations=20 (full 0):
 garbage-first heap   total 86016K, used 46505K [0x0000000080000000, 0x0000000100000000)
  region size 1024K, 3 young (3072K), 1 survivors (1024K)
 Metaspace       used 63386K, committed 63936K, reserved 1114112K
  class space    used 8556K, committed 8832K, reserved 1048576K
}
Event: 11.279 GC heap after
{Heap after GC invocations=21 (full 0):
 garbage-first heap   total 86016K, used 46322K [0x0000000080000000, 0x0000000100000000)
  region size 1024K, 2 young (2048K), 2 survivors (2048K)
 Metaspace       used 63386K, committed 63936K, reserved 1114112K
  class space    used 8556K, committed 8832K, reserved 1048576K
}
Event: 11.302 GC heap before
{Heap before GC invocations=22 (full 0):
 garbage-first heap   total 86016K, used 47346K [0x0000000080000000, 0x0000000100000000)
  region size 1024K, 4 young (4096K), 2 survivors (2048K)
 Metaspace       used 63386K, committed 63936K, reserved 1114112K
  class space    used 8556K, committed 8832K, reserved 1048576K
}
Event: 11.304 GC heap after
{Heap after GC invocations=23 (full 0):
 garbage-first heap   total 103424K, used 48192K [0x0000000080000000, 0x0000000100000000)
  region size 1024K, 1 young (1024K), 1 survivors (1024K)
 Metaspace       used 63386K, committed 63936K, reserved 1114112K
  class space    used 8556K, committed 8832K, reserved 1048576K
}
Event: 11.551 GC heap before
{Heap before GC invocations=24 (full 0):
 garbage-first heap   total 103424K, used 77888K [0x0000000080000000, 0x0000000100000000)
  region size 1024K, 21 young (21504K), 1 survivors (1024K)
 Metaspace       used 64500K, committed 64960K, reserved 1114112K
  class space    used 8713K, committed 8960K, reserved 1048576K
}
Event: 11.553 GC heap after
{Heap after GC invocations=25 (full 0):
 garbage-first heap   total 103424K, used 62514K [0x0000000080000000, 0x0000000100000000)
  region size 1024K, 3 young (3072K), 3 survivors (3072K)
 Metaspace       used 64500K, committed 64960K, reserved 1114112K
  class space    used 8713K, committed 8960K, reserved 1048576K
}
Event: 11.569 GC heap before
{Heap before GC invocations=25 (full 0):
 garbage-first heap   total 103424K, used 63538K [0x0000000080000000, 0x0000000100000000)
  region size 1024K, 5 young (5120K), 3 survivors (3072K)
 Metaspace       used 64583K, committed 65088K, reserved 1114112K
  class space    used 8722K, committed 8960K, reserved 1048576K
}
Event: 11.570 GC heap after
{Heap after GC invocations=26 (full 0):
 garbage-first heap   total 103424K, used 62482K [0x0000000080000000, 0x0000000100000000)
  region size 1024K, 1 young (1024K), 1 survivors (1024K)
 Metaspace       used 64583K, committed 65088K, reserved 1114112K
  class space    used 8722K, committed 8960K, reserved 1048576K
}
Event: 11.584 GC heap before
{Heap before GC invocations=26 (full 0):
 garbage-first heap   total 103424K, used 63506K [0x0000000080000000, 0x0000000100000000)
  region size 1024K, 3 young (3072K), 1 survivors (1024K)
 Metaspace       used 64688K, committed 65216K, reserved 1114112K
  class space    used 8730K, committed 9024K, reserved 1048576K
}
Event: 11.585 GC heap after
{Heap after GC invocations=27 (full 0):
 garbage-first heap   total 103424K, used 62465K [0x0000000080000000, 0x0000000100000000)
  region size 1024K, 1 young (1024K), 1 survivors (1024K)
 Metaspace       used 64688K, committed 65216K, reserved 1114112K
  class space    used 8730K, committed 9024K, reserved 1048576K
}

Dll operation events (3 events):
Event: 0.007 Loaded shared library O:\AndroidStudio\jbr\bin\java.dll
Event: 0.100 Loaded shared library O:\AndroidStudio\jbr\bin\zip.dll
Event: 0.325 Loaded shared library O:\AndroidStudio\jbr\bin\verify.dll

Deoptimization events (20 events):
Event: 11.504 Thread 0x00000293651468c0 Uncommon trap: trap_request=0xffffffde fr.pc=0x000002934eb2def0 relative=0x0000000000002750
Event: 11.504 Thread 0x00000293651468c0 Uncommon trap: reason=class_check action=maybe_recompile pc=0x000002934eb2def0 method=java.util.jar.JarFile.getManifestFromReference()Ljava/util/jar/Manifest; @ 152 c2
Event: 11.504 Thread 0x00000293651468c0 DEOPT PACKING pc=0x000002934eb2def0 sp=0x000000c8f7ef6cd0
Event: 11.504 Thread 0x00000293651468c0 DEOPT UNPACKING pc=0x000002934e3a69a3 sp=0x000000c8f7ef6c40 mode 2
Event: 11.506 Thread 0x00000293651468c0 Uncommon trap: trap_request=0xffffffc6 fr.pc=0x000002934ec68f94 relative=0x0000000000000994
Event: 11.506 Thread 0x00000293651468c0 Uncommon trap: reason=bimorphic_or_optimized_type_check action=maybe_recompile pc=0x000002934ec68f94 method=java.io.BufferedInputStream.read1([BII)I @ 39 c2
Event: 11.506 Thread 0x00000293651468c0 DEOPT PACKING pc=0x000002934ec68f94 sp=0x000000c8f7ef6c90
Event: 11.506 Thread 0x00000293651468c0 DEOPT UNPACKING pc=0x000002934e3a69a3 sp=0x000000c8f7ef6ba8 mode 2
Event: 11.506 Thread 0x00000293651468c0 Uncommon trap: trap_request=0xffffffc6 fr.pc=0x000002934ec68f94 relative=0x0000000000000994
Event: 11.506 Thread 0x00000293651468c0 Uncommon trap: reason=bimorphic_or_optimized_type_check action=maybe_recompile pc=0x000002934ec68f94 method=java.io.BufferedInputStream.read1([BII)I @ 39 c2
Event: 11.506 Thread 0x00000293651468c0 DEOPT PACKING pc=0x000002934ec68f94 sp=0x000000c8f7ef6c90
Event: 11.506 Thread 0x00000293651468c0 DEOPT UNPACKING pc=0x000002934e3a69a3 sp=0x000000c8f7ef6ba8 mode 2
Event: 11.506 Thread 0x00000293651468c0 Uncommon trap: trap_request=0xffffffc6 fr.pc=0x000002934ec68f94 relative=0x0000000000000994
Event: 11.506 Thread 0x00000293651468c0 Uncommon trap: reason=bimorphic_or_optimized_type_check action=maybe_recompile pc=0x000002934ec68f94 method=java.io.BufferedInputStream.read1([BII)I @ 39 c2
Event: 11.506 Thread 0x00000293651468c0 DEOPT PACKING pc=0x000002934ec68f94 sp=0x000000c8f7ef6c90
Event: 11.506 Thread 0x00000293651468c0 DEOPT UNPACKING pc=0x000002934e3a69a3 sp=0x000000c8f7ef6ba8 mode 2
Event: 11.559 Thread 0x00000293651468c0 Uncommon trap: trap_request=0xffffffde fr.pc=0x000002934eb2def0 relative=0x0000000000002750
Event: 11.559 Thread 0x00000293651468c0 Uncommon trap: reason=class_check action=maybe_recompile pc=0x000002934eb2def0 method=java.util.jar.JarFile.getManifestFromReference()Ljava/util/jar/Manifest; @ 152 c2
Event: 11.559 Thread 0x00000293651468c0 DEOPT PACKING pc=0x000002934eb2def0 sp=0x000000c8f7ef6590
Event: 11.559 Thread 0x00000293651468c0 DEOPT UNPACKING pc=0x000002934e3a69a3 sp=0x000000c8f7ef6500 mode 2

Classes unloaded (0 events):
No events

Classes redefined (0 events):
No events

Internal exceptions (20 events):
Event: 5.123 Thread 0x00000293651468c0 Exception <a 'java/lang/NoSuchMethodError'{0x000000008c6ef1a0}: 'java.lang.Object java.lang.invoke.DirectMethodHandle$Holder.invokeSpecial(java.lang.Object, java.lang.Object, java.lang.Object, java.lang.Object, java.lang.Object, long)'> (0x000000008c6ef1a0) 
thrown [s\src\hotspot\share\interpreter\linkResolver.cpp, line 771]
Event: 5.125 Thread 0x00000293651468c0 Exception <a 'java/lang/NoSuchMethodError'{0x000000008c5114b8}: 'void java.lang.invoke.DirectMethodHandle$Holder.invokeStatic(java.lang.Object, java.lang.Object, java.lang.Object, int, java.lang.Object)'> (0x000000008c5114b8) 
thrown [s\src\hotspot\share\interpreter\linkResolver.cpp, line 771]
Event: 5.136 Thread 0x00000293651468c0 Implicit null exception at 0x000002934eae0372 to 0x000002934eae0940
Event: 5.170 Thread 0x00000293651468c0 Exception <a 'sun/nio/fs/WindowsException'{0x000000008c2184d0}> (0x000000008c2184d0) 
thrown [s\src\hotspot\share\prims\jni.cpp, line 517]
Event: 6.233 Thread 0x00000293651468c0 Implicit null exception at 0x000002934eae9272 to 0x000002934eae9850
Event: 11.158 Thread 0x000002935e9459f0 Implicit null exception at 0x000002934ecc275d to 0x000002934ecc28c8
Event: 11.189 Thread 0x00000293651468c0 Exception <a 'java/lang/NoSuchMethodError'{0x000000008c6d2800}: 'long java.lang.invoke.DirectMethodHandle$Holder.invokeVirtual(java.lang.Object, java.lang.Object)'> (0x000000008c6d2800) 
thrown [s\src\hotspot\share\interpreter\linkResolver.cpp, line 771]
Event: 11.192 Thread 0x0000029364c2ffa0 Exception <a 'java/lang/NoSuchMethodError'{0x000000008c509090}: static Lorg/gradle/internal/build/event/types/DefaultOperationFinishedProgressEvent;.<clinit>()V> (0x000000008c509090) 
thrown [s\src\hotspot\share\prims\jni.cpp, line 1108]
Event: 11.194 Thread 0x0000029364c2ffa0 Exception <a 'java/lang/NoSuchMethodError'{0x000000008c59f3e8}: static Lorg/gradle/internal/build/event/types/DefaultProjectConfigurationSuccessResult;.<clinit>()V> (0x000000008c59f3e8) 
thrown [s\src\hotspot\share\prims\jni.cpp, line 1108]
Event: 11.194 Thread 0x0000029364c2ffa0 Exception <a 'java/lang/NoSuchMethodError'{0x000000008c5a0958}: static Lorg/gradle/internal/build/event/types/AbstractProjectConfigurationResult;.<clinit>()V> (0x000000008c5a0958) 
thrown [s\src\hotspot\share\prims\jni.cpp, line 1108]
Event: 11.194 Thread 0x0000029364c2ffa0 Exception <a 'java/lang/NoSuchMethodError'{0x000000008c5a20c8}: static Lorg/gradle/internal/build/event/types/AbstractOperationResult;.<clinit>()V> (0x000000008c5a20c8) 
thrown [s\src\hotspot\share\prims\jni.cpp, line 1108]
Event: 11.194 Thread 0x0000029364c2ffa0 Exception <a 'java/lang/NoSuchMethodError'{0x000000008c5a3540}: static Lorg/gradle/internal/build/event/types/AbstractResult;.<clinit>()V> (0x000000008c5a3540) 
thrown [s\src\hotspot\share\prims\jni.cpp, line 1108]
Event: 11.195 Thread 0x0000029364c2ffa0 Exception <a 'java/lang/NoSuchMethodError'{0x000000008c5bc518}: static Lorg/gradle/internal/build/event/types/DefaultPluginApplicationResult;.<clinit>()V> (0x000000008c5bc518) 
thrown [s\src\hotspot\share\prims\jni.cpp, line 1108]
Event: 11.195 Thread 0x0000029364c2ffa0 Exception <a 'java/lang/NoSuchMethodError'{0x000000008c5c8f08}: static Lorg/gradle/internal/build/event/types/DefaultBinaryPluginIdentifier;.<clinit>()V> (0x000000008c5c8f08) 
thrown [s\src\hotspot\share\prims\jni.cpp, line 1108]
Event: 11.197 Thread 0x0000029364c2ffa0 Exception <a 'java/lang/NoSuchMethodError'{0x000000008c5e2f98}: static Lorg/gradle/internal/build/event/types/DefaultScriptPluginIdentifier;.<clinit>()V> (0x000000008c5e2f98) 
thrown [s\src\hotspot\share\prims\jni.cpp, line 1108]
Event: 11.231 Thread 0x00000293651468c0 Implicit null exception at 0x000002934ed91e92 to 0x000002934ed926dc
Event: 11.332 Thread 0x00000293651468c0 Exception <a 'java/lang/NoSuchMethodError'{0x000000008c95d750}: 'void java.lang.invoke.Invokers$Holder.invoke_MT(java.lang.Object, java.lang.Object, java.lang.Object, java.lang.Object)'> (0x000000008c95d750) 
thrown [s\src\hotspot\share\interpreter\linkResolver.cpp, line 771]
Event: 11.427 Thread 0x00000293651468c0 Exception <a 'java/lang/ClassNotFoundException'{0x000000008c25fa60}: sun/misc/SharedSecrets> (0x000000008c25fa60) 
thrown [s\src\hotspot\share\classfile\systemDictionary.cpp, line 256]
Event: 11.427 Thread 0x00000293651468c0 Exception <a 'java/lang/ClassNotFoundException'{0x000000008c261038}: org/gradle/api/internal/plugins/DefaultObjectConfigurationActionBeanInfo> (0x000000008c261038) 
thrown [s\src\hotspot\share\classfile\systemDictionary.cpp, line 256]
Event: 11.428 Thread 0x00000293651468c0 Exception <a 'java/lang/ClassNotFoundException'{0x000000008c277798}: org/gradle/api/internal/plugins/DefaultObjectConfigurationActionCustomizer> (0x000000008c277798) 
thrown [s\src\hotspot\share\classfile\systemDictionary.cpp, line 256]

VM Operations (20 events):
Event: 11.279 Executing VM operation: G1TryInitiateConcMark done
Event: 11.293 Executing VM operation: G1PauseRemark
Event: 11.295 Executing VM operation: G1PauseRemark done
Event: 11.301 Executing VM operation: G1PauseCleanup
Event: 11.301 Executing VM operation: G1PauseCleanup done
Event: 11.302 Executing VM operation: G1TryInitiateConcMark
Event: 11.304 Executing VM operation: G1TryInitiateConcMark done
Event: 11.318 Executing VM operation: G1PauseRemark
Event: 11.320 Executing VM operation: G1PauseRemark done
Event: 11.325 Executing VM operation: G1PauseCleanup
Event: 11.326 Executing VM operation: G1PauseCleanup done
Event: 11.359 Executing VM operation: HandshakeAllThreads
Event: 11.359 Executing VM operation: HandshakeAllThreads done
Event: 11.551 Executing VM operation: G1CollectForAllocation
Event: 11.553 Executing VM operation: G1CollectForAllocation done
Event: 11.569 Executing VM operation: G1CollectForAllocation
Event: 11.570 Executing VM operation: G1CollectForAllocation done
Event: 11.584 Executing VM operation: G1TryInitiateConcMark
Event: 11.585 Executing VM operation: G1TryInitiateConcMark done
Event: 11.600 Executing VM operation: G1PauseRemark

Events (20 events):
Event: 11.143 Thread 0x0000029365af20a0 Thread added: 0x0000029365af20a0
Event: 11.143 Thread 0x0000029365af6780 Thread added: 0x0000029365af6780
Event: 11.157 loading class sun/security/ssl/Alert
Event: 11.157 loading class sun/security/ssl/Alert done
Event: 11.157 loading class sun/security/ssl/Alert$AlertConsumer
Event: 11.157 loading class sun/security/ssl/Alert$AlertConsumer done
Event: 11.157 loading class sun/security/ssl/Alert$Level
Event: 11.157 loading class sun/security/ssl/Alert$Level done
Event: 11.190 loading class java/util/stream/SortedOps$RefSortingSink
Event: 11.191 loading class java/util/stream/SortedOps$RefSortingSink done
Event: 11.196 loading class java/time/Ser
Event: 11.196 loading class java/time/Ser done
Event: 11.327 Thread 0x0000029366545260 Thread exited: 0x0000029366545260
Event: 11.328 Thread 0x00000293665447c0 Thread exited: 0x00000293665447c0
Event: 11.354 loading class java/util/concurrent/LinkedBlockingDeque$Itr
Event: 11.354 loading class java/util/concurrent/LinkedBlockingDeque$AbstractItr
Event: 11.355 loading class java/util/concurrent/LinkedBlockingDeque$AbstractItr done
Event: 11.355 loading class java/util/concurrent/LinkedBlockingDeque$Itr done
Event: 11.427 loading class sun/misc/SharedSecrets
Event: 11.427 loading class sun/misc/SharedSecrets done


Dynamic libraries:
0x00007ff724810000 - 0x00007ff72481a000 	O:\AndroidStudio\jbr\bin\java.exe
0x00007ffcf3830000 - 0x00007ffcf3a46000 	C:\WINDOWS\SYSTEM32\ntdll.dll
0x00007ffcf1c60000 - 0x00007ffcf1d24000 	C:\WINDOWS\System32\KERNEL32.DLL
0x00007ffcf11d0000 - 0x00007ffcf1576000 	C:\WINDOWS\System32\KERNELBASE.dll
0x00007ffcf1080000 - 0x00007ffcf1191000 	C:\WINDOWS\System32\ucrtbase.dll
0x00007ffcd5560000 - 0x00007ffcd5577000 	O:\AndroidStudio\jbr\bin\jli.dll
0x00007ffce2380000 - 0x00007ffce239b000 	O:\AndroidStudio\jbr\bin\VCRUNTIME140.dll
0x00007ffcf2ca0000 - 0x00007ffcf2e4d000 	C:\WINDOWS\System32\USER32.dll
0x00007ffcf11a0000 - 0x00007ffcf11c6000 	C:\WINDOWS\System32\win32u.dll
0x00007ffcdc840000 - 0x00007ffcdcad3000 	C:\WINDOWS\WinSxS\amd64_microsoft.windows.common-controls_6595b64144ccf1df_6.0.22621.3235_none_270f74e173860f98\COMCTL32.dll
0x00007ffcf27e0000 - 0x00007ffcf2809000 	C:\WINDOWS\System32\GDI32.dll
0x00007ffcf1a40000 - 0x00007ffcf1ae7000 	C:\WINDOWS\System32\msvcrt.dll
0x00007ffcf0db0000 - 0x00007ffcf0ec8000 	C:\WINDOWS\System32\gdi32full.dll
0x00007ffcf0b70000 - 0x00007ffcf0c0a000 	C:\WINDOWS\System32\msvcp_win.dll
0x00007ffcf2270000 - 0x00007ffcf22a1000 	C:\WINDOWS\System32\IMM32.DLL
0x00007ffce9620000 - 0x00007ffce962c000 	O:\AndroidStudio\jbr\bin\vcruntime140_1.dll
0x00007ffcd5620000 - 0x00007ffcd56ad000 	O:\AndroidStudio\jbr\bin\msvcp140.dll
0x00007ffc6d5c0000 - 0x00007ffc6e243000 	O:\AndroidStudio\jbr\bin\server\jvm.dll
0x00007ffcf1f20000 - 0x00007ffcf1fd2000 	C:\WINDOWS\System32\ADVAPI32.dll
0x00007ffcf1d30000 - 0x00007ffcf1dd8000 	C:\WINDOWS\System32\sechost.dll
0x00007ffcf0d80000 - 0x00007ffcf0da8000 	C:\WINDOWS\System32\bcrypt.dll
0x00007ffcf17c0000 - 0x00007ffcf18d5000 	C:\WINDOWS\System32\RPCRT4.dll
0x00007ffce2300000 - 0x00007ffce2309000 	C:\WINDOWS\SYSTEM32\WSOCK32.dll
0x00007ffce4130000 - 0x00007ffce4164000 	C:\WINDOWS\SYSTEM32\WINMM.dll
0x00007ffcf0290000 - 0x00007ffcf02dd000 	C:\WINDOWS\SYSTEM32\POWRPROF.dll
0x00007ffce9e70000 - 0x00007ffce9e7a000 	C:\WINDOWS\SYSTEM32\VERSION.dll
0x00007ffcf2030000 - 0x00007ffcf20a1000 	C:\WINDOWS\System32\WS2_32.dll
0x00007ffcf00e0000 - 0x00007ffcf00f3000 	C:\WINDOWS\SYSTEM32\UMPDC.dll
0x00007ffcefb90000 - 0x00007ffcefba8000 	C:\WINDOWS\SYSTEM32\kernel.appcore.dll
0x00007ffce22f0000 - 0x00007ffce22fa000 	O:\AndroidStudio\jbr\bin\jimage.dll
0x00007ffcee2d0000 - 0x00007ffcee503000 	C:\WINDOWS\SYSTEM32\DBGHELP.DLL
0x00007ffcf22b0000 - 0x00007ffcf2638000 	C:\WINDOWS\System32\combase.dll
0x00007ffcf1580000 - 0x00007ffcf1657000 	C:\WINDOWS\System32\OLEAUT32.dll
0x00007ffce7df0000 - 0x00007ffce7e22000 	C:\WINDOWS\SYSTEM32\dbgcore.DLL
0x00007ffcf0f40000 - 0x00007ffcf0fba000 	C:\WINDOWS\System32\bcryptPrimitives.dll
0x00007ffcd56c0000 - 0x00007ffcd56ce000 	O:\AndroidStudio\jbr\bin\instrument.dll
0x00007ffcdbee0000 - 0x00007ffcdbf05000 	O:\AndroidStudio\jbr\bin\java.dll
0x00007ffce1290000 - 0x00007ffce12a8000 	O:\AndroidStudio\jbr\bin\zip.dll
0x00007ffcf2f00000 - 0x00007ffcf375d000 	C:\WINDOWS\System32\SHELL32.dll
0x00007ffceea40000 - 0x00007ffcef338000 	C:\WINDOWS\SYSTEM32\windows.storage.dll
0x00007ffcee900000 - 0x00007ffceea3e000 	C:\WINDOWS\SYSTEM32\wintypes.dll
0x00007ffcf1af0000 - 0x00007ffcf1be3000 	C:\WINDOWS\System32\SHCORE.dll
0x00007ffcf16f0000 - 0x00007ffcf174e000 	C:\WINDOWS\System32\shlwapi.dll
0x00007ffcf0aa0000 - 0x00007ffcf0ac6000 	C:\WINDOWS\SYSTEM32\profapi.dll
0x00007ffcdbec0000 - 0x00007ffcdbed9000 	O:\AndroidStudio\jbr\bin\net.dll
0x00007ffceab20000 - 0x00007ffceac57000 	C:\WINDOWS\SYSTEM32\WINHTTP.dll
0x00007ffcf0010000 - 0x00007ffcf0079000 	C:\WINDOWS\system32\mswsock.dll
0x00007ffcd5880000 - 0x00007ffcd5896000 	O:\AndroidStudio\jbr\bin\nio.dll
0x00007ffcdbe90000 - 0x00007ffcdbea0000 	O:\AndroidStudio\jbr\bin\verify.dll
0x00007ffcc4da0000 - 0x00007ffcc4dc7000 	C:\Users\User\.gradle\native\c067742578af261105cb4f569cf0c3c89f3d7b1fecec35dd04571415982c5e48\windows-amd64\native-platform.dll
0x00007ffcada30000 - 0x00007ffcadb74000 	C:\Users\User\.gradle\native\38dada09dfb8b06ba9b0570ebf7e218e3eb74d4ef43ca46872605cf95ebc2f47\windows-amd64\native-platform-file-events.dll
0x00007ffce22e0000 - 0x00007ffce22e9000 	O:\AndroidStudio\jbr\bin\management.dll
0x00007ffce0d90000 - 0x00007ffce0d9b000 	O:\AndroidStudio\jbr\bin\management_ext.dll
0x00007ffcf2810000 - 0x00007ffcf2818000 	C:\WINDOWS\System32\PSAPI.DLL
0x00007ffcf02e0000 - 0x00007ffcf02fb000 	C:\WINDOWS\SYSTEM32\CRYPTSP.dll
0x00007ffcefaf0000 - 0x00007ffcefb25000 	C:\WINDOWS\system32\rsaenh.dll
0x00007ffcf0130000 - 0x00007ffcf015c000 	C:\WINDOWS\SYSTEM32\USERENV.dll
0x00007ffcf0300000 - 0x00007ffcf030c000 	C:\WINDOWS\SYSTEM32\CRYPTBASE.dll
0x00007ffcef5a0000 - 0x00007ffcef5cd000 	C:\WINDOWS\SYSTEM32\IPHLPAPI.DLL
0x00007ffcf1bf0000 - 0x00007ffcf1bf9000 	C:\WINDOWS\System32\NSI.dll
0x00007ffcea8c0000 - 0x00007ffcea8d9000 	C:\WINDOWS\SYSTEM32\dhcpcsvc6.DLL
0x00007ffcea8a0000 - 0x00007ffcea8bf000 	C:\WINDOWS\SYSTEM32\dhcpcsvc.DLL
0x00007ffcef610000 - 0x00007ffcef709000 	C:\WINDOWS\SYSTEM32\DNSAPI.dll
0x00007ffce8fe0000 - 0x00007ffce8fe8000 	C:\WINDOWS\system32\wshunix.dll
0x00007ffce9ca0000 - 0x00007ffce9caa000 	C:\Windows\System32\rasadhlp.dll
0x00007ffce9d00000 - 0x00007ffce9d83000 	C:\WINDOWS\System32\fwpuclnt.dll

dbghelp: loaded successfully - version: 4.0.5 - missing functions: none
symbol engine: initialized successfully - sym options: 0x614 - pdb path: .;O:\AndroidStudio\jbr\bin;C:\WINDOWS\SYSTEM32;C:\WINDOWS\WinSxS\amd64_microsoft.windows.common-controls_6595b64144ccf1df_6.0.22621.3235_none_270f74e173860f98;O:\AndroidStudio\jbr\bin\server;C:\Users\User\.gradle\native\c067742578af261105cb4f569cf0c3c89f3d7b1fecec35dd04571415982c5e48\windows-amd64;C:\Users\User\.gradle\native\38dada09dfb8b06ba9b0570ebf7e218e3eb74d4ef43ca46872605cf95ebc2f47\windows-amd64

VM Arguments:
jvm_args: --add-opens=java.base/java.util=ALL-UNNAMED --add-opens=java.base/java.lang=ALL-UNNAMED --add-opens=java.base/java.lang.invoke=ALL-UNNAMED --add-opens=java.prefs/java.util.prefs=ALL-UNNAMED --add-opens=java.base/java.nio.charset=ALL-UNNAMED --add-opens=java.base/java.net=ALL-UNNAMED --add-opens=java.base/java.util.concurrent.atomic=ALL-UNNAMED -Xmx2048m -Dfile.encoding=UTF-8 -Duser.country=US -Duser.language=en -Duser.variant -javaagent:C:\Users\User\.gradle\wrapper\dists\gradle-8.4-bin\1w5dpkrfk8irigvoxmyhowfim\gradle-8.4\lib\agents\gradle-instrumentation-agent-8.4.jar 
java_command: org.gradle.launcher.daemon.bootstrap.GradleDaemon 8.4
java_class_path (initial): C:\Users\User\.gradle\wrapper\dists\gradle-8.4-bin\1w5dpkrfk8irigvoxmyhowfim\gradle-8.4\lib\gradle-launcher-8.4.jar
Launcher Type: SUN_STANDARD

[Global flags]
     intx CICompilerCount                          = 12                                        {product} {ergonomic}
     uint ConcGCThreads                            = 3                                         {product} {ergonomic}
     uint G1ConcRefinementThreads                  = 13                                        {product} {ergonomic}
   size_t G1HeapRegionSize                         = 1048576                                   {product} {ergonomic}
    uintx GCDrainStackTargetSize                   = 64                                        {product} {ergonomic}
   size_t InitialHeapSize                          = 260046848                                 {product} {ergonomic}
   size_t MarkStackSize                            = 4194304                                   {product} {ergonomic}
   size_t MaxHeapSize                              = 2147483648                                {product} {command line}
   size_t MaxNewSize                               = 1287651328                                {product} {ergonomic}
   size_t MinHeapDeltaBytes                        = 1048576                                   {product} {ergonomic}
   size_t MinHeapSize                              = 8388608                                   {product} {ergonomic}
    uintx NonNMethodCodeHeapSize                   = 7602480                                {pd product} {ergonomic}
    uintx NonProfiledCodeHeapSize                  = 122027880                              {pd product} {ergonomic}
    uintx ProfiledCodeHeapSize                     = 122027880                              {pd product} {ergonomic}
    uintx ReservedCodeCacheSize                    = 251658240                              {pd product} {ergonomic}
     bool SegmentedCodeCache                       = true                                      {product} {ergonomic}
   size_t SoftMaxHeapSize                          = 2147483648                             {manageable} {ergonomic}
     bool UseCompressedClassPointers               = true                           {product lp64_product} {ergonomic}
     bool UseCompressedOops                        = true                           {product lp64_product} {ergonomic}
     bool UseG1GC                                  = true                                      {product} {ergonomic}
     bool UseLargePagesIndividualAllocation        = false                                  {pd product} {ergonomic}

Logging:
Log output configuration:
 #0: stdout all=warning uptime,level,tags
 #1: stderr all=off uptime,level,tags

Environment Variables:
PATH=C:\Windows\system32;C:\Windows;C:\Windows\System32\Wbem;C:\Windows\System32\WindowsPowerShell\v1.0\;C:\Windows\System32\OpenSSH\;C:\Program Files (x86)\NVIDIA Corporation\PhysX\Common;C:\Program Files\dotnet\;C:\Program Files\NVIDIA Corporation\NVIDIA NvDLISR;C:\WINDOWS\system32;C:\WINDOWS;C:\WINDOWS\System32\Wbem;C:\WINDOWS\System32\WindowsPowerShell\v1.0\;C:\WINDOWS\System32\OpenSSH\;O:\Git\cmd;C:\Users\User\AppData\Local\Microsoft\WindowsApps;C:\Users\User\.dotnet\tools;C:\Users\User\AppData\Local\GitHubDesktop\bin;O:\Microsoft VS Code\bin
USERNAME=User
OS=Windows_NT
PROCESSOR_IDENTIFIER=AMD64 Family 23 Model 96 Stepping 1, AuthenticAMD
TMP=C:\Users\User\AppData\Local\Temp
TEMP=C:\Users\User\AppData\Local\Temp



Periodic native trim disabled

JNI global refs:
JNI global refs: 36, weak refs: 0

JNI global refs memory usage: 843, weak refs: 841

OOME stack traces (most recent first):
Classloader memory used:
Loader org.gradle.internal.classloader.VisitableURLClassLoader                         : 3455K
Loader bootstrap                                                                       : 3100K
Loader org.gradle.initialization.MixInLegacyTypesClassLoader                           : 1234K
Loader org.gradle.internal.classloader.VisitableURLClassLoader$InstrumentingVisitableURLClassLoader: 144K
Loader jdk.internal.loader.ClassLoaders$PlatformClassLoader                            : 102331B
Loader jdk.internal.loader.ClassLoaders$AppClassLoader                                 : 28453B
Loader jdk.internal.reflect.DelegatingClassLoader                                      : 25148B
Loader org.gradle.internal.classloader.VisitableURLClassLoader                         : 10026B

Classes loaded by more than one classloader:
Class Program                                                                         : loaded 4 times (x 72B)
Class com.google.common.collect.SingletonImmutableList                                : loaded 2 times (x 167B)
Class org.gradle.internal.classpath.ClassPath                                         : loaded 2 times (x 68B)
Class org.gradle.api.internal.classpath.DefaultModuleRegistry                         : loaded 2 times (x 84B)
Class Settings_gradle$1$1                                                             : loaded 2 times (x 72B)
Class com.google.common.base.CharMatcher$JavaDigit                                    : loaded 2 times (x 109B)
Class com.google.common.base.CharMatcher$Digit                                        : loaded 2 times (x 110B)
Class org.gradle.api.Action                                                           : loaded 2 times (x 68B)
Class com.google.common.collect.Lists$StringAsImmutableList                           : loaded 2 times (x 167B)
Class com.google.common.base.CharMatcher                                              : loaded 2 times (x 109B)
Class com.google.common.base.CharMatcher$IsNot                                        : loaded 2 times (x 109B)
Class com.google.common.base.Splitter                                                 : loaded 2 times (x 70B)
Class org.gradle.api.internal.DefaultClassPathProvider                                : loaded 2 times (x 74B)
Class org.gradle.internal.installation.GradleInstallation$1                           : loaded 2 times (x 73B)
Class com.google.common.base.CharMatcher$BitSetMatcher                                : loaded 2 times (x 110B)
Class com.google.common.base.Predicate                                                : loaded 2 times (x 68B)
Class org.gradle.internal.classloader.FilteringClassLoader                            : loaded 2 times (x 103B)
Class org.gradle.internal.classpath.DefaultClassPath$ImmutableUniqueList$Builder      : loaded 2 times (x 73B)
Class com.google.common.base.CharMatcher$InRange                                      : loaded 2 times (x 109B)
Class com.google.common.collect.Lists                                                 : loaded 2 times (x 69B)
Class org.gradle.internal.classloader.ClassLoaderVisitor                              : loaded 2 times (x 74B)
Class org.gradle.internal.service.DefaultServiceLocator                               : loaded 2 times (x 81B)
Class org.gradle.internal.service.UnknownServiceException                             : loaded 2 times (x 81B)
Class org.gradle.internal.classloader.DefaultClassLoaderFactory                       : loaded 2 times (x 80B)
Class com.google.common.collect.UnmodifiableIterator                                  : loaded 2 times (x 78B)
Class com.google.common.base.CharMatcher$SingleWidth                                  : loaded 2 times (x 110B)
Class com.google.common.base.JdkPattern                                               : loaded 2 times (x 73B)
Class org.gradle.internal.classloader.VisitableURLClassLoader$Spec                    : loaded 2 times (x 72B)
Class org.gradle.api.GradleException                                                  : loaded 2 times (x 80B)
Class com.google.common.base.CharMatcher$JavaLetterOrDigit                            : loaded 2 times (x 109B)
Class org.gradle.api.internal.classpath.ModuleRegistry                                : loaded 2 times (x 68B)
Class com.google.common.collect.ImmutableCollection                                   : loaded 2 times (x 123B)
Class org.gradle.api.internal.ClassPathProvider                                       : loaded 2 times (x 68B)
Class org.gradle.internal.classloader.ClasspathUtil$1                                 : loaded 2 times (x 74B)
Class com.google.common.collect.ImmutableList$ReverseImmutableList                    : loaded 2 times (x 168B)
Class org.gradle.internal.classloader.ClassLoaderFactory                              : loaded 2 times (x 68B)
Class com.google.common.collect.ObjectArrays                                          : loaded 2 times (x 69B)
Class com.google.common.collect.ImmutableList                                         : loaded 2 times (x 166B)
Class org.gradle.api.internal.classpath.ManifestUtil                                  : loaded 2 times (x 69B)
Class org.gradle.api.specs.Spec                                                       : loaded 2 times (x 68B)
Class com.google.common.base.CharMatcher$Whitespace                                   : loaded 2 times (x 110B)
Class com.google.common.base.Preconditions                                            : loaded 2 times (x 69B)
Class org.gradle.internal.IoActions                                                   : loaded 2 times (x 69B)
Class com.google.common.collect.CollectPreconditions                                  : loaded 2 times (x 69B)
Class com.google.common.collect.AbstractIndexedListIterator                           : loaded 2 times (x 94B)
Class com.google.common.base.CharMatcher$None                                         : loaded 2 times (x 110B)
Class org.gradle.api.internal.classpath.EffectiveClassPath                            : loaded 2 times (x 88B)
Class com.google.common.collect.UnmodifiableListIterator                              : loaded 2 times (x 93B)
Class com.google.common.collect.ImmutableList$1                                       : loaded 2 times (x 95B)
Class com.google.common.base.Splitter$Strategy                                        : loaded 2 times (x 68B)
Class org.gradle.internal.installation.CurrentGradleInstallation                      : loaded 2 times (x 71B)
Class org.gradle.internal.agents.InstrumentingClassLoader                             : loaded 2 times (x 68B)
Class org.gradle.internal.installation.CurrentGradleInstallationLocator               : loaded 2 times (x 69B)
Class org.gradle.api.internal.classpath.Module                                        : loaded 2 times (x 68B)
Class com.google.common.base.Splitter$1$1                                             : loaded 2 times (x 84B)
Class org.gradle.internal.service.CachingServiceLocator                               : loaded 2 times (x 80B)
Class org.gradle.internal.classpath.DefaultClassPath                                  : loaded 2 times (x 88B)
Class com.google.common.base.Splitter$SplittingIterator                               : loaded 2 times (x 82B)
Class Build_gradle$1                                                                  : loaded 2 times (x 76B)
Class com.google.common.base.CharMatcher$Is                                           : loaded 2 times (x 109B)
Class com.google.common.collect.RegularImmutableAsList                                : loaded 2 times (x 176B)
Class org.gradle.internal.classloader.SystemClassLoaderSpec                           : loaded 2 times (x 69B)
Class [Lcom.google.common.base.AbstractIterator$State;                                : loaded 2 times (x 67B)
Class com.google.common.base.AbstractIterator                                         : loaded 2 times (x 78B)
Class com.google.common.base.AbstractIterator$1                                       : loaded 2 times (x 69B)
Class com.google.common.base.CharMatcher$1                                            : loaded 2 times (x 111B)
Class com.google.common.base.CharMatcher$Ascii                                        : loaded 2 times (x 110B)
Class org.gradle.api.UncheckedIOException                                             : loaded 2 times (x 80B)
Class com.google.common.base.CharMatcher$And                                          : loaded 2 times (x 110B)
Class com.google.common.base.CharMatcher$Any                                          : loaded 2 times (x 110B)
Class org.gradle.internal.installation.GradleInstallation                             : loaded 2 times (x 73B)
Class com.google.common.base.CharMatcher$RangesMatcher                                : loaded 2 times (x 110B)
Class com.google.common.collect.ImmutableList$SubList                                 : loaded 2 times (x 168B)
Class org.gradle.internal.classloader.ClasspathUtil                                   : loaded 2 times (x 69B)
Class com.google.common.base.Splitter$1                                               : loaded 2 times (x 75B)
Class org.gradle.api.internal.DefaultClassPathRegistry                                : loaded 2 times (x 74B)
Class org.gradle.api.internal.classpath.DefaultModuleRegistry$DefaultModule           : loaded 2 times (x 84B)
Class com.google.common.base.CharMatcher$JavaIsoControl                               : loaded 2 times (x 110B)
Class com.google.common.base.CharMatcher$Or                                           : loaded 2 times (x 110B)
Class org.gradle.kotlin.dsl.VersionCatalogAccessorsKt                                 : loaded 2 times (x 69B)
Class com.google.common.base.CharMatcher$JavaLowerCase                                : loaded 2 times (x 109B)
Class org.gradle.api.internal.classpath.UnknownModuleException                        : loaded 2 times (x 80B)
Class com.google.common.base.CommonPattern                                            : loaded 2 times (x 72B)
Class org.gradle.internal.service.ServiceLookupException                              : loaded 2 times (x 80B)
Class org.gradle.cache.GlobalCache                                                    : loaded 2 times (x 68B)
Class com.google.common.base.CharMatcher$NegatedFastMatcher                           : loaded 2 times (x 111B)
Class [Lorg.gradle.api.internal.ClassPathProvider;                                    : loaded 2 times (x 67B)
Class org.gradle.util.internal.GUtil                                                  : loaded 2 times (x 69B)
Class org.gradle.internal.classloader.ClassLoaderSpec                                 : loaded 2 times (x 69B)
Class com.google.common.base.NullnessCasts                                            : loaded 2 times (x 69B)
Class com.google.common.base.CharMatcher$Negated                                      : loaded 2 times (x 111B)
Class com.google.common.base.CharMatcher$ForPredicate                                 : loaded 2 times (x 110B)
Class org.gradle.internal.classloader.VisitableURLClassLoader                         : loaded 2 times (x 115B)
Class org.gradle.internal.Cast                                                        : loaded 2 times (x 69B)
Class Build_gradle                                                                    : loaded 2 times (x 70B)
Class org.gradle.api.internal.ClassPathRegistry                                       : loaded 2 times (x 68B)
Class org.gradle.internal.classloader.VisitableURLClassLoader$InstrumentingVisitableURLClassLoader: loaded 2 times (x 121B)
Class org.gradle.internal.classloader.ClassLoaderHierarchy                            : loaded 2 times (x 68B)
Class com.google.common.base.AbstractIterator$State                                   : loaded 2 times (x 77B)
Class com.google.common.base.CharMatcher$NamedFastMatcher                             : loaded 2 times (x 110B)
Class org.gradle.internal.InternalTransformer                                         : loaded 2 times (x 68B)
Class org.gradle.internal.service.ServiceLocator                                      : loaded 2 times (x 68B)
Class Settings_gradle$1                                                               : loaded 2 times (x 72B)
Class com.google.common.base.CharMatcher$Invisible                                    : loaded 2 times (x 110B)
Class com.google.common.base.CharMatcher$FastMatcher                                  : loaded 2 times (x 109B)
Class org.gradle.internal.classpath.DefaultClassPath$ImmutableUniqueList              : loaded 2 times (x 159B)
Class com.google.common.base.CharMatcher$JavaLetter                                   : loaded 2 times (x 109B)
Class org.gradle.internal.classpath.TransformedClassPath                              : loaded 2 times (x 94B)
Class Settings_gradle                                                                 : loaded 2 times (x 126B)
Class com.google.common.collect.ImmutableAsList                                       : loaded 2 times (x 169B)
Class com.google.common.base.CharMatcher$AnyOf                                        : loaded 2 times (x 110B)
Class com.google.common.base.CharMatcher$IsEither                                     : loaded 2 times (x 109B)
Class com.google.common.collect.RegularImmutableList                                  : loaded 2 times (x 172B)
Class com.google.common.base.CharMatcher$JavaUpperCase                                : loaded 2 times (x 109B)


---------------  S Y S T E M  ---------------

OS:
 Windows 11 , 64 bit Build 22621 (10.0.22621.3235)
OS uptime: 0 days 7:19 hours

CPU: total 16 (initial active 16) (16 cores per cpu, 2 threads per core) family 23 model 96 stepping 1 microcode 0x0, cx8, cmov, fxsr, ht, mmx, 3dnowpref, sse, sse2, sse3, ssse3, sse4a, sse4.1, sse4.2, popcnt, lzcnt, tsc, tscinvbit, avx, avx2, aes, clmul, bmi1, bmi2, adx, sha, fma, vzeroupper, clflush, clflushopt
Processor Information for all 16 processors :
  Max Mhz: 2901, Current Mhz: 2901, Mhz Limit: 2901

Memory: 4k page, system-wide physical 15791M (2281M free)
TotalPageFile size 17839M (AvailPageFile size 11M)
current process WorkingSet (physical memory assigned to process): 298M, peak: 298M
current process commit charge ("private bytes"): 347M, peak: 406M

vm_info: OpenJDK 64-Bit Server VM (17.0.9+0--11185874) for windows-amd64 JRE (17.0.9+0--11185874), built on Dec  6 2023 18:57:44 by "androidbuild" with MS VC++ 16.10 / 16.11 (VS2019)

END.
