#
# There is insufficient memory for the Java Runtime Environment to continue.
# Native memory allocation (mmap) failed to map 260046848 bytes for G1 virtual space
# Possible reasons:
#   The system is out of physical RAM or swap space
#   The process is running with CompressedOops enabled, and the Java Heap may be blocking the growth of the native heap
# Possible solutions:
#   Reduce memory load on the system
#   Increase physical memory or swap space
#   Check if swap backing store is full
#   Decrease Java heap size (-Xmx/-Xms)
#   Decrease number of Java threads
#   Decrease Java thread stack sizes (-Xss)
#   Set larger code cache with -XX:ReservedCodeCacheSize=
#   JVM is running with Zero Based Compressed Oops mode in which the Java heap is
#     placed in the first 32GB address space. The Java Heap base address is the
#     maximum limit for the native heap growth. Please use -XX:HeapBaseMinAddress
#     to set the Java Heap base and to place the Java Heap above 32GB virtual address.
# This output file may be truncated or incomplete.
#
#  Out of Memory Error (os_windows.cpp:3825), pid=20016, tid=16456
#
# JRE version:  (17.0.9) (build )
# Java VM: OpenJDK 64-Bit Server VM (17.0.9+0--11185874, mixed mode, sharing, tiered, compressed oops, compressed class ptrs, g1 gc, windows-amd64)
# No core dump will be written. Minidumps are not enabled by default on client versions of Windows
#

---------------  S U M M A R Y ------------

Command Line: org.jetbrains.kotlin.cli.jvm.K2JVMCompiler @O:\ASProjects\Snapz\app\build\20240306_1861145762136648248.compiler.options

Host: AMD Ryzen 7 4800H with Radeon Graphics         , 16 cores, 15G,  Windows 11 , 64 bit Build 22621 (10.0.22621.3085)
Time: Wed Mar  6 00:39:50 2024  Windows 11 , 64 bit Build 22621 (10.0.22621.3085) elapsed time: 0.012724 seconds (0d 0h 0m 0s)

---------------  T H R E A D  ---------------

Current thread (0x000001c685d0ea00):  JavaThread "Unknown thread" [_thread_in_vm, id=16456, stack(0x0000003b8f100000,0x0000003b8f200000)]

Stack: [0x0000003b8f100000,0x0000003b8f200000]
Native frames: (J=compiled Java code, j=interpreted, Vv=VM code, C=native code)
V  [jvm.dll+0x6886e9]
V  [jvm.dll+0x841e4a]
V  [jvm.dll+0x843a8e]
V  [jvm.dll+0x8440f3]
V  [jvm.dll+0x24c14f]
V  [jvm.dll+0x685499]
V  [jvm.dll+0x679c2a]
V  [jvm.dll+0x30cf9b]
V  [jvm.dll+0x314446]
V  [jvm.dll+0x36425e]
V  [jvm.dll+0x36448f]
V  [jvm.dll+0x2e2d68]
V  [jvm.dll+0x2e3cd4]
V  [jvm.dll+0x8129f1]
V  [jvm.dll+0x3720c1]
V  [jvm.dll+0x7f152c]
V  [jvm.dll+0x3f5d4f]
V  [jvm.dll+0x3f7981]
C  [jli.dll+0x528f]
C  [ucrtbase.dll+0x29363]
C  [KERNEL32.DLL+0x1257d]
C  [ntdll.dll+0x5aa58]


---------------  P R O C E S S  ---------------

Threads class SMR info:
_java_thread_list=0x00007fff6234ef18, length=0, elements={
}

Java Threads: ( => current thread )

Other Threads:
  0x000001c685d75470 GCTaskThread "GC Thread#0" [stack: 0x0000003b8f200000,0x0000003b8f300000] [id=3128]
  0x000001c685d87db0 ConcurrentGCThread "G1 Main Marker" [stack: 0x0000003b8f300000,0x0000003b8f400000] [id=4784]
  0x000001c685d886e0 ConcurrentGCThread "G1 Conc#0" [stack: 0x0000003b8f400000,0x0000003b8f500000] [id=8244]

[error occurred during error reporting (printing all threads), id 0xc0000005, EXCEPTION_ACCESS_VIOLATION (0xc0000005) at pc=0x00007fff61b03937]

VM state: not at safepoint (not fully initialized)

VM Mutex/Monitor currently owned by a thread:  ([mutex/lock_event])
[0x000001c685d0a200] Heap_lock - owner thread: 0x000001c685d0ea00

Heap address: 0x0000000709400000, size: 3948 MB, Compressed Oops mode: Zero based, Oop shift amount: 3

CDS archive(s) mapped at: [0x0000000000000000-0x0000000000000000-0x0000000000000000), size 0, SharedBaseAddress: 0x0000000800000000, ArchiveRelocationMode: 1.
Narrow klass base: 0x0000000000000000, Narrow klass shift: 0, Narrow klass range: 0x0

GC Precious Log:
<Empty>

Heap:
 garbage-first heap   total 0K, used 0K [0x0000000709400000, 0x0000000800000000)
  region size 2048K, 0 young (0K), 0 survivors (0K)
 Metaspace       used 0K, committed 0K, reserved 0K
  class space    used 0K, committed 0K, reserved 0K

Heap Regions: E=young(eden), S=young(survivor), O=old, HS=humongous(starts), HC=humongous(continues), CS=collection set, F=free, OA=open archive, CA=closed archive, TAMS=top-at-mark-start (previous, next)

Card table byte_map: [0x000001c69b150000,0x000001c69b910000] _byte_map_base: 0x000001c697906000

Marking Bits (Prev, Next): (CMBitMap*) 0x000001c685d759a0, (CMBitMap*) 0x000001c685d759e0
 Prev Bits: [0x000001c69c0d0000, 0x000001c69fe80000)
 Next Bits: [0x000001c69fe80000, 0x000001c6a3c30000)

GC Heap History (0 events):
No events

Dll operation events (1 events):
Event: 0.008 Loaded shared library O:\AndroidStudio\jbr\bin\java.dll

Deoptimization events (0 events):
No events

Classes unloaded (0 events):
No events

Classes redefined (0 events):
No events

Internal exceptions (0 events):
No events

VM Operations (0 events):
No events

Events (0 events):
No events


Dynamic libraries:
0x00007ff71d2e0000 - 0x00007ff71d2ea000 	O:\AndroidStudio\jbr\bin\java.exe
0x00007fffb9570000 - 0x00007fffb9787000 	C:\WINDOWS\SYSTEM32\ntdll.dll
0x00007fffb7b60000 - 0x00007fffb7c24000 	C:\WINDOWS\System32\KERNEL32.DLL
0x00007fffb6a40000 - 0x00007fffb6de6000 	C:\WINDOWS\System32\KERNELBASE.dll
0x00007fffb6df0000 - 0x00007fffb6f01000 	C:\WINDOWS\System32\ucrtbase.dll
0x00007fff88770000 - 0x00007fff88787000 	O:\AndroidStudio\jbr\bin\jli.dll
0x00007fffb0c00000 - 0x00007fffb0c1b000 	O:\AndroidStudio\jbr\bin\VCRUNTIME140.dll
0x00007fffb7850000 - 0x00007fffb79fe000 	C:\WINDOWS\System32\USER32.dll
0x00007fffb7120000 - 0x00007fffb7146000 	C:\WINDOWS\System32\win32u.dll
0x00007fffa3b10000 - 0x00007fffa3da3000 	C:\WINDOWS\WinSxS\amd64_microsoft.windows.common-controls_6595b64144ccf1df_6.0.22621.2506_none_270c5ae97388e100\COMCTL32.dll
0x00007fffb7a80000 - 0x00007fffb7aa9000 	C:\WINDOWS\System32\GDI32.dll
0x00007fffb90f0000 - 0x00007fffb9197000 	C:\WINDOWS\System32\msvcrt.dll
0x00007fffb68b0000 - 0x00007fffb69c8000 	C:\WINDOWS\System32\gdi32full.dll
0x00007fffb6f40000 - 0x00007fffb6fda000 	C:\WINDOWS\System32\msvcp_win.dll
0x00007fffb91a0000 - 0x00007fffb91d1000 	C:\WINDOWS\System32\IMM32.DLL
0x00007fffb0bf0000 - 0x00007fffb0bfc000 	O:\AndroidStudio\jbr\bin\vcruntime140_1.dll
0x00007fff836a0000 - 0x00007fff8372d000 	O:\AndroidStudio\jbr\bin\msvcp140.dll
0x00007fff61810000 - 0x00007fff62493000 	O:\AndroidStudio\jbr\bin\server\jvm.dll
0x00007fffb8b20000 - 0x00007fffb8bd3000 	C:\WINDOWS\System32\ADVAPI32.dll
0x00007fffb7ab0000 - 0x00007fffb7b58000 	C:\WINDOWS\System32\sechost.dll
0x00007fffb6f10000 - 0x00007fffb6f38000 	C:\WINDOWS\System32\bcrypt.dll
0x00007fffb89b0000 - 0x00007fffb8ac7000 	C:\WINDOWS\System32\RPCRT4.dll
0x00007fffa4630000 - 0x00007fffa4639000 	C:\WINDOWS\SYSTEM32\WSOCK32.dll
0x00007fffb5740000 - 0x00007fffb578d000 	C:\WINDOWS\SYSTEM32\POWRPROF.dll
0x00007fffa8de0000 - 0x00007fffa8e14000 	C:\WINDOWS\SYSTEM32\WINMM.dll
0x00007fffb7690000 - 0x00007fffb7701000 	C:\WINDOWS\System32\WS2_32.dll
0x00007fffb4180000 - 0x00007fffb418a000 	C:\WINDOWS\SYSTEM32\VERSION.dll
0x00007fffb5720000 - 0x00007fffb5733000 	C:\WINDOWS\SYSTEM32\UMPDC.dll
0x00007fffb59e0000 - 0x00007fffb59f8000 	C:\WINDOWS\SYSTEM32\kernel.appcore.dll
0x00007fffa43b0000 - 0x00007fffa43ba000 	O:\AndroidStudio\jbr\bin\jimage.dll
0x00007fffb3970000 - 0x00007fffb3ba3000 	C:\WINDOWS\SYSTEM32\DBGHELP.DLL
0x00007fffb8490000 - 0x00007fffb8819000 	C:\WINDOWS\System32\combase.dll
0x00007fffb91e0000 - 0x00007fffb92b7000 	C:\WINDOWS\System32\OLEAUT32.dll
0x00007fffab830000 - 0x00007fffab862000 	C:\WINDOWS\SYSTEM32\dbgcore.DLL
0x00007fffb70a0000 - 0x00007fffb711a000 	C:\WINDOWS\System32\bcryptPrimitives.dll
0x00007fff8a9d0000 - 0x00007fff8a9f5000 	O:\AndroidStudio\jbr\bin\java.dll

dbghelp: loaded successfully - version: 4.0.5 - missing functions: none
symbol engine: initialized successfully - sym options: 0x614 - pdb path: .;O:\AndroidStudio\jbr\bin;C:\WINDOWS\SYSTEM32;C:\WINDOWS\WinSxS\amd64_microsoft.windows.common-controls_6595b64144ccf1df_6.0.22621.2506_none_270c5ae97388e100;O:\AndroidStudio\jbr\bin\server

VM Arguments:
java_command: org.jetbrains.kotlin.cli.jvm.K2JVMCompiler @O:\ASProjects\Snapz\app\build\20240306_1861145762136648248.compiler.options
java_class_path (initial): C:\Users\User\.gradle\caches\modules-2\files-2.1\org.jetbrains.kotlin\kotlin-compiler-embeddable\1.9.0\2c8c3a7402becca891f12739b3e9fd2dc2adbd7a\kotlin-compiler-embeddable-1.9.0.jar;C:\Users\User\.gradle\caches\modules-2\files-2.1\org.jetbrains.kotlin\kotlin-stdlib\1.9.0\8ee15ef0c67dc83d874f412d84378d7f0eb50b63\kotlin-stdlib-1.9.0.jar;C:\Users\User\.gradle\caches\modules-2\files-2.1\org.jetbrains.kotlin\kotlin-script-runtime\1.9.0\4b3102cbbb7e1b58d9d1adf89563f00069ffa7d1\kotlin-script-runtime-1.9.0.jar;C:\Users\User\.gradle\caches\modules-2\files-2.1\org.jetbrains.kotlin\kotlin-reflect\1.6.10\1cbe9c92c12a94eea200d23c2bbaedaf3daf5132\kotlin-reflect-1.6.10.jar;C:\Users\User\.gradle\caches\modules-2\files-2.1\org.jetbrains.kotlin\kotlin-daemon-embeddable\1.9.0\186543f5e28cf8d9a0290fecc2cf34301c40a65c\kotlin-daemon-embeddable-1.9.0.jar;C:\Users\User\.gradle\caches\modules-2\files-2.1\org.jetbrains.intellij.deps\trove4j\1.0.20200330\3afb14d5f9ceb459d724e907a21145e8ff394f02\trove4j-1.0.20200330.jar;C:\Users\User\.gradle\caches\modules-2\files-2.1\org.jetbrains.kotlin\kotlin-stdlib-common\1.9.0\cd65c21cfd1eec4d44ef09f9f52b6d9f8a720636\kotlin-stdlib-common-1.9.0.jar;C:\Users\User\.gradle\caches\modules-2\files-2.1\org.jetbrains\annotations\13.0\919f0dfe192fb4e063e7dacadee7f8bb9a2672a9\annotations-13.0.jar
Launcher Type: SUN_STANDARD

[Global flags]
     intx CICompilerCount                          = 12                                        {product} {ergonomic}
     uint ConcGCThreads                            = 3                                         {product} {ergonomic}
     uint G1ConcRefinementThreads                  = 13                                        {product} {ergonomic}
   size_t G1HeapRegionSize                         = 2097152                                   {product} {ergonomic}
    uintx GCDrainStackTargetSize                   = 64                                        {product} {ergonomic}
   size_t InitialHeapSize                          = 260046848                                 {product} {ergonomic}
   size_t MarkStackSize                            = 4194304                                   {product} {ergonomic}
   size_t MaxHeapSize                              = 4139778048                                {product} {ergonomic}
   size_t MinHeapDeltaBytes                        = 2097152                                   {product} {ergonomic}
   size_t MinHeapSize                              = 8388608                                   {product} {ergonomic}
    uintx NonNMethodCodeHeapSize                   = 7602480                                {pd product} {ergonomic}
    uintx NonProfiledCodeHeapSize                  = 122027880                              {pd product} {ergonomic}
    uintx ProfiledCodeHeapSize                     = 122027880                              {pd product} {ergonomic}
    uintx ReservedCodeCacheSize                    = 251658240                              {pd product} {ergonomic}
     bool SegmentedCodeCache                       = true                                      {product} {ergonomic}
   size_t SoftMaxHeapSize                          = 4139778048                             {manageable} {ergonomic}
     bool UseCompressedClassPointers               = true                           {product lp64_product} {ergonomic}
     bool UseCompressedOops                        = true                           {product lp64_product} {ergonomic}
     bool UseG1GC                                  = true                                      {product} {ergonomic}
     bool UseLargePagesIndividualAllocation        = false                                  {pd product} {ergonomic}

Logging:
Log output configuration:
 #0: stdout all=warning uptime,level,tags
 #1: stderr all=off uptime,level,tags

Environment Variables:
PATH=C:\Windows\system32;C:\Windows;C:\Windows\System32\Wbem;C:\Windows\System32\WindowsPowerShell\v1.0\;C:\Windows\System32\OpenSSH\;C:\Program Files (x86)\NVIDIA Corporation\PhysX\Common;C:\Program Files\dotnet\;C:\Program Files\NVIDIA Corporation\NVIDIA NvDLISR;C:\WINDOWS\system32;C:\WINDOWS;C:\WINDOWS\System32\Wbem;C:\WINDOWS\System32\WindowsPowerShell\v1.0\;C:\WINDOWS\System32\OpenSSH\;O:\Git\cmd;C:\Users\User\AppData\Local\Microsoft\WindowsApps;C:\Users\User\.dotnet\tools;C:\Users\User\AppData\Local\GitHubDesktop\bin;O:\Microsoft VS Code\bin
USERNAME=User
OS=Windows_NT
PROCESSOR_IDENTIFIER=AMD64 Family 23 Model 96 Stepping 1, AuthenticAMD
TMP=C:\Users\User\AppData\Local\Temp
TEMP=C:\Users\User\AppData\Local\Temp



Periodic native trim disabled

JNI global refs:
JNI global refs: 0, weak refs: 0

JNI global refs memory usage: 0, weak refs: 0

OOME stack traces (most recent first):
Classloader memory used:


---------------  S Y S T E M  ---------------

OS:
 Windows 11 , 64 bit Build 22621 (10.0.22621.3085)
OS uptime: 0 days 0:17 hours

CPU: total 16 (initial active 16) (16 cores per cpu, 2 threads per core) family 23 model 96 stepping 1 microcode 0x0, cx8, cmov, fxsr, ht, mmx, 3dnowpref, sse, sse2, sse3, ssse3, sse4a, sse4.1, sse4.2, popcnt, lzcnt, tsc, tscinvbit, avx, avx2, aes, clmul, bmi1, bmi2, adx, sha, fma, vzeroupper, clflush, clflushopt
Processor Information for all 16 processors :
  Max Mhz: 2901, Current Mhz: 2901, Mhz Limit: 2901

Memory: 4k page, system-wide physical 15791M (1996M free)
TotalPageFile size 17839M (AvailPageFile size 219M)
current process WorkingSet (physical memory assigned to process): 11M, peak: 11M
current process commit charge ("private bytes"): 70M, peak: 318M

vm_info: OpenJDK 64-Bit Server VM (17.0.9+0--11185874) for windows-amd64 JRE (17.0.9+0--11185874), built on Dec  6 2023 18:57:44 by "androidbuild" with MS VC++ 16.10 / 16.11 (VS2019)

END.
