#
# There is insufficient memory for the Java Runtime Environment to continue.
# Native memory allocation (malloc) failed to allocate 1837936 bytes for Chunk::new
# Possible reasons:
#   The system is out of physical RAM or swap space
#   The process is running with CompressedOops enabled, and the Java Heap may be blocking the growth of the native heap
# Possible solutions:
#   Reduce memory load on the system
#   Increase physical memory or swap space
#   Check if swap backing store is full
#   Decrease Java heap size (-Xmx/-Xms)
#   Decrease number of Java threads
#   Decrease Java thread stack sizes (-Xss)
#   Set larger code cache with -XX:ReservedCodeCacheSize=
#   JVM is running with Unscaled Compressed Oops mode in which the Java heap is
#     placed in the first 4GB address space. The Java Heap base address is the
#     maximum limit for the native heap growth. Please use -XX:HeapBaseMinAddress
#     to set the Java Heap base and to place the Java Heap above 4GB virtual address.
# This output file may be truncated or incomplete.
#
#  Out of Memory Error (arena.cpp:191), pid=3180, tid=9864
#
# JRE version: OpenJDK Runtime Environment (17.0.9) (build 17.0.9+0--11185874)
# Java VM: OpenJDK 64-Bit Server VM (17.0.9+0--11185874, mixed mode, tiered, compressed oops, compressed class ptrs, g1 gc, windows-amd64)
# No core dump will be written. Minidumps are not enabled by default on client versions of Windows
#

---------------  S U M M A R Y ------------

Command Line: --add-opens=java.base/java.util=ALL-UNNAMED --add-opens=java.base/java.lang=ALL-UNNAMED --add-opens=java.base/java.lang.invoke=ALL-UNNAMED --add-opens=java.prefs/java.util.prefs=ALL-UNNAMED --add-opens=java.base/java.nio.charset=ALL-UNNAMED --add-opens=java.base/java.net=ALL-UNNAMED --add-opens=java.base/java.util.concurrent.atomic=ALL-UNNAMED -Xmx2048m -Dfile.encoding=UTF-8 -Duser.country=US -Duser.language=en -Duser.variant -javaagent:C:\Users\User\.gradle\wrapper\dists\gradle-8.4-bin\1w5dpkrfk8irigvoxmyhowfim\gradle-8.4\lib\agents\gradle-instrumentation-agent-8.4.jar org.gradle.launcher.daemon.bootstrap.GradleDaemon 8.4

Host: AMD Ryzen 7 4800H with Radeon Graphics         , 16 cores, 15G,  Windows 11 , 64 bit Build 22621 (10.0.22621.3235)
Time: Wed Mar 13 13:16:45 2024 Jerusalem Standard Time elapsed time: 2.504138 seconds (0d 0h 0m 2s)

---------------  T H R E A D  ---------------

Current thread (0x0000024bff916b70):  JavaThread "C2 CompilerThread0" daemon [_thread_in_native, id=9864, stack(0x0000007e07900000,0x0000007e07a00000)]


Current CompileTask:
C2:   2504 2469   !   4       java.net.URLClassLoader::findClass (47 bytes)

Stack: [0x0000007e07900000,0x0000007e07a00000]
Native frames: (J=compiled Java code, j=interpreted, Vv=VM code, C=native code)
V  [jvm.dll+0x6886e9]
V  [jvm.dll+0x841e4a]
V  [jvm.dll+0x843a8e]
V  [jvm.dll+0x8440f3]
V  [jvm.dll+0x24c14f]
V  [jvm.dll+0xac44c]
V  [jvm.dll+0xaca9c]
V  [jvm.dll+0x36c1a2]
V  [jvm.dll+0x33651a]
V  [jvm.dll+0x3359ba]
V  [jvm.dll+0x21ddb1]
V  [jvm.dll+0x21d1d1]
V  [jvm.dll+0x1a674d]
V  [jvm.dll+0x22d088]
V  [jvm.dll+0x22b1c0]
V  [jvm.dll+0x7f62f7]
V  [jvm.dll+0x7f06aa]
V  [jvm.dll+0x687565]
C  [ucrtbase.dll+0x29363]
C  [KERNEL32.DLL+0x1257d]
C  [ntdll.dll+0x5aa58]


---------------  P R O C E S S  ---------------

Threads class SMR info:
_java_thread_list=0x0000024b86683530, length=29, elements={
0x0000024be2e2b7b0, 0x0000024bff8dd020, 0x0000024bff8ddcb0, 0x0000024bff911810,
0x0000024bff9122e0, 0x0000024bff912ea0, 0x0000024bff915e80, 0x0000024bff916b70,
0x0000024bff918250, 0x0000024bff919270, 0x0000024bffa128b0, 0x0000024bffac4f10,
0x0000024bffac2010, 0x0000024bffbc7870, 0x0000024bffc2ff50, 0x0000024b85476320,
0x0000024b85f53ff0, 0x0000024b85aac7a0, 0x0000024b859b1120, 0x0000024b85d288e0,
0x0000024b85ca2880, 0x0000024b867e7370, 0x0000024b85a95640, 0x0000024b85b81920,
0x0000024b86231880, 0x0000024b85a48d60, 0x0000024b85a455b0, 0x0000024b85a47410,
0x0000024b85a48340
}

Java Threads: ( => current thread )
  0x0000024be2e2b7b0 JavaThread "main" [_thread_blocked, id=10492, stack(0x0000007e06c00000,0x0000007e06d00000)]
  0x0000024bff8dd020 JavaThread "Reference Handler" daemon [_thread_blocked, id=23780, stack(0x0000007e07300000,0x0000007e07400000)]
  0x0000024bff8ddcb0 JavaThread "Finalizer" daemon [_thread_blocked, id=21032, stack(0x0000007e07400000,0x0000007e07500000)]
  0x0000024bff911810 JavaThread "Signal Dispatcher" daemon [_thread_blocked, id=2288, stack(0x0000007e07500000,0x0000007e07600000)]
  0x0000024bff9122e0 JavaThread "Attach Listener" daemon [_thread_blocked, id=23168, stack(0x0000007e07600000,0x0000007e07700000)]
  0x0000024bff912ea0 JavaThread "Service Thread" daemon [_thread_blocked, id=19868, stack(0x0000007e07700000,0x0000007e07800000)]
  0x0000024bff915e80 JavaThread "Monitor Deflation Thread" daemon [_thread_blocked, id=9400, stack(0x0000007e07800000,0x0000007e07900000)]
=>0x0000024bff916b70 JavaThread "C2 CompilerThread0" daemon [_thread_in_native, id=9864, stack(0x0000007e07900000,0x0000007e07a00000)]
  0x0000024bff918250 JavaThread "C1 CompilerThread0" daemon [_thread_blocked, id=8912, stack(0x0000007e07a00000,0x0000007e07b00000)]
  0x0000024bff919270 JavaThread "Sweeper thread" daemon [_thread_blocked, id=23020, stack(0x0000007e07b00000,0x0000007e07c00000)]
  0x0000024bffa128b0 JavaThread "Common-Cleaner" daemon [_thread_blocked, id=17024, stack(0x0000007e07c00000,0x0000007e07d00000)]
  0x0000024bffac4f10 JavaThread "C1 CompilerThread1" daemon [_thread_blocked, id=12812, stack(0x0000007e07d00000,0x0000007e07e00000)]
  0x0000024bffac2010 JavaThread "C1 CompilerThread2" daemon [_thread_blocked, id=18668, stack(0x0000007e07e00000,0x0000007e07f00000)]
  0x0000024bffbc7870 JavaThread "Notification Thread" daemon [_thread_blocked, id=1992, stack(0x0000007e07f00000,0x0000007e08000000)]
  0x0000024bffc2ff50 JavaThread "C2 CompilerThread1" daemon [_thread_blocked, id=13948, stack(0x0000007e08100000,0x0000007e08200000)]
  0x0000024b85476320 JavaThread "C1 CompilerThread3" daemon [_thread_blocked, id=24580, stack(0x0000007e08400000,0x0000007e08500000)]
  0x0000024b85f53ff0 JavaThread "Daemon health stats" [_thread_blocked, id=7936, stack(0x0000007e08900000,0x0000007e08a00000)]
  0x0000024b85aac7a0 JavaThread "Incoming local TCP Connector on port 52435" [_thread_in_native, id=18756, stack(0x0000007e08a00000,0x0000007e08b00000)]
  0x0000024b859b1120 JavaThread "Daemon periodic checks" [_thread_blocked, id=23028, stack(0x0000007e08b00000,0x0000007e08c00000)]
  0x0000024b85d288e0 JavaThread "Daemon" [_thread_blocked, id=5636, stack(0x0000007e08c00000,0x0000007e08d00000)]
  0x0000024b85ca2880 JavaThread "Handler for socket connection from /127.0.0.1:52435 to /127.0.0.1:52436" [_thread_in_native, id=19996, stack(0x0000007e08d00000,0x0000007e08e00000)]
  0x0000024b867e7370 JavaThread "Cancel handler" [_thread_blocked, id=15036, stack(0x0000007e08e00000,0x0000007e08f00000)]
  0x0000024b85a95640 JavaThread "Daemon worker" [_thread_in_vm, id=24864, stack(0x0000007e08f00000,0x0000007e09000000)]
  0x0000024b85b81920 JavaThread "Asynchronous log dispatcher for DefaultDaemonConnection: socket connection from /127.0.0.1:52435 to /127.0.0.1:52436" [_thread_blocked, id=20712, stack(0x0000007e09000000,0x0000007e09100000)]
  0x0000024b86231880 JavaThread "Stdin handler" [_thread_blocked, id=25296, stack(0x0000007e09100000,0x0000007e09200000)]
  0x0000024b85a48d60 JavaThread "Daemon client event forwarder" [_thread_blocked, id=24700, stack(0x0000007e09200000,0x0000007e09300000)]
  0x0000024b85a455b0 JavaThread "Cache worker for journal cache (C:\Users\User\.gradle\caches\journal-1)" [_thread_blocked, id=2260, stack(0x0000007e08300000,0x0000007e08400000)]
  0x0000024b85a47410 JavaThread "File lock request listener" [_thread_in_native, id=23384, stack(0x0000007e09d00000,0x0000007e09e00000)]
  0x0000024b85a48340 JavaThread "Cache worker for file hash cache (C:\Users\User\.gradle\caches\8.4\fileHashes)" [_thread_blocked, id=23660, stack(0x0000007e08200000,0x0000007e08300000)]

Other Threads:
  0x0000024bff8bc030 VMThread "VM Thread" [stack: 0x0000007e07200000,0x0000007e07300000] [id=25336]
  0x0000024be2e2c440 WatcherThread [stack: 0x0000007e08000000,0x0000007e08100000] [id=17428]
  0x0000024be2e877b0 GCTaskThread "GC Thread#0" [stack: 0x0000007e06d00000,0x0000007e06e00000] [id=6360]
  0x0000024b854625a0 GCTaskThread "GC Thread#1" [stack: 0x0000007e08500000,0x0000007e08600000] [id=2400]
  0x0000024b85462860 GCTaskThread "GC Thread#2" [stack: 0x0000007e08600000,0x0000007e08700000] [id=9484]
  0x0000024b85462d30 GCTaskThread "GC Thread#3" [stack: 0x0000007e08700000,0x0000007e08800000] [id=2024]
  0x0000024b8536f7e0 GCTaskThread "GC Thread#4" [stack: 0x0000007e08800000,0x0000007e08900000] [id=15728]
  0x0000024b84d00460 GCTaskThread "GC Thread#5" [stack: 0x0000007e09300000,0x0000007e09400000] [id=12436]
  0x0000024b84d01220 GCTaskThread "GC Thread#6" [stack: 0x0000007e09400000,0x0000007e09500000] [id=15996]
  0x0000024b84d014e0 GCTaskThread "GC Thread#7" [stack: 0x0000007e09500000,0x0000007e09600000] [id=10704]
  0x0000024b84d017a0 GCTaskThread "GC Thread#8" [stack: 0x0000007e09600000,0x0000007e09700000] [id=21896]
  0x0000024b84d009e0 GCTaskThread "GC Thread#9" [stack: 0x0000007e09700000,0x0000007e09800000] [id=10684]
  0x0000024b84d00720 GCTaskThread "GC Thread#10" [stack: 0x0000007e09800000,0x0000007e09900000] [id=23804]
  0x0000024b84d00ca0 GCTaskThread "GC Thread#11" [stack: 0x0000007e09900000,0x0000007e09a00000] [id=8780]
  0x0000024b84d00f60 GCTaskThread "GC Thread#12" [stack: 0x0000007e09a00000,0x0000007e09b00000] [id=10172]
  0x0000024be2e98700 ConcurrentGCThread "G1 Main Marker" [stack: 0x0000007e06e00000,0x0000007e06f00000] [id=24364]
  0x0000024be2e99120 ConcurrentGCThread "G1 Conc#0" [stack: 0x0000007e06f00000,0x0000007e07000000] [id=19792]
  0x0000024b85d21ec0 ConcurrentGCThread "G1 Conc#1" [stack: 0x0000007e09b00000,0x0000007e09c00000] [id=16136]
  0x0000024b85d23780 ConcurrentGCThread "G1 Conc#2" [stack: 0x0000007e09c00000,0x0000007e09d00000] [id=8308]
  0x0000024bff5e1eb0 ConcurrentGCThread "G1 Refine#0" [stack: 0x0000007e07000000,0x0000007e07100000] [id=22284]
  0x0000024bff5e28e0 ConcurrentGCThread "G1 Service" [stack: 0x0000007e07100000,0x0000007e07200000] [id=12092]

Threads with active compile tasks:
C2 CompilerThread0     2516 2469   !   4       java.net.URLClassLoader::findClass (47 bytes)

VM state: not at safepoint (normal execution)

VM Mutex/Monitor currently owned by a thread: None

Heap address: 0x0000000080000000, size: 2048 MB, Compressed Oops mode: 32-bit

CDS archive(s) not mapped
Compressed class space mapped at: 0x0000000100000000-0x0000000140000000, reserved size: 1073741824
Narrow klass base: 0x0000000000000000, Narrow klass shift: 3, Narrow klass range: 0x140000000

GC Precious Log:
 CPUs: 16 total, 16 available
 Memory: 15791M
 Large Page Support: Disabled
 NUMA Support: Disabled
 Compressed Oops: Enabled (32-bit)
 Heap Region Size: 1M
 Heap Min Capacity: 8M
 Heap Initial Capacity: 248M
 Heap Max Capacity: 2G
 Pre-touch: Disabled
 Parallel Workers: 13
 Concurrent Workers: 3
 Concurrent Refinement Workers: 13
 Periodic GC: Disabled

Heap:
 garbage-first heap   total 71680K, used 23878K [0x0000000080000000, 0x0000000100000000)
  region size 1024K, 6 young (6144K), 2 survivors (2048K)
 Metaspace       used 26922K, committed 27200K, reserved 1114112K
  class space    used 3464K, committed 3584K, reserved 1048576K

Heap Regions: E=young(eden), S=young(survivor), O=old, HS=humongous(starts), HC=humongous(continues), CS=collection set, F=free, OA=open archive, CA=closed archive, TAMS=top-at-mark-start (previous, next)
|   0|0x0000000080000000, 0x0000000080100000, 0x0000000080100000|100%|HS|  |TAMS 0x0000000080100000, 0x0000000080000000| Complete 
|   1|0x0000000080100000, 0x0000000080200000, 0x0000000080200000|100%|HC|  |TAMS 0x0000000080200000, 0x0000000080100000| Complete 
|   2|0x0000000080200000, 0x0000000080300000, 0x0000000080300000|100%|HC|  |TAMS 0x0000000080300000, 0x0000000080200000| Complete 
|   3|0x0000000080300000, 0x0000000080400000, 0x0000000080400000|100%|HC|  |TAMS 0x0000000080400000, 0x0000000080300000| Complete 
|   4|0x0000000080400000, 0x0000000080500000, 0x0000000080500000|100%| O|  |TAMS 0x0000000080500000, 0x0000000080400000| Untracked 
|   5|0x0000000080500000, 0x0000000080600000, 0x0000000080600000|100%| O|  |TAMS 0x0000000080600000, 0x0000000080500000| Untracked 
|   6|0x0000000080600000, 0x0000000080700000, 0x0000000080700000|100%| O|  |TAMS 0x0000000080700000, 0x0000000080600000| Untracked 
|   7|0x0000000080700000, 0x0000000080800000, 0x0000000080800000|100%| O|  |TAMS 0x0000000080800000, 0x0000000080700000| Untracked 
|   8|0x0000000080800000, 0x0000000080900000, 0x0000000080900000|100%| O|  |TAMS 0x0000000080900000, 0x0000000080800000| Untracked 
|   9|0x0000000080900000, 0x0000000080a00000, 0x0000000080a00000|100%| O|  |TAMS 0x0000000080a00000, 0x0000000080900000| Untracked 
|  10|0x0000000080a00000, 0x0000000080a76400, 0x0000000080b00000| 46%| O|  |TAMS 0x0000000080a76400, 0x0000000080a00000| Untracked 
|  11|0x0000000080b00000, 0x0000000080c00000, 0x0000000080c00000|100%| O|  |TAMS 0x0000000080b00000, 0x0000000080b00000| Untracked 
|  12|0x0000000080c00000, 0x0000000080d00000, 0x0000000080d00000|100%| O|  |TAMS 0x0000000080c00000, 0x0000000080c00000| Untracked 
|  13|0x0000000080d00000, 0x0000000080e00000, 0x0000000080e00000|100%| O|  |TAMS 0x0000000080d00000, 0x0000000080d00000| Untracked 
|  14|0x0000000080e00000, 0x0000000080f00000, 0x0000000080f00000|100%| O|  |TAMS 0x0000000080e00000, 0x0000000080e00000| Untracked 
|  15|0x0000000080f00000, 0x0000000081000000, 0x0000000081000000|100%| O|  |TAMS 0x0000000080f00000, 0x0000000080f00000| Untracked 
|  16|0x0000000081000000, 0x0000000081100000, 0x0000000081100000|100%| O|  |TAMS 0x0000000081000000, 0x0000000081000000| Untracked 
|  17|0x0000000081100000, 0x0000000081200000, 0x0000000081200000|100%| O|  |TAMS 0x0000000081100000, 0x0000000081100000| Untracked 
|  18|0x0000000081200000, 0x00000000812e1200, 0x0000000081300000| 87%| O|  |TAMS 0x0000000081200000, 0x0000000081200000| Untracked 
|  19|0x0000000081300000, 0x0000000081300000, 0x0000000081400000|  0%| F|  |TAMS 0x0000000081300000, 0x0000000081300000| Untracked 
|  20|0x0000000081400000, 0x0000000081400000, 0x0000000081500000|  0%| F|  |TAMS 0x0000000081400000, 0x0000000081400000| Untracked 
|  21|0x0000000081500000, 0x0000000081500000, 0x0000000081600000|  0%| F|  |TAMS 0x0000000081500000, 0x0000000081500000| Untracked 
|  22|0x0000000081600000, 0x0000000081600000, 0x0000000081700000|  0%| F|  |TAMS 0x0000000081600000, 0x0000000081600000| Untracked 
|  23|0x0000000081700000, 0x0000000081700000, 0x0000000081800000|  0%| F|  |TAMS 0x0000000081700000, 0x0000000081700000| Untracked 
|  24|0x0000000081800000, 0x0000000081800000, 0x0000000081900000|  0%| F|  |TAMS 0x0000000081800000, 0x0000000081800000| Untracked 
|  25|0x0000000081900000, 0x0000000081900000, 0x0000000081a00000|  0%| F|  |TAMS 0x0000000081900000, 0x0000000081900000| Untracked 
|  26|0x0000000081a00000, 0x0000000081afa3d0, 0x0000000081b00000| 97%| S|CS|TAMS 0x0000000081a00000, 0x0000000081a00000| Complete 
|  27|0x0000000081b00000, 0x0000000081c00000, 0x0000000081c00000|100%| S|CS|TAMS 0x0000000081b00000, 0x0000000081b00000| Complete 
|  28|0x0000000081c00000, 0x0000000081c00000, 0x0000000081d00000|  0%| F|  |TAMS 0x0000000081c00000, 0x0000000081c00000| Untracked 
|  29|0x0000000081d00000, 0x0000000081d00000, 0x0000000081e00000|  0%| F|  |TAMS 0x0000000081d00000, 0x0000000081d00000| Untracked 
|  30|0x0000000081e00000, 0x0000000081e00000, 0x0000000081f00000|  0%| F|  |TAMS 0x0000000081e00000, 0x0000000081e00000| Untracked 
|  31|0x0000000081f00000, 0x0000000081f00000, 0x0000000082000000|  0%| F|  |TAMS 0x0000000081f00000, 0x0000000081f00000| Untracked 
|  32|0x0000000082000000, 0x0000000082000000, 0x0000000082100000|  0%| F|  |TAMS 0x0000000082000000, 0x0000000082000000| Untracked 
|  33|0x0000000082100000, 0x0000000082100000, 0x0000000082200000|  0%| F|  |TAMS 0x0000000082100000, 0x0000000082100000| Untracked 
|  34|0x0000000082200000, 0x0000000082200000, 0x0000000082300000|  0%| F|  |TAMS 0x0000000082200000, 0x0000000082200000| Untracked 
|  35|0x0000000082300000, 0x0000000082300000, 0x0000000082400000|  0%| F|  |TAMS 0x0000000082300000, 0x0000000082300000| Untracked 
|  36|0x0000000082400000, 0x0000000082400000, 0x0000000082500000|  0%| F|  |TAMS 0x0000000082400000, 0x0000000082400000| Untracked 
|  37|0x0000000082500000, 0x0000000082500000, 0x0000000082600000|  0%| F|  |TAMS 0x0000000082500000, 0x0000000082500000| Untracked 
|  38|0x0000000082600000, 0x0000000082600000, 0x0000000082700000|  0%| F|  |TAMS 0x0000000082600000, 0x0000000082600000| Untracked 
|  39|0x0000000082700000, 0x0000000082700000, 0x0000000082800000|  0%| F|  |TAMS 0x0000000082700000, 0x0000000082700000| Untracked 
|  40|0x0000000082800000, 0x0000000082800000, 0x0000000082900000|  0%| F|  |TAMS 0x0000000082800000, 0x0000000082800000| Untracked 
|  41|0x0000000082900000, 0x0000000082900000, 0x0000000082a00000|  0%| F|  |TAMS 0x0000000082900000, 0x0000000082900000| Untracked 
|  42|0x0000000082a00000, 0x0000000082a00000, 0x0000000082b00000|  0%| F|  |TAMS 0x0000000082a00000, 0x0000000082a00000| Untracked 
|  43|0x0000000082b00000, 0x0000000082b00000, 0x0000000082c00000|  0%| F|  |TAMS 0x0000000082b00000, 0x0000000082b00000| Untracked 
|  44|0x0000000082c00000, 0x0000000082c00000, 0x0000000082d00000|  0%| F|  |TAMS 0x0000000082c00000, 0x0000000082c00000| Untracked 
|  45|0x0000000082d00000, 0x0000000082d00000, 0x0000000082e00000|  0%| F|  |TAMS 0x0000000082d00000, 0x0000000082d00000| Untracked 
|  46|0x0000000082e00000, 0x0000000082e00000, 0x0000000082f00000|  0%| F|  |TAMS 0x0000000082e00000, 0x0000000082e00000| Untracked 
|  47|0x0000000082f00000, 0x0000000082f00000, 0x0000000083000000|  0%| F|  |TAMS 0x0000000082f00000, 0x0000000082f00000| Untracked 
|  48|0x0000000083000000, 0x0000000083000000, 0x0000000083100000|  0%| F|  |TAMS 0x0000000083000000, 0x0000000083000000| Untracked 
|  49|0x0000000083100000, 0x0000000083100000, 0x0000000083200000|  0%| F|  |TAMS 0x0000000083100000, 0x0000000083100000| Untracked 
|  50|0x0000000083200000, 0x0000000083200000, 0x0000000083300000|  0%| F|  |TAMS 0x0000000083200000, 0x0000000083200000| Untracked 
|  51|0x0000000083300000, 0x0000000083300000, 0x0000000083400000|  0%| F|  |TAMS 0x0000000083300000, 0x0000000083300000| Untracked 
|  52|0x0000000083400000, 0x0000000083400000, 0x0000000083500000|  0%| F|  |TAMS 0x0000000083400000, 0x0000000083400000| Untracked 
|  53|0x0000000083500000, 0x0000000083500000, 0x0000000083600000|  0%| F|  |TAMS 0x0000000083500000, 0x0000000083500000| Untracked 
|  54|0x0000000083600000, 0x0000000083600000, 0x0000000083700000|  0%| F|  |TAMS 0x0000000083600000, 0x0000000083600000| Untracked 
|  55|0x0000000083700000, 0x0000000083700000, 0x0000000083800000|  0%| F|  |TAMS 0x0000000083700000, 0x0000000083700000| Untracked 
|  56|0x0000000083800000, 0x0000000083800000, 0x0000000083900000|  0%| F|  |TAMS 0x0000000083800000, 0x0000000083800000| Untracked 
|  57|0x0000000083900000, 0x0000000083900000, 0x0000000083a00000|  0%| F|  |TAMS 0x0000000083900000, 0x0000000083900000| Untracked 
|  58|0x0000000083a00000, 0x0000000083a00000, 0x0000000083b00000|  0%| F|  |TAMS 0x0000000083a00000, 0x0000000083a00000| Untracked 
|  59|0x0000000083b00000, 0x0000000083b00000, 0x0000000083c00000|  0%| F|  |TAMS 0x0000000083b00000, 0x0000000083b00000| Untracked 
| 192|0x000000008c000000, 0x000000008c000000, 0x000000008c100000|  0%| F|  |TAMS 0x000000008c000000, 0x000000008c000000| Untracked 
| 193|0x000000008c100000, 0x000000008c100000, 0x000000008c200000|  0%| F|  |TAMS 0x000000008c100000, 0x000000008c100000| Untracked 
| 194|0x000000008c200000, 0x000000008c200000, 0x000000008c300000|  0%| F|  |TAMS 0x000000008c200000, 0x000000008c200000| Untracked 
| 195|0x000000008c300000, 0x000000008c300000, 0x000000008c400000|  0%| F|  |TAMS 0x000000008c300000, 0x000000008c300000| Untracked 
| 196|0x000000008c400000, 0x000000008c400000, 0x000000008c500000|  0%| F|  |TAMS 0x000000008c400000, 0x000000008c400000| Untracked 
| 197|0x000000008c500000, 0x000000008c500000, 0x000000008c600000|  0%| F|  |TAMS 0x000000008c500000, 0x000000008c500000| Untracked 
| 198|0x000000008c600000, 0x000000008c6a5780, 0x000000008c700000| 64%| E|  |TAMS 0x000000008c600000, 0x000000008c600000| Complete 
| 199|0x000000008c700000, 0x000000008c800000, 0x000000008c800000|100%| E|CS|TAMS 0x000000008c700000, 0x000000008c700000| Complete 
| 200|0x000000008c800000, 0x000000008c900000, 0x000000008c900000|100%| E|CS|TAMS 0x000000008c800000, 0x000000008c800000| Complete 
| 247|0x000000008f700000, 0x000000008f800000, 0x000000008f800000|100%| E|CS|TAMS 0x000000008f700000, 0x000000008f700000| Complete 

Card table byte_map: [0x0000024bf7ea0000,0x0000024bf82a0000] _byte_map_base: 0x0000024bf7aa0000

Marking Bits (Prev, Next): (CMBitMap*) 0x0000024be2e87e10, (CMBitMap*) 0x0000024be2e87dd0
 Prev Bits: [0x0000024bfa6a0000, 0x0000024bfc6a0000)
 Next Bits: [0x0000024bf86a0000, 0x0000024bfa6a0000)

Polling page: 0x0000024be2b90000

Metaspace:

Usage:
  Non-class:     22.92 MB used.
      Class:      3.38 MB used.
       Both:     26.30 MB used.

Virtual space:
  Non-class space:       64.00 MB reserved,      23.06 MB ( 36%) committed,  1 nodes.
      Class space:        1.00 GB reserved,       3.50 MB ( <1%) committed,  1 nodes.
             Both:        1.06 GB reserved,      26.56 MB (  2%) committed. 

Chunk freelists:
   Non-Class:  8.19 MB
       Class:  12.47 MB
        Both:  20.66 MB

MaxMetaspaceSize: unlimited
CompressedClassSpaceSize: 1.00 GB
Initial GC threshold: 21.00 MB
Current GC threshold: 35.12 MB
CDS: off
MetaspaceReclaimPolicy: balanced
 - commit_granule_bytes: 65536.
 - commit_granule_words: 8192.
 - virtual_space_node_default_size: 8388608.
 - enlarge_chunks_in_place: 1.
 - new_chunks_are_fully_committed: 0.
 - uncommit_free_chunks: 1.
 - use_allocation_guard: 0.
 - handle_deallocations: 1.


Internal statistics:

num_allocs_failed_limit: 3.
num_arena_births: 208.
num_arena_deaths: 0.
num_vsnodes_births: 2.
num_vsnodes_deaths: 0.
num_space_committed: 425.
num_space_uncommitted: 0.
num_chunks_returned_to_freelist: 3.
num_chunks_taken_from_freelist: 800.
num_chunk_merges: 0.
num_chunk_splits: 537.
num_chunks_enlarged: 403.
num_inconsistent_stats: 0.

CodeHeap 'non-profiled nmethods': size=119168Kb used=1284Kb max_used=1284Kb free=117884Kb
 bounds [0x0000024bef680000, 0x0000024bef8f0000, 0x0000024bf6ae0000]
CodeHeap 'profiled nmethods': size=119104Kb used=5262Kb max_used=5262Kb free=113842Kb
 bounds [0x0000024be7ae0000, 0x0000024be8010000, 0x0000024beef30000]
CodeHeap 'non-nmethods': size=7488Kb used=2920Kb max_used=2970Kb free=4568Kb
 bounds [0x0000024beef30000, 0x0000024bef230000, 0x0000024bef680000]
 total_blobs=3073 nmethods=2528 adapters=454
 compilation: enabled
              stopped_count=0, restarted_count=0
 full_count=0

Compilation events (20 events):
Event: 2.445 Thread 0x0000024bffac2010 nmethod 2517 0x0000024be7ffd990 code [0x0000024be7ffdb40, 0x0000024be7ffdd88]
Event: 2.445 Thread 0x0000024bffac2010 2518       3       java.util.concurrent.locks.ReentrantLock$Sync::tryRelease (51 bytes)
Event: 2.446 Thread 0x0000024bffac2010 nmethod 2518 0x0000024be7ffde90 code [0x0000024be7ffe040, 0x0000024be7ffe388]
Event: 2.446 Thread 0x0000024b85476320 nmethod 2516 0x0000024be7ffe490 code [0x0000024be7ffe800, 0x0000024be7fffe78]
Event: 2.452 Thread 0x0000024bffc2ff50 2520       4       java.lang.Class::getClassLoader (28 bytes)
Event: 2.452 Thread 0x0000024bffc2ff50 nmethod 2520 0x0000024bef7bd410 code [0x0000024bef7bd580, 0x0000024bef7bd638]
Event: 2.463 Thread 0x0000024bffc2ff50 2521       4       java.util.ArrayDeque::pollFirst (36 bytes)
Event: 2.464 Thread 0x0000024bffc2ff50 nmethod 2521 0x0000024bef7bd710 code [0x0000024bef7bd880, 0x0000024bef7bd998]
Event: 2.464 Thread 0x0000024bffc2ff50 2523       4       java.util.WeakHashMap::remove (131 bytes)
Event: 2.480 Thread 0x0000024bffc2ff50 nmethod 2523 0x0000024bef7bda90 code [0x0000024bef7bdc60, 0x0000024bef7bf058]
Event: 2.481 Thread 0x0000024bffc2ff50 2522       4       java.util.Collections$SetFromMap::remove (19 bytes)
Event: 2.481 Thread 0x0000024bffc2ff50 nmethod 2522 0x0000024bef7bf710 code [0x0000024bef7bf8a0, 0x0000024bef7bf988]
Event: 2.485 Thread 0x0000024bffac4f10 2524   !   3       java.util.concurrent.ConcurrentHashMap::replaceNode (437 bytes)
Event: 2.485 Thread 0x0000024bffac2010 2525       3       java.util.concurrent.ConcurrentHashMap::remove (8 bytes)
Event: 2.485 Thread 0x0000024bffac2010 nmethod 2525 0x0000024be8000610 code [0x0000024be80007c0, 0x0000024be8000908]
Event: 2.486 Thread 0x0000024bffac4f10 nmethod 2524 0x0000024be8000990 code [0x0000024be8000ce0, 0x0000024be8002578]
Event: 2.486 Thread 0x0000024bffc2ff50 2526       4       jdk.internal.perf.PerfCounter::addElapsedTimeFrom (10 bytes)
Event: 2.488 Thread 0x0000024bffc2ff50 nmethod 2526 0x0000024bef7bfa90 code [0x0000024bef7bfc00, 0x0000024bef7bfe38]
Event: 2.501 Thread 0x0000024bffac4f10 2527       3       org.gradle.internal.service.DefaultServiceRegistry$SingletonService::getAll (23 bytes)
Event: 2.501 Thread 0x0000024bffac4f10 nmethod 2527 0x0000024be8003290 code [0x0000024be8003460, 0x0000024be80036e8]

GC Heap History (8 events):
Event: 0.638 GC heap before
{Heap before GC invocations=0 (full 0):
 garbage-first heap   total 253952K, used 26624K [0x0000000080000000, 0x0000000100000000)
  region size 1024K, 23 young (23552K), 0 survivors (0K)
 Metaspace       used 10513K, committed 10624K, reserved 1114112K
  class space    used 1090K, committed 1152K, reserved 1048576K
}
Event: 0.642 GC heap after
{Heap after GC invocations=1 (full 0):
 garbage-first heap   total 253952K, used 11201K [0x0000000080000000, 0x0000000100000000)
  region size 1024K, 3 young (3072K), 3 survivors (3072K)
 Metaspace       used 10513K, committed 10624K, reserved 1114112K
  class space    used 1090K, committed 1152K, reserved 1048576K
}
Event: 0.956 GC heap before
{Heap before GC invocations=1 (full 0):
 garbage-first heap   total 253952K, used 39873K [0x0000000080000000, 0x0000000100000000)
  region size 1024K, 31 young (31744K), 3 survivors (3072K)
 Metaspace       used 11539K, committed 11712K, reserved 1114112K
  class space    used 1200K, committed 1280K, reserved 1048576K
}
Event: 0.959 GC heap after
{Heap after GC invocations=2 (full 0):
 garbage-first heap   total 253952K, used 11656K [0x0000000080000000, 0x0000000100000000)
  region size 1024K, 1 young (1024K), 1 survivors (1024K)
 Metaspace       used 11539K, committed 11712K, reserved 1114112K
  class space    used 1200K, committed 1280K, reserved 1048576K
}
Event: 1.854 GC heap before
{Heap before GC invocations=2 (full 0):
 garbage-first heap   total 253952K, used 58760K [0x0000000080000000, 0x0000000100000000)
  region size 1024K, 47 young (48128K), 1 survivors (1024K)
 Metaspace       used 21284K, committed 21504K, reserved 1114112K
  class space    used 2508K, committed 2624K, reserved 1048576K
}
Event: 1.859 GC heap after
{Heap after GC invocations=3 (full 0):
 garbage-first heap   total 253952K, used 19275K [0x0000000080000000, 0x0000000100000000)
  region size 1024K, 9 young (9216K), 9 survivors (9216K)
 Metaspace       used 21284K, committed 21504K, reserved 1114112K
  class space    used 2508K, committed 2624K, reserved 1048576K
}
Event: 2.473 GC heap before
{Heap before GC invocations=4 (full 0):
 garbage-first heap   total 71680K, used 53067K [0x0000000080000000, 0x0000000100000000)
  region size 1024K, 42 young (43008K), 9 survivors (9216K)
 Metaspace       used 26490K, committed 26816K, reserved 1114112K
  class space    used 3387K, committed 3520K, reserved 1048576K
}
Event: 2.478 GC heap after
{Heap after GC invocations=5 (full 0):
 garbage-first heap   total 71680K, used 20806K [0x0000000080000000, 0x0000000100000000)
  region size 1024K, 2 young (2048K), 2 survivors (2048K)
 Metaspace       used 26490K, committed 26816K, reserved 1114112K
  class space    used 3387K, committed 3520K, reserved 1048576K
}

Dll operation events (3 events):
Event: 0.066 Loaded shared library O:\AndroidStudio\jbr\bin\java.dll
Event: 0.170 Loaded shared library O:\AndroidStudio\jbr\bin\zip.dll
Event: 0.438 Loaded shared library O:\AndroidStudio\jbr\bin\verify.dll

Deoptimization events (20 events):
Event: 1.849 Thread 0x0000024b85a95640 DEOPT PACKING pc=0x0000024bef77ffb0 sp=0x0000007e08ffc4d0
Event: 1.849 Thread 0x0000024b85a95640 DEOPT UNPACKING pc=0x0000024beef869a3 sp=0x0000007e08ffc470 mode 2
Event: 1.865 Thread 0x0000024b85a95640 Uncommon trap: trap_request=0xffffff45 fr.pc=0x0000024bef751ce0 relative=0x0000000000000240
Event: 1.865 Thread 0x0000024b85a95640 Uncommon trap: reason=unstable_if action=reinterpret pc=0x0000024bef751ce0 method=java.util.concurrent.ConcurrentHashMap.get(Ljava/lang/Object;)Ljava/lang/Object; @ 76 c2
Event: 1.865 Thread 0x0000024b85a95640 DEOPT PACKING pc=0x0000024bef751ce0 sp=0x0000007e08ffb9f0
Event: 1.865 Thread 0x0000024b85a95640 DEOPT UNPACKING pc=0x0000024beef869a3 sp=0x0000007e08ffb958 mode 2
Event: 2.139 Thread 0x0000024b85a95640 Uncommon trap: trap_request=0xffffff45 fr.pc=0x0000024bef6f570c relative=0x0000000000000a8c
Event: 2.139 Thread 0x0000024b85a95640 Uncommon trap: reason=unstable_if action=reinterpret pc=0x0000024bef6f570c method=java.io.WinNTFileSystem.resolve(Ljava/lang/String;Ljava/lang/String;)Ljava/lang/String; @ 19 c2
Event: 2.139 Thread 0x0000024b85a95640 DEOPT PACKING pc=0x0000024bef6f570c sp=0x0000007e08ffd070
Event: 2.139 Thread 0x0000024b85a95640 DEOPT UNPACKING pc=0x0000024beef869a3 sp=0x0000007e08ffd018 mode 2
Event: 2.141 Thread 0x0000024b85a95640 Uncommon trap: trap_request=0xffffff45 fr.pc=0x0000024bef6f6e40 relative=0x00000000000005a0
Event: 2.141 Thread 0x0000024b85a95640 Uncommon trap: reason=unstable_if action=reinterpret pc=0x0000024bef6f6e40 method=java.io.File.getName()Ljava/lang/String; @ 16 c2
Event: 2.141 Thread 0x0000024b85a95640 DEOPT PACKING pc=0x0000024bef6f6e40 sp=0x0000007e08ffd010
Event: 2.141 Thread 0x0000024b85a95640 DEOPT UNPACKING pc=0x0000024beef869a3 sp=0x0000007e08ffcfe0 mode 2
Event: 2.412 Thread 0x0000024b85a95640 DEOPT PACKING pc=0x0000024be7f9d7f1 sp=0x0000007e08ff76d0
Event: 2.412 Thread 0x0000024b85a95640 DEOPT UNPACKING pc=0x0000024beef87143 sp=0x0000007e08ff6be0 mode 0
Event: 2.447 Thread 0x0000024b85a95640 DEOPT PACKING pc=0x0000024be7f9d7f1 sp=0x0000007e08ff8740
Event: 2.447 Thread 0x0000024b85a95640 DEOPT UNPACKING pc=0x0000024beef87143 sp=0x0000007e08ff7c50 mode 0
Event: 2.456 Thread 0x0000024b85a95640 DEOPT PACKING pc=0x0000024be7f9d812 sp=0x0000007e08ff7830
Event: 2.456 Thread 0x0000024b85a95640 DEOPT UNPACKING pc=0x0000024beef87143 sp=0x0000007e08ff6d40 mode 0

Classes unloaded (0 events):
No events

Classes redefined (0 events):
No events

Internal exceptions (20 events):
Event: 1.773 Thread 0x0000024b85a95640 Exception <a 'java/lang/NoSuchMethodError'{0x000000008cf93340}: 'long java.lang.invoke.DirectMethodHandle$Holder.invokeInterface(java.lang.Object, java.lang.Object)'> (0x000000008cf93340) 
thrown [s\src\hotspot\share\interpreter\linkResolver.cpp, line 771]
Event: 1.781 Thread 0x0000024b85a95640 Exception <a 'java/lang/NoSuchMethodError'{0x000000008cfcace8}: 'java.lang.Object java.lang.invoke.DirectMethodHandle$Holder.invokeVirtual(java.lang.Object, java.lang.Object, java.lang.Object)'> (0x000000008cfcace8) 
thrown [s\src\hotspot\share\interpreter\linkResolver.cpp, line 771]
Event: 1.830 Thread 0x0000024b85a95640 Exception <a 'java/lang/NoSuchMethodError'{0x000000008cb79bf8}: 'void java.lang.invoke.DirectMethodHandle$Holder.invokeStatic(java.lang.Object, java.lang.Object)'> (0x000000008cb79bf8) 
thrown [s\src\hotspot\share\interpreter\linkResolver.cpp, line 771]
Event: 1.898 Thread 0x0000024b85a95640 Exception <a 'java/lang/NoSuchMethodError'{0x000000008394d250}: 'java.lang.Object java.lang.invoke.DirectMethodHandle$Holder.newInvokeSpecial(java.lang.Object, java.lang.Object, java.lang.Object, java.lang.Object, java.lang.Object, java.lang.Object)'> (0x000000008394d250) 
thrown [s\src\hotspot\share\interpreter\linkResolver.cpp, line 771]
Event: 1.899 Thread 0x0000024b85a95640 Exception <a 'java/lang/NoSuchMethodError'{0x0000000083964d58}: 'void java.lang.invoke.DirectMethodHandle$Holder.invokeSpecial(java.lang.Object, java.lang.Object, java.lang.Object, java.lang.Object, java.lang.Object)'> (0x0000000083964d58) 
thrown [s\src\hotspot\share\interpreter\linkResolver.cpp, line 771]
Event: 1.900 Thread 0x0000024b85a95640 Exception <a 'java/lang/NoSuchMethodError'{0x0000000083978e48}: 'void java.lang.invoke.DirectMethodHandle$Holder.invokeStaticInit(java.lang.Object, java.lang.Object)'> (0x0000000083978e48) 
thrown [s\src\hotspot\share\interpreter\linkResolver.cpp, line 771]
Event: 1.918 Thread 0x0000024b85a95640 Exception <a 'java/lang/NoSuchMethodError'{0x000000008387fe50}: 'java.lang.Object java.lang.invoke.DirectMethodHandle$Holder.newInvokeSpecial(java.lang.Object, java.lang.Object, java.lang.Object, int, java.lang.Object, java.lang.Object)'> (0x000000008387fe50) 
thrown [s\src\hotspot\share\interpreter\linkResolver.cpp, line 771]
Event: 1.943 Thread 0x0000024b85a95640 Exception <a 'java/lang/NoSuchMethodError'{0x00000000836a26c0}: 'void java.lang.invoke.DelegatingMethodHandle$Holder.reinvoke_L(java.lang.Object, java.lang.Object, java.lang.Object, java.lang.Object, java.lang.Object, java.lang.Object, java.lang.Object, java.lang.Object, java.lang.Object, java.lang.Object)'> (0x00000000836a26c0) 
thrown [s\src\hotspot\share\interpreter\linkResolver.cpp, line 771]
Event: 1.943 Thread 0x0000024b85a95640 Exception <a 'java/lang/NoSuchMethodError'{0x00000000836aac70}: 'java.lang.Object java.lang.invoke.DirectMethodHandle$Holder.invokeSpecial(java.lang.Object, java.lang.Object, java.lang.Object, java.lang.Object, java.lang.Object, java.lang.Object, java.lang.Object, java.lang.Object, java.lang.Object, java.lang.Object)'> (0x00000000836aac70) 
thrown [s\src\hotspot\share\interpreter\linkResolver.cpp, line 771]
Event: 1.943 Thread 0x0000024b85a95640 Exception <a 'java/lang/NoSuchMethodError'{0x00000000836af540}: 'java.lang.Object java.lang.invoke.Invokers$Holder.invoker(java.lang.Object, java.lang.Object, java.lang.Object, java.lang.Object, java.lang.Object, java.lang.Object, java.lang.Object, java.lang.Object, java.lang.Object, java.lang.Object)'> (0x00000000836af540) 
thrown [s\src\hotspot\share\interpreter\linkResolver.cpp, line 771]
Event: 1.944 Thread 0x0000024b85a95640 Exception <a 'java/lang/NoSuchMethodError'{0x00000000836b5148}: 'java.lang.Object java.lang.invoke.DirectMethodHandle$Holder.invokeSpecial(java.lang.Object, java.lang.Object, java.lang.Object, java.lang.Object, java.lang.Object, java.lang.Object, java.lang.Object, java.lang.Object, java.lang.Object, java.lang.Object, java.lang.Object)'> (0x00000000836b5148) 
thrown [s\src\hotspot\share\interpreter\linkResolver.cpp, line 771]
Event: 2.070 Thread 0x0000024b85a95640 Exception <a 'java/lang/NoSuchMethodError'{0x00000000830c3598}: 'void java.lang.invoke.DirectMethodHandle$Holder.invokeStaticInit(java.lang.Object)'> (0x00000000830c3598) 
thrown [s\src\hotspot\share\interpreter\linkResolver.cpp, line 771]
Event: 2.085 Thread 0x0000024b85a95640 Exception <a 'java/lang/NoSuchMethodError'{0x0000000082f9bef8}: 'java.lang.Object java.lang.invoke.DirectMethodHandle$Holder.newInvokeSpecial(java.lang.Object, java.lang.Object, java.lang.Object, int)'> (0x0000000082f9bef8) 
thrown [s\src\hotspot\share\interpreter\linkResolver.cpp, line 771]
Event: 2.085 Thread 0x0000024b85a95640 Exception <a 'java/lang/NoSuchMethodError'{0x0000000082fa0828}: 'java.lang.Object java.lang.invoke.DirectMethodHandle$Holder.invokeSpecial(java.lang.Object, java.lang.Object, java.lang.Object, java.lang.Object, int)'> (0x0000000082fa0828) 
thrown [s\src\hotspot\share\interpreter\linkResolver.cpp, line 771]
Event: 2.085 Thread 0x0000024b85a95640 Exception <a 'java/lang/NoSuchMethodError'{0x0000000082fa4940}: 'java.lang.Object java.lang.invoke.Invokers$Holder.linkToTargetMethod(java.lang.Object, java.lang.Object, int, java.lang.Object)'> (0x0000000082fa4940) 
thrown [s\src\hotspot\share\interpreter\linkResolver.cpp, line 771]
Event: 2.392 Thread 0x0000024b85a95640 Exception <a 'java/lang/NoSuchMethodError'{0x0000000081f2d838}: 'int java.lang.invoke.DirectMethodHandle$Holder.invokeSpecialIFC(java.lang.Object, java.lang.Object, java.lang.Object, java.lang.Object)'> (0x0000000081f2d838) 
thrown [s\src\hotspot\share\interpreter\linkResolver.cpp, line 771]
Event: 2.395 Thread 0x0000024b85a95640 Exception <a 'java/lang/NoSuchMethodError'{0x0000000081f3cd88}: 'java.lang.Object java.lang.invoke.DirectMethodHandle$Holder.invokeInterface(java.lang.Object, java.lang.Object, java.lang.Object)'> (0x0000000081f3cd88) 
thrown [s\src\hotspot\share\interpreter\linkResolver.cpp, line 771]
Event: 2.396 Thread 0x0000024b85a95640 Exception <a 'java/lang/IncompatibleClassChangeError'{0x0000000081f40c48}: Found class java.lang.Object, but interface was expected> (0x0000000081f40c48) 
thrown [s\src\hotspot\share\interpreter\linkResolver.cpp, line 838]
Event: 2.451 Thread 0x0000024b85a95640 Exception <a 'java/lang/NoSuchMethodError'{0x0000000081d786b8}: 'int java.lang.invoke.DirectMethodHandle$Holder.invokeStatic(java.lang.Object, java.lang.Object, java.lang.Object, java.lang.Object)'> (0x0000000081d786b8) 
thrown [s\src\hotspot\share\interpreter\linkResolver.cpp, line 771]
Event: 2.451 Thread 0x0000024b85a95640 Exception <a 'java/lang/NoSuchMethodError'{0x0000000081d7c2e0}: 'java.lang.Object java.lang.invoke.Invokers$Holder.invokeExact_MT(java.lang.Object, java.lang.Object, java.lang.Object, java.lang.Object, java.lang.Object, java.lang.Object)'> (0x0000000081d7c2e0) 
thrown [s\src\hotspot\share\interpreter\linkResolver.cpp, line 771]

VM Operations (20 events):
Event: 1.443 Executing VM operation: HandshakeAllThreads
Event: 1.444 Executing VM operation: HandshakeAllThreads done
Event: 1.602 Executing VM operation: HandshakeAllThreads
Event: 1.603 Executing VM operation: HandshakeAllThreads done
Event: 1.655 Executing VM operation: HandshakeAllThreads
Event: 1.655 Executing VM operation: HandshakeAllThreads done
Event: 1.741 Executing VM operation: ICBufferFull
Event: 1.741 Executing VM operation: ICBufferFull done
Event: 1.854 Executing VM operation: CollectForMetadataAllocation
Event: 1.859 Executing VM operation: CollectForMetadataAllocation done
Event: 1.862 Executing VM operation: G1PauseRemark
Event: 1.863 Executing VM operation: G1PauseRemark done
Event: 1.864 Executing VM operation: G1PauseCleanup
Event: 1.864 Executing VM operation: G1PauseCleanup done
Event: 2.170 Executing VM operation: HandshakeAllThreads
Event: 2.170 Executing VM operation: HandshakeAllThreads done
Event: 2.171 Executing VM operation: HandshakeAllThreads
Event: 2.171 Executing VM operation: HandshakeAllThreads done
Event: 2.473 Executing VM operation: G1CollectForAllocation
Event: 2.478 Executing VM operation: G1CollectForAllocation done

Events (20 events):
Event: 2.385 loading class java/util/concurrent/Semaphore
Event: 2.385 loading class java/util/concurrent/Semaphore done
Event: 2.389 loading class java/nio/file/FileVisitOption
Event: 2.389 loading class java/nio/file/FileVisitOption done
Event: 2.397 loading class java/util/stream/ReduceOps$1
Event: 2.397 loading class java/util/stream/ReduceOps$1 done
Event: 2.397 loading class java/util/stream/ReduceOps$1ReducingSink
Event: 2.397 loading class java/util/stream/ReduceOps$1ReducingSink done
Event: 2.429 loading class java/util/regex/Pattern$Dollar
Event: 2.429 loading class java/util/regex/Pattern$Dollar done
Event: 2.438 loading class java/io/ObjectInputStream
Event: 2.439 loading class java/io/ObjectInput
Event: 2.439 loading class java/io/ObjectInput done
Event: 2.439 loading class java/io/ObjectStreamConstants
Event: 2.439 loading class java/io/ObjectStreamConstants done
Event: 2.439 loading class java/io/ObjectInputStream done
Event: 2.440 loading class java/io/ObjectOutputStream
Event: 2.440 loading class java/io/ObjectOutput
Event: 2.440 loading class java/io/ObjectOutput done
Event: 2.440 loading class java/io/ObjectOutputStream done


Dynamic libraries:
0x00007ff724810000 - 0x00007ff72481a000 	O:\AndroidStudio\jbr\bin\java.exe
0x00007ffcf3830000 - 0x00007ffcf3a46000 	C:\WINDOWS\SYSTEM32\ntdll.dll
0x00007ffcf1c60000 - 0x00007ffcf1d24000 	C:\WINDOWS\System32\KERNEL32.DLL
0x00007ffcf11d0000 - 0x00007ffcf1576000 	C:\WINDOWS\System32\KERNELBASE.dll
0x00007ffcf1080000 - 0x00007ffcf1191000 	C:\WINDOWS\System32\ucrtbase.dll
0x00007ffcd5560000 - 0x00007ffcd5577000 	O:\AndroidStudio\jbr\bin\jli.dll
0x00007ffcf2ca0000 - 0x00007ffcf2e4d000 	C:\WINDOWS\System32\USER32.dll
0x00007ffcf11a0000 - 0x00007ffcf11c6000 	C:\WINDOWS\System32\win32u.dll
0x00007ffcdc840000 - 0x00007ffcdcad3000 	C:\WINDOWS\WinSxS\amd64_microsoft.windows.common-controls_6595b64144ccf1df_6.0.22621.3235_none_270f74e173860f98\COMCTL32.dll
0x00007ffcf27e0000 - 0x00007ffcf2809000 	C:\WINDOWS\System32\GDI32.dll
0x00007ffcf1a40000 - 0x00007ffcf1ae7000 	C:\WINDOWS\System32\msvcrt.dll
0x00007ffcf0db0000 - 0x00007ffcf0ec8000 	C:\WINDOWS\System32\gdi32full.dll
0x00007ffcf0b70000 - 0x00007ffcf0c0a000 	C:\WINDOWS\System32\msvcp_win.dll
0x00007ffcc1610000 - 0x00007ffcc162b000 	O:\AndroidStudio\jbr\bin\VCRUNTIME140.dll
0x00007ffcf2270000 - 0x00007ffcf22a1000 	C:\WINDOWS\System32\IMM32.DLL
0x00007ffccb960000 - 0x00007ffccb96c000 	O:\AndroidStudio\jbr\bin\vcruntime140_1.dll
0x00007ffcb9100000 - 0x00007ffcb918d000 	O:\AndroidStudio\jbr\bin\msvcp140.dll
0x00007ffc6d5c0000 - 0x00007ffc6e243000 	O:\AndroidStudio\jbr\bin\server\jvm.dll
0x00007ffcf1f20000 - 0x00007ffcf1fd2000 	C:\WINDOWS\System32\ADVAPI32.dll
0x00007ffcf1d30000 - 0x00007ffcf1dd8000 	C:\WINDOWS\System32\sechost.dll
0x00007ffcf0d80000 - 0x00007ffcf0da8000 	C:\WINDOWS\System32\bcrypt.dll
0x00007ffcf17c0000 - 0x00007ffcf18d5000 	C:\WINDOWS\System32\RPCRT4.dll
0x00007ffcf0290000 - 0x00007ffcf02dd000 	C:\WINDOWS\SYSTEM32\POWRPROF.dll
0x00007ffce4130000 - 0x00007ffce4164000 	C:\WINDOWS\SYSTEM32\WINMM.dll
0x00007ffce2300000 - 0x00007ffce2309000 	C:\WINDOWS\SYSTEM32\WSOCK32.dll
0x00007ffce9e70000 - 0x00007ffce9e7a000 	C:\WINDOWS\SYSTEM32\VERSION.dll
0x00007ffcf2030000 - 0x00007ffcf20a1000 	C:\WINDOWS\System32\WS2_32.dll
0x00007ffcf00e0000 - 0x00007ffcf00f3000 	C:\WINDOWS\SYSTEM32\UMPDC.dll
0x00007ffcefb90000 - 0x00007ffcefba8000 	C:\WINDOWS\SYSTEM32\kernel.appcore.dll
0x00007ffce22f0000 - 0x00007ffce22fa000 	O:\AndroidStudio\jbr\bin\jimage.dll
0x00007ffcee2d0000 - 0x00007ffcee503000 	C:\WINDOWS\SYSTEM32\DBGHELP.DLL
0x00007ffcf22b0000 - 0x00007ffcf2638000 	C:\WINDOWS\System32\combase.dll
0x00007ffcf1580000 - 0x00007ffcf1657000 	C:\WINDOWS\System32\OLEAUT32.dll
0x00007ffce7df0000 - 0x00007ffce7e22000 	C:\WINDOWS\SYSTEM32\dbgcore.DLL
0x00007ffcf0f40000 - 0x00007ffcf0fba000 	C:\WINDOWS\System32\bcryptPrimitives.dll
0x00007ffcd56c0000 - 0x00007ffcd56ce000 	O:\AndroidStudio\jbr\bin\instrument.dll
0x00007ffcdbee0000 - 0x00007ffcdbf05000 	O:\AndroidStudio\jbr\bin\java.dll
0x00007ffce1290000 - 0x00007ffce12a8000 	O:\AndroidStudio\jbr\bin\zip.dll
0x00007ffcf2f00000 - 0x00007ffcf375d000 	C:\WINDOWS\System32\SHELL32.dll
0x00007ffceea40000 - 0x00007ffcef338000 	C:\WINDOWS\SYSTEM32\windows.storage.dll
0x00007ffcee900000 - 0x00007ffceea3e000 	C:\WINDOWS\SYSTEM32\wintypes.dll
0x00007ffcf1af0000 - 0x00007ffcf1be3000 	C:\WINDOWS\System32\SHCORE.dll
0x00007ffcf16f0000 - 0x00007ffcf174e000 	C:\WINDOWS\System32\shlwapi.dll
0x00007ffcf0aa0000 - 0x00007ffcf0ac6000 	C:\WINDOWS\SYSTEM32\profapi.dll
0x00007ffcdbec0000 - 0x00007ffcdbed9000 	O:\AndroidStudio\jbr\bin\net.dll
0x00007ffceab20000 - 0x00007ffceac57000 	C:\WINDOWS\SYSTEM32\WINHTTP.dll
0x00007ffcf0010000 - 0x00007ffcf0079000 	C:\WINDOWS\system32\mswsock.dll
0x00007ffcd5880000 - 0x00007ffcd5896000 	O:\AndroidStudio\jbr\bin\nio.dll
0x00007ffcdbe90000 - 0x00007ffcdbea0000 	O:\AndroidStudio\jbr\bin\verify.dll
0x00007ffcc4da0000 - 0x00007ffcc4dc7000 	C:\Users\User\.gradle\native\c067742578af261105cb4f569cf0c3c89f3d7b1fecec35dd04571415982c5e48\windows-amd64\native-platform.dll
0x00007ffc6cc10000 - 0x00007ffc6cd54000 	C:\Users\User\.gradle\native\38dada09dfb8b06ba9b0570ebf7e218e3eb74d4ef43ca46872605cf95ebc2f47\windows-amd64\native-platform-file-events.dll
0x00007ffce22e0000 - 0x00007ffce22e9000 	O:\AndroidStudio\jbr\bin\management.dll
0x00007ffce0d90000 - 0x00007ffce0d9b000 	O:\AndroidStudio\jbr\bin\management_ext.dll
0x00007ffcf2810000 - 0x00007ffcf2818000 	C:\WINDOWS\System32\PSAPI.DLL
0x00007ffcf02e0000 - 0x00007ffcf02fb000 	C:\WINDOWS\SYSTEM32\CRYPTSP.dll
0x00007ffcefaf0000 - 0x00007ffcefb25000 	C:\WINDOWS\system32\rsaenh.dll
0x00007ffcf0130000 - 0x00007ffcf015c000 	C:\WINDOWS\SYSTEM32\USERENV.dll
0x00007ffcf0300000 - 0x00007ffcf030c000 	C:\WINDOWS\SYSTEM32\CRYPTBASE.dll
0x00007ffcef5a0000 - 0x00007ffcef5cd000 	C:\WINDOWS\SYSTEM32\IPHLPAPI.DLL
0x00007ffcf1bf0000 - 0x00007ffcf1bf9000 	C:\WINDOWS\System32\NSI.dll
0x00007ffcea8c0000 - 0x00007ffcea8d9000 	C:\WINDOWS\SYSTEM32\dhcpcsvc6.DLL
0x00007ffcea8a0000 - 0x00007ffcea8bf000 	C:\WINDOWS\SYSTEM32\dhcpcsvc.DLL
0x00007ffcef610000 - 0x00007ffcef709000 	C:\WINDOWS\SYSTEM32\DNSAPI.dll
0x00007ffce8fe0000 - 0x00007ffce8fe8000 	C:\WINDOWS\system32\wshunix.dll

dbghelp: loaded successfully - version: 4.0.5 - missing functions: none
symbol engine: initialized successfully - sym options: 0x614 - pdb path: .;O:\AndroidStudio\jbr\bin;C:\WINDOWS\SYSTEM32;C:\WINDOWS\WinSxS\amd64_microsoft.windows.common-controls_6595b64144ccf1df_6.0.22621.3235_none_270f74e173860f98;O:\AndroidStudio\jbr\bin\server;C:\Users\User\.gradle\native\c067742578af261105cb4f569cf0c3c89f3d7b1fecec35dd04571415982c5e48\windows-amd64;C:\Users\User\.gradle\native\38dada09dfb8b06ba9b0570ebf7e218e3eb74d4ef43ca46872605cf95ebc2f47\windows-amd64

VM Arguments:
jvm_args: --add-opens=java.base/java.util=ALL-UNNAMED --add-opens=java.base/java.lang=ALL-UNNAMED --add-opens=java.base/java.lang.invoke=ALL-UNNAMED --add-opens=java.prefs/java.util.prefs=ALL-UNNAMED --add-opens=java.base/java.nio.charset=ALL-UNNAMED --add-opens=java.base/java.net=ALL-UNNAMED --add-opens=java.base/java.util.concurrent.atomic=ALL-UNNAMED -Xmx2048m -Dfile.encoding=UTF-8 -Duser.country=US -Duser.language=en -Duser.variant -javaagent:C:\Users\User\.gradle\wrapper\dists\gradle-8.4-bin\1w5dpkrfk8irigvoxmyhowfim\gradle-8.4\lib\agents\gradle-instrumentation-agent-8.4.jar 
java_command: org.gradle.launcher.daemon.bootstrap.GradleDaemon 8.4
java_class_path (initial): C:\Users\User\.gradle\wrapper\dists\gradle-8.4-bin\1w5dpkrfk8irigvoxmyhowfim\gradle-8.4\lib\gradle-launcher-8.4.jar
Launcher Type: SUN_STANDARD

[Global flags]
     intx CICompilerCount                          = 12                                        {product} {ergonomic}
     uint ConcGCThreads                            = 3                                         {product} {ergonomic}
     uint G1ConcRefinementThreads                  = 13                                        {product} {ergonomic}
   size_t G1HeapRegionSize                         = 1048576                                   {product} {ergonomic}
    uintx GCDrainStackTargetSize                   = 64                                        {product} {ergonomic}
   size_t InitialHeapSize                          = 260046848                                 {product} {ergonomic}
   size_t MarkStackSize                            = 4194304                                   {product} {ergonomic}
   size_t MaxHeapSize                              = 2147483648                                {product} {command line}
   size_t MaxNewSize                               = 1287651328                                {product} {ergonomic}
   size_t MinHeapDeltaBytes                        = 1048576                                   {product} {ergonomic}
   size_t MinHeapSize                              = 8388608                                   {product} {ergonomic}
    uintx NonNMethodCodeHeapSize                   = 7602480                                {pd product} {ergonomic}
    uintx NonProfiledCodeHeapSize                  = 122027880                              {pd product} {ergonomic}
    uintx ProfiledCodeHeapSize                     = 122027880                              {pd product} {ergonomic}
    uintx ReservedCodeCacheSize                    = 251658240                              {pd product} {ergonomic}
     bool SegmentedCodeCache                       = true                                      {product} {ergonomic}
   size_t SoftMaxHeapSize                          = 2147483648                             {manageable} {ergonomic}
     bool UseCompressedClassPointers               = true                           {product lp64_product} {ergonomic}
     bool UseCompressedOops                        = true                           {product lp64_product} {ergonomic}
     bool UseG1GC                                  = true                                      {product} {ergonomic}
     bool UseLargePagesIndividualAllocation        = false                                  {pd product} {ergonomic}

Logging:
Log output configuration:
 #0: stdout all=warning uptime,level,tags
 #1: stderr all=off uptime,level,tags

Environment Variables:
PATH=C:\Windows\system32;C:\Windows;C:\Windows\System32\Wbem;C:\Windows\System32\WindowsPowerShell\v1.0\;C:\Windows\System32\OpenSSH\;C:\Program Files (x86)\NVIDIA Corporation\PhysX\Common;C:\Program Files\dotnet\;C:\Program Files\NVIDIA Corporation\NVIDIA NvDLISR;C:\WINDOWS\system32;C:\WINDOWS;C:\WINDOWS\System32\Wbem;C:\WINDOWS\System32\WindowsPowerShell\v1.0\;C:\WINDOWS\System32\OpenSSH\;O:\Git\cmd;C:\Users\User\AppData\Local\Microsoft\WindowsApps;C:\Users\User\.dotnet\tools;C:\Users\User\AppData\Local\GitHubDesktop\bin;O:\Microsoft VS Code\bin
USERNAME=User
OS=Windows_NT
PROCESSOR_IDENTIFIER=AMD64 Family 23 Model 96 Stepping 1, AuthenticAMD
TMP=C:\Users\User\AppData\Local\Temp
TEMP=C:\Users\User\AppData\Local\Temp



Periodic native trim disabled

JNI global refs:
JNI global refs: 32, weak refs: 0

JNI global refs memory usage: 843, weak refs: 841

OOME stack traces (most recent first):
Classloader memory used:
Loader bootstrap                                                                       : 1902K
Loader org.gradle.internal.classloader.VisitableURLClassLoader                         : 1277K
Loader org.gradle.initialization.MixInLegacyTypesClassLoader                           : 147K
Loader jdk.internal.loader.ClassLoaders$AppClassLoader                                 : 28393B
Loader jdk.internal.loader.ClassLoaders$PlatformClassLoader                            : 14820B
Loader jdk.internal.reflect.DelegatingClassLoader                                      : 2231B

Classes loaded by more than one classloader:
Class org.gradle.internal.installation.GradleInstallation                             : loaded 2 times (x 73B)
Class org.gradle.internal.classpath.ClassPath                                         : loaded 2 times (x 68B)
Class org.gradle.api.internal.classpath.DefaultModuleRegistry                         : loaded 2 times (x 84B)
Class org.gradle.api.Action                                                           : loaded 2 times (x 68B)
Class org.gradle.api.internal.DefaultClassPathProvider                                : loaded 2 times (x 74B)
Class org.gradle.internal.installation.GradleInstallation$1                           : loaded 2 times (x 73B)
Class org.gradle.internal.classloader.FilteringClassLoader                            : loaded 2 times (x 103B)
Class org.gradle.internal.classpath.DefaultClassPath$ImmutableUniqueList$Builder      : loaded 2 times (x 73B)
Class org.gradle.internal.classloader.ClassLoaderVisitor                              : loaded 2 times (x 74B)
Class org.gradle.internal.service.DefaultServiceLocator                               : loaded 2 times (x 81B)
Class org.gradle.internal.service.UnknownServiceException                             : loaded 2 times (x 81B)
Class org.gradle.internal.classloader.VisitableURLClassLoader$Spec                    : loaded 2 times (x 72B)
Class org.gradle.api.GradleException                                                  : loaded 2 times (x 80B)
Class org.gradle.api.internal.classpath.ModuleRegistry                                : loaded 2 times (x 68B)
Class org.gradle.api.internal.ClassPathProvider                                       : loaded 2 times (x 68B)
Class org.gradle.internal.classloader.ClasspathUtil$1                                 : loaded 2 times (x 74B)
Class org.gradle.internal.classloader.ClassLoaderFactory                              : loaded 2 times (x 68B)
Class org.gradle.api.internal.classpath.ManifestUtil                                  : loaded 2 times (x 69B)
Class org.gradle.api.specs.Spec                                                       : loaded 2 times (x 68B)
Class org.gradle.internal.IoActions                                                   : loaded 2 times (x 69B)
Class org.gradle.api.internal.classpath.EffectiveClassPath                            : loaded 2 times (x 88B)
Class org.gradle.internal.installation.CurrentGradleInstallation                      : loaded 2 times (x 71B)
Class org.gradle.internal.agents.InstrumentingClassLoader                             : loaded 2 times (x 68B)
Class org.gradle.internal.installation.CurrentGradleInstallationLocator               : loaded 2 times (x 69B)
Class org.gradle.api.internal.classpath.Module                                        : loaded 2 times (x 68B)
Class org.gradle.internal.service.CachingServiceLocator                               : loaded 2 times (x 80B)
Class org.gradle.internal.classpath.DefaultClassPath                                  : loaded 2 times (x 88B)
Class org.gradle.internal.classloader.SystemClassLoaderSpec                           : loaded 2 times (x 69B)
Class org.gradle.api.UncheckedIOException                                             : loaded 2 times (x 80B)
Class org.gradle.internal.classloader.ClasspathUtil                                   : loaded 2 times (x 69B)
Class org.gradle.api.internal.DefaultClassPathRegistry                                : loaded 2 times (x 74B)
Class org.gradle.api.internal.classpath.DefaultModuleRegistry$DefaultModule           : loaded 2 times (x 84B)
Class org.gradle.api.internal.classpath.UnknownModuleException                        : loaded 2 times (x 80B)
Class org.gradle.internal.service.ServiceLookupException                              : loaded 2 times (x 80B)
Class org.gradle.cache.GlobalCache                                                    : loaded 2 times (x 68B)
Class [Lorg.gradle.api.internal.ClassPathProvider;                                    : loaded 2 times (x 67B)
Class org.gradle.util.internal.GUtil                                                  : loaded 2 times (x 69B)
Class org.gradle.internal.classloader.ClassLoaderSpec                                 : loaded 2 times (x 69B)
Class org.gradle.internal.classloader.VisitableURLClassLoader                         : loaded 2 times (x 115B)
Class org.gradle.internal.Cast                                                        : loaded 2 times (x 69B)
Class org.gradle.api.internal.ClassPathRegistry                                       : loaded 2 times (x 68B)
Class org.gradle.internal.classloader.VisitableURLClassLoader$InstrumentingVisitableURLClassLoader: loaded 2 times (x 121B)
Class org.gradle.internal.classloader.ClassLoaderHierarchy                            : loaded 2 times (x 68B)
Class org.gradle.internal.InternalTransformer                                         : loaded 2 times (x 68B)
Class org.gradle.internal.service.ServiceLocator                                      : loaded 2 times (x 68B)
Class org.gradle.internal.classpath.DefaultClassPath$ImmutableUniqueList              : loaded 2 times (x 159B)
Class org.gradle.internal.classpath.TransformedClassPath                              : loaded 2 times (x 94B)


---------------  S Y S T E M  ---------------

OS:
 Windows 11 , 64 bit Build 22621 (10.0.22621.3235)
OS uptime: 0 days 7:18 hours

CPU: total 16 (initial active 16) (16 cores per cpu, 2 threads per core) family 23 model 96 stepping 1 microcode 0x0, cx8, cmov, fxsr, ht, mmx, 3dnowpref, sse, sse2, sse3, ssse3, sse4a, sse4.1, sse4.2, popcnt, lzcnt, tsc, tscinvbit, avx, avx2, aes, clmul, bmi1, bmi2, adx, sha, fma, vzeroupper, clflush, clflushopt
Processor Information for all 16 processors :
  Max Mhz: 2901, Current Mhz: 2901, Mhz Limit: 2901

Memory: 4k page, system-wide physical 15791M (2334M free)
TotalPageFile size 17839M (AvailPageFile size 4M)
current process WorkingSet (physical memory assigned to process): 178M, peak: 178M
current process commit charge ("private bytes"): 236M, peak: 403M

vm_info: OpenJDK 64-Bit Server VM (17.0.9+0--11185874) for windows-amd64 JRE (17.0.9+0--11185874), built on Dec  6 2023 18:57:44 by "androidbuild" with MS VC++ 16.10 / 16.11 (VS2019)

END.
