#
# There is insufficient memory for the Java Runtime Environment to continue.
# Native memory allocation (mmap) failed to map 65536 bytes for Failed to commit metaspace.
# Possible reasons:
#   The system is out of physical RAM or swap space
#   The process is running with CompressedOops enabled, and the Java Heap may be blocking the growth of the native heap
# Possible solutions:
#   Reduce memory load on the system
#   Increase physical memory or swap space
#   Check if swap backing store is full
#   Decrease Java heap size (-Xmx/-Xms)
#   Decrease number of Java threads
#   Decrease Java thread stack sizes (-Xss)
#   Set larger code cache with -XX:ReservedCodeCacheSize=
#   JVM is running with Zero Based Compressed Oops mode in which the Java heap is
#     placed in the first 32GB address space. The Java Heap base address is the
#     maximum limit for the native heap growth. Please use -XX:HeapBaseMinAddress
#     to set the Java Heap base and to place the Java Heap above 32GB virtual address.
# This output file may be truncated or incomplete.
#
#  Out of Memory Error (virtualSpaceNode.cpp:110), pid=21364, tid=21420
#
# JRE version: OpenJDK Runtime Environment (17.0.9) (build 17.0.9+0--11185874)
# Java VM: OpenJDK 64-Bit Server VM (17.0.9+0--11185874, mixed mode, tiered, compressed oops, compressed class ptrs, g1 gc, windows-amd64)
# No core dump will be written. Minidumps are not enabled by default on client versions of Windows
#

---------------  S U M M A R Y ------------

Command Line: org.jetbrains.kotlin.cli.jvm.K2JVMCompiler @O:\ASProjects\Snapz\app\build\20240314_739062139250758739.compiler.options

Host: AMD Ryzen 7 4800H with Radeon Graphics         , 16 cores, 15G,  Windows 11 , 64 bit Build 22621 (10.0.22621.3235)
Time: Thu Mar 14 00:27:35 2024  Windows 11 , 64 bit Build 22621 (10.0.22621.3235) elapsed time: 0.881364 seconds (0d 0h 0m 0s)

---------------  T H R E A D  ---------------

Current thread (0x0000024d0ea799e0):  JavaThread "main" [_thread_in_vm, id=21420, stack(0x0000009444200000,0x0000009444300000)]

Stack: [0x0000009444200000,0x0000009444300000]
Native frames: (J=compiled Java code, j=interpreted, Vv=VM code, C=native code)
V  [jvm.dll+0x6886e9]
V  [jvm.dll+0x841e4a]
V  [jvm.dll+0x843a8e]
V  [jvm.dll+0x8440f3]
V  [jvm.dll+0x24c14f]
V  [jvm.dll+0x83ce2b]
V  [jvm.dll+0x62cae6]
V  [jvm.dll+0x1c2f6e]
V  [jvm.dll+0x62f441]
V  [jvm.dll+0x62d486]
V  [jvm.dll+0x637377]
V  [jvm.dll+0x1ef15b]
V  [jvm.dll+0x1ef695]
V  [jvm.dll+0x1f0035]
V  [jvm.dll+0x1e54cc]
V  [jvm.dll+0x54e1bc]
V  [jvm.dll+0x7bb175]
V  [jvm.dll+0x7bb28e]
V  [jvm.dll+0x4166fa]
V  [jvm.dll+0x41c899]
C  [java.dll+0x17ec]

Java frames: (J=compiled Java code, j=interpreted, Vv=VM code)
J 506  java.lang.ClassLoader.defineClass1(Ljava/lang/ClassLoader;Ljava/lang/String;[BIILjava/security/ProtectionDomain;Ljava/lang/String;)Ljava/lang/Class; java.base@17.0.9 (0 bytes) @ 0x0000024d19b9ace3 [0x0000024d19b9ac20+0x00000000000000c3]
J 528 c1 java.lang.ClassLoader.defineClass(Ljava/lang/String;[BIILjava/security/ProtectionDomain;)Ljava/lang/Class; java.base@17.0.9 (43 bytes) @ 0x0000024d120486dc [0x0000024d12048380+0x000000000000035c]
J 493 c1 java.security.SecureClassLoader.defineClass(Ljava/lang/String;[BIILjava/security/CodeSource;)Ljava/lang/Class; java.base@17.0.9 (16 bytes) @ 0x0000024d1202ff0c [0x0000024d1202fe40+0x00000000000000cc]
J 484 c1 jdk.internal.loader.BuiltinClassLoader.defineClass(Ljava/lang/String;Ljdk/internal/loader/Resource;)Ljava/lang/Class; java.base@17.0.9 (121 bytes) @ 0x0000024d12032004 [0x0000024d12030ca0+0x0000000000001364]
J 351 c1 jdk.internal.loader.BuiltinClassLoader.findClassOnClassPathOrNull(Ljava/lang/String;)Ljava/lang/Class; java.base@17.0.9 (64 bytes) @ 0x0000024d11fd96bc [0x0000024d11fd8600+0x00000000000010bc]
J 231 c1 jdk.internal.loader.BuiltinClassLoader.loadClassOrNull(Ljava/lang/String;Z)Ljava/lang/Class; java.base@17.0.9 (143 bytes) @ 0x0000024d11fa14d4 [0x0000024d11fa05c0+0x0000000000000f14]
J 317 c1 jdk.internal.loader.ClassLoaders$AppClassLoader.loadClass(Ljava/lang/String;Z)Ljava/lang/Class; java.base@17.0.9 (40 bytes) @ 0x0000024d11fbbb8c [0x0000024d11fbb560+0x000000000000062c]
J 316 c1 java.lang.ClassLoader.loadClass(Ljava/lang/String;)Ljava/lang/Class; java.base@17.0.9 (7 bytes) @ 0x0000024d11fbabcc [0x0000024d11fbaac0+0x000000000000010c]
v  ~StubRoutines::call_stub
j  org.jetbrains.kotlin.com.intellij.util.containers.IntKeyWeakValueHashMap.<init>()V+5
j  org.jetbrains.kotlin.com.intellij.util.containers.ContainerUtil.createIntKeyWeakValueMap()Lorg/jetbrains/kotlin/com/intellij/util/containers/IntObjectMap;+4
j  org.jetbrains.kotlin.com.intellij.openapi.util.Key.<clinit>()V+10
v  ~StubRoutines::call_stub
j  org.jetbrains.kotlin.config.CompilerConfigurationKey.<init>(Ljava/lang/String;)V+14
j  org.jetbrains.kotlin.config.CompilerConfigurationKey.create(Ljava/lang/String;)Lorg/jetbrains/kotlin/config/CompilerConfigurationKey;+13
j  org.jetbrains.kotlin.cli.common.CLIConfigurationKeys.<clinit>()V+2
v  ~StubRoutines::call_stub
j  org.jetbrains.kotlin.cli.common.CLICompiler.execImpl(Lorg/jetbrains/kotlin/cli/common/messages/MessageCollector;Lorg/jetbrains/kotlin/config/Services;Lorg/jetbrains/kotlin/cli/common/arguments/CommonCompilerArguments;)Lorg/jetbrains/kotlin/cli/common/ExitCode;+56
j  org.jetbrains.kotlin.cli.common.CLICompiler.execImpl(Lorg/jetbrains/kotlin/cli/common/messages/MessageCollector;Lorg/jetbrains/kotlin/config/Services;Lorg/jetbrains/kotlin/cli/common/arguments/CommonToolArguments;)Lorg/jetbrains/kotlin/cli/common/ExitCode;+7
j  org.jetbrains.kotlin.cli.common.CLITool.exec(Lorg/jetbrains/kotlin/cli/common/messages/MessageCollector;Lorg/jetbrains/kotlin/config/Services;Lorg/jetbrains/kotlin/cli/common/arguments/CommonToolArguments;)Lorg/jetbrains/kotlin/cli/common/ExitCode;+76
j  org.jetbrains.kotlin.cli.common.CLITool.exec(Ljava/io/PrintStream;Lorg/jetbrains/kotlin/config/Services;Lorg/jetbrains/kotlin/cli/common/messages/MessageRenderer;[Ljava/lang/String;)Lorg/jetbrains/kotlin/cli/common/ExitCode;+239
j  org.jetbrains.kotlin.cli.common.CLITool.exec(Ljava/io/PrintStream;Lorg/jetbrains/kotlin/cli/common/messages/MessageRenderer;[Ljava/lang/String;)Lorg/jetbrains/kotlin/cli/common/ExitCode;+25
j  org.jetbrains.kotlin.cli.common.CLITool$Companion.doMainNoExit(Lorg/jetbrains/kotlin/cli/common/CLITool;[Ljava/lang/String;Lorg/jetbrains/kotlin/cli/common/messages/MessageRenderer;)Lorg/jetbrains/kotlin/cli/common/ExitCode;+39
j  org.jetbrains.kotlin.cli.common.CLITool$Companion.doMainNoExit$default(Lorg/jetbrains/kotlin/cli/common/CLITool$Companion;Lorg/jetbrains/kotlin/cli/common/CLITool;[Ljava/lang/String;Lorg/jetbrains/kotlin/cli/common/messages/MessageRenderer;ILjava/lang/Object;)Lorg/jetbrains/kotlin/cli/common/ExitCode;+16
j  org.jetbrains.kotlin.cli.common.CLITool$Companion.doMain(Lorg/jetbrains/kotlin/cli/common/CLITool;[Ljava/lang/String;)V+57
j  org.jetbrains.kotlin.cli.jvm.K2JVMCompiler$Companion.main([Ljava/lang/String;)V+20
j  org.jetbrains.kotlin.cli.jvm.K2JVMCompiler.main([Ljava/lang/String;)V+4
v  ~StubRoutines::call_stub

Compiled method (n/a)     888  506     n 0       java.lang.ClassLoader::defineClass1 (native)
 total in heap  [0x0000024d19b9aa90,0x0000024d19b9af70] = 1248
 relocation     [0x0000024d19b9abe8,0x0000024d19b9ac20] = 56
 main code      [0x0000024d19b9ac20,0x0000024d19b9af70] = 848

[Constant Pool (empty)]

[MachCode]
[Entry Point]
  # {method} {0x0000024d2e024f38} 'defineClass1' '(Ljava/lang/ClassLoader;Ljava/lang/String;[BIILjava/security/ProtectionDomain;Ljava/lang/String;)Ljava/lang/Class;' in 'java/lang/ClassLoader'
  # parm0:    rdx:rdx   = 'java/lang/ClassLoader'
  # parm1:    r8:r8     = 'java/lang/String'
  # parm2:    r9:r9     = '[B'
  # parm3:    rdi       = int
  # parm4:    rsi       = int
  # parm5:    rcx:rcx   = 'java/security/ProtectionDomain'
  # parm6:    [sp+0xa0]   = 'java/lang/String'  (sp of caller)
  0x0000024d19b9ac20: 448b 5208 | 49bb 0000 | 0000 0800 | 0000 4d03 | d349 3bc2 | 0f84 0600 

  0x0000024d19b9ac38: ;   {runtime_call ic_miss_stub}
  0x0000024d19b9ac38: 0000 e941 | 6485 ff90 
[Verified Entry Point]
  0x0000024d19b9ac40: 8984 2400 | 90ff ff55 | 488b ec48 | 81ec 9000 | 0000 4881 | 7d10 0000 | 0000 488d | 4510 480f 
  0x0000024d19b9ac60: 4445 1048 | 8944 2440 | 4889 4c24 | 7048 83f9 | 0048 8d44 | 2470 480f | 4444 2470 | 4889 4424 
  0x0000024d19b9ac80: 3848 8974 | 2430 4889 | 7c24 284c | 894c 2458 | 4983 f900 | 488d 4424 | 5848 0f44 | 4424 5848 
  0x0000024d19b9aca0: 8944 2420 | 4c89 4424 | 5049 83f8 | 004c 8d4c | 2450 4c0f | 444c 2450 | 4889 5424 | 4848 83fa 
  0x0000024d19b9acc0: 004c 8d44 | 2448 4c0f | 4444 2448 

  0x0000024d19b9accc: ;   {oop(a 'java/lang/Class'{0x0000000717453f48} = 'java/lang/ClassLoader')}
  0x0000024d19b9accc: 49be 483f | 4517 0700 | 0000 4c89 | 7424 784c | 8d74 2478 | 498b d6c5 

  0x0000024d19b9ace4: ;   {internal_word}
  0x0000024d19b9ace4: f877 49ba | e3ac b919 | 4d02 0000 | 4d89 97a0 | 0200 0049 | 89a7 9802 

  0x0000024d19b9acfc: ;   {external_word}
  0x0000024d19b9acfc: 0000 49ba | 3d39 d2fa | fe7f 0000 | 4180 3a00 | 0f84 5200 | 0000 5241 

  0x0000024d19b9ad14: ;   {metadata({method} {0x0000024d2e024f38} 'defineClass1' '(Ljava/lang/ClassLoader;Ljava/lang/String;[BIILjava/security/ProtectionDomain;Ljava/lang/String;)Ljava/lang/Class;' in 'java/lang/ClassLoader')}
  0x0000024d19b9ad14: 5041 5148 | ba30 4f02 | 2e4d 0200 | 0049 8bcf | 4883 ec20 | f7c4 0f00 | 0000 0f84 | 1a00 0000 
  0x0000024d19b9ad34: 4883 ec08 

  0x0000024d19b9ad38: ;   {runtime_call}
  0x0000024d19b9ad38: 49ba d0ec | 87fa fe7f | 0000 41ff | d248 83c4 | 08e9 0d00 

  0x0000024d19b9ad4c: ;   {runtime_call}
  0x0000024d19b9ad4c: 0000 49ba | d0ec 87fa | fe7f 0000 | 41ff d248 | 83c4 2041 | 5941 585a | 498d 8fb8 | 0200 0041 
  0x0000024d19b9ad6c: c787 4803 | 0000 0400 

  0x0000024d19b9ad74: ;   {runtime_call}
  0x0000024d19b9ad74: 0000 49ba | ac16 4d3e | ff7f 0000 | 41ff d2c5 | f877 41c7 | 8748 0300 | 0005 0000 | 00f0 8344 
  0x0000024d19b9ad94: 24c0 0049 | 3baf 5003 | 0000 0f87 | 1100 0000 | 4181 bf38 | 0300 0000 | 0000 000f | 842c 0000 
  0x0000024d19b9adb4: 00c5 f877 | 4889 45f8 | 498b cf4c | 8be4 4883 | ec20 4883 

  0x0000024d19b9adc8: ;   {runtime_call}
  0x0000024d19b9adc8: e4f0 49ba | 600b 98fa | fe7f 0000 | 41ff d249 | 8be4 4d33 | e448 8b45 | f841 c787 | 4803 0000 
  0x0000024d19b9ade8: 0800 0000 | 4181 bfb8 | 0300 0002 | 0000 000f | 843f 0100 

  0x0000024d19b9adfc: ;   {external_word}
  0x0000024d19b9adfc: 0049 ba3d | 39d2 fafe | 7f00 0041 | 803a 000f | 8450 0000 | 0048 8945 

  0x0000024d19b9ae14: ;   {metadata({method} {0x0000024d2e024f38} 'defineClass1' '(Ljava/lang/ClassLoader;Ljava/lang/String;[BIILjava/security/ProtectionDomain;Ljava/lang/String;)Ljava/lang/Class;' in 'java/lang/ClassLoader')}
  0x0000024d19b9ae14: f848 ba30 | 4f02 2e4d | 0200 0049 | 8bcf 4883 | ec20 f7c4 | 0f00 0000 | 0f84 1a00 | 0000 4883 
  0x0000024d19b9ae34: ;   {runtime_call}
  0x0000024d19b9ae34: ec08 49ba | d0ec 87fa | fe7f 0000 | 41ff d248 | 83c4 08e9 | 0d00 0000 

  0x0000024d19b9ae4c: ;   {runtime_call}
  0x0000024d19b9ae4c: 49ba d0ec | 87fa fe7f | 0000 41ff | d248 83c4 | 2048 8b45 | f849 c787 | 9802 0000 | 0000 0000 
  0x0000024d19b9ae6c: 49c7 87a0 | 0200 0000 | 0000 00c5 | f877 4885 | c00f 8493 | 0000 0048 | f7c0 0100 | 0000 0f84 
  0x0000024d19b9ae8c: 8300 0000 | 488b 40ff | 4180 7f38 | 000f 846f | 0000 0048 | 83f8 000f | 8465 0000 | 0049 8b4f 
  0x0000024d19b9aeac: 2048 83f9 | 000f 8414 | 0000 0048 | 83e9 0849 | 894f 2049 | 034f 3048 | 8901 e943 | 0000 0050 
  0x0000024d19b9aecc: 498b d748 | 8bc8 4883 | ec20 f7c4 | 0f00 0000 | 0f84 1a00 | 0000 4883 

  0x0000024d19b9aee4: ;   {runtime_call}
  0x0000024d19b9aee4: ec08 49ba | 7093 46fa | fe7f 0000 | 41ff d248 | 83c4 08e9 | 0d00 0000 

  0x0000024d19b9aefc: ;   {runtime_call}
  0x0000024d19b9aefc: 49ba 7093 | 46fa fe7f | 0000 41ff | d248 83c4 | 2058 e903 | 0000 0048 | 8b00 498b | 8fd8 0000 
  0x0000024d19b9af1c: 00c7 8100 | 0100 0000 | 0000 00c9 | 4981 7f08 | 0000 0000 | 0f85 0100 

  0x0000024d19b9af34: ;   {runtime_call StubRoutines (1)}
  0x0000024d19b9af34: 0000 c3e9 | c45f 80ff | c5f8 7748 | 8945 f84c | 8be4 4883 | ec20 4883 

  0x0000024d19b9af4c: ;   {runtime_call}
  0x0000024d19b9af4c: e4f0 49ba | 601d 88fa | fe7f 0000 | 41ff d249 | 8be4 4d33 | e448 8b45 | f8e9 93fe | ffff f4f4 
  0x0000024d19b9af6c: f4f4 f4f4 
[/MachCode]


Compiled method (c1)     893  528       3       java.lang.ClassLoader::defineClass (43 bytes)
 total in heap  [0x0000024d12048190,0x0000024d12048ac8] = 2360
 relocation     [0x0000024d120482e8,0x0000024d12048378] = 144
 main code      [0x0000024d12048380,0x0000024d12048820] = 1184
 stub code      [0x0000024d12048820,0x0000024d12048898] = 120
 metadata       [0x0000024d12048898,0x0000024d120488c8] = 48
 scopes data    [0x0000024d120488c8,0x0000024d120489b8] = 240
 scopes pcs     [0x0000024d120489b8,0x0000024d12048a98] = 224
 dependencies   [0x0000024d12048a98,0x0000024d12048aa0] = 8
 nul chk table  [0x0000024d12048aa0,0x0000024d12048ac8] = 40

[Constant Pool (empty)]

[MachCode]
[Entry Point]
  # {method} {0x0000024d2e024d18} 'defineClass' '(Ljava/lang/String;[BIILjava/security/ProtectionDomain;)Ljava/lang/Class;' in 'java/lang/ClassLoader'
  # this:     rdx:rdx   = 'java/lang/ClassLoader'
  # parm0:    r8:r8     = 'java/lang/String'
  # parm1:    r9:r9     = '[B'
  # parm2:    rdi       = int
  # parm3:    rsi       = int
  # parm4:    rcx:rcx   = 'java/security/ProtectionDomain'
  #           [sp+0xc0]  (sp of caller)
  0x0000024d12048380: 448b 5208 | 49bb 0000 | 0000 0800 | 0000 4d03 | d34c 3bd0 

  0x0000024d12048394: ;   {runtime_call ic_miss_stub}
  0x0000024d12048394: 0f85 e68c | 3a07 660f | 1f44 0000 
[Verified Entry Point]
  0x0000024d120483a0: 8984 2400 | 90ff ff55 | 4881 ecb0 | 0000 0048 | 8954 2478 

  0x0000024d120483b4: ;   {metadata(method data for {method} {0x0000024d2e024d18} 'defineClass' '(Ljava/lang/String;[BIILjava/security/ProtectionDomain;)Ljava/lang/Class;' in 'java/lang/ClassLoader')}
  0x0000024d120483b4: 48bb f8a3 | 7f2e 4d02 | 0000 8b83 | cc00 0000 | 83c0 0289 | 83cc 0000 | 0081 e0fe | 0700 0083 
  0x0000024d120483d4: f800 0f84 | 5603 0000 | 89b4 2494 | 0000 0089 | bc24 9000 | 0000 4c89 | 8c24 8800 | 0000 488b 
  0x0000024d120483f4: ;   {metadata(method data for {method} {0x0000024d2e024d18} 'defineClass' '(Ljava/lang/String;[BIILjava/security/ProtectionDomain;)Ljava/lang/Class;' in 'java/lang/ClassLoader')}
  0x0000024d120483f4: da48 b8f8 | a37f 2e4d | 0200 0048 | 8380 1001 | 0000 0149 | 8bd8 4c8b | c34c 8bc9 | 488b ca48 
  0x0000024d12048414: 8bd1 4889 | 9c24 8000 

  0x0000024d1204841c: ;   {optimized virtual_call}
  0x0000024d1204841c: 0000 90e8 

  0x0000024d12048420: ; ImmutableOopMap {[120]=Oop [136]=Oop [128]=Oop }
                      ;*invokevirtual preDefineClass {reexecute=0 rethrow=0 return_oop=0}
                      ; - java.lang.ClassLoader::defineClass@4 (line 1015)
  0x0000024d12048420: 7c23 ffff | 4889 8424 | 9800 0000 | 488b 5424 

  0x0000024d12048430: ;   {metadata(method data for {method} {0x0000024d2e024d18} 'defineClass' '(Ljava/lang/String;[BIILjava/security/ProtectionDomain;)Ljava/lang/Class;' in 'java/lang/ClassLoader')}
  0x0000024d12048430: 7849 b8f8 | a37f 2e4d | 0200 0049 | 8380 4801 

  0x0000024d12048440: ;   {metadata(method data for {method} {0x0000024d2e024ae0} 'defineClassSourceLocation' '(Ljava/security/ProtectionDomain;)Ljava/lang/String;' in 'java/lang/ClassLoader')}
  0x0000024d12048440: 0000 0149 | b890 af7f | 2e4d 0200 | 0041 8b90 | cc00 0000 | 83c2 0241 | 8990 cc00 | 0000 81e2 
  0x0000024d12048460: feff 1f00 | 83fa 000f | 84e6 0200 | 0048 3b00 

  0x0000024d12048470: ;   {metadata(method data for {method} {0x0000024d2e024ae0} 'defineClassSourceLocation' '(Ljava/security/ProtectionDomain;)Ljava/lang/String;' in 'java/lang/ClassLoader')}
  0x0000024d12048470: 4c8b c048 | ba90 af7f | 2e4d 0200 | 0048 8382 | 1001 0000 | 0144 8b40 | 1049 c1e0 | 0349 83f8 
  0x0000024d12048490: ;   {metadata(method data for {method} {0x0000024d2e024ae0} 'defineClassSourceLocation' '(Ljava/security/ProtectionDomain;)Ljava/lang/String;' in 'java/lang/ClassLoader')}
  0x0000024d12048490: 0048 ba90 | af7f 2e4d | 0200 0048 | be58 0100 | 0000 0000 | 000f 850a | 0000 0048 | be48 0100 
  0x0000024d120484b0: 0000 0000 | 0048 8b3c | 3248 8d7f | 0148 893c | 320f 850f 

  0x0000024d120484c4: ;   {oop(NULL)}
  0x0000024d120484c4: 0000 0048 | bb00 0000 | 0000 0000 | 00e9 b101 | 0000 493b | 0049 8bd0 

  0x0000024d120484dc: ;   {metadata(method data for {method} {0x0000024d2e024ae0} 'defineClassSourceLocation' '(Ljava/security/ProtectionDomain;)Ljava/lang/String;' in 'java/lang/ClassLoader')}
  0x0000024d120484dc: 48be 90af | 7f2e 4d02 | 0000 4883 | 8668 0100 | 0001 418b | 500c 48c1 | e203 4883 

  0x0000024d120484f8: ;   {metadata(method data for {method} {0x0000024d2e024ae0} 'defineClassSourceLocation' '(Ljava/security/ProtectionDomain;)Ljava/lang/String;' in 'java/lang/ClassLoader')}
  0x0000024d120484f8: fa00 48be | 90af 7f2e | 4d02 0000 | 48bf b001 | 0000 0000 | 0000 0f85 | 0a00 0000 | 48bf a001 
  0x0000024d12048518: 0000 0000 | 0000 488b | 1c3e 488d | 5b01 4889 | 1c3e 0f85 | 0f00 0000 

  0x0000024d12048530: ;   {oop(NULL)}
  0x0000024d12048530: 48bb 0000 | 0000 0000 | 0000 e948 

  0x0000024d1204853c: ;   {metadata(method data for {method} {0x0000024d2e024ae0} 'defineClassSourceLocation' '(Ljava/security/ProtectionDomain;)Ljava/lang/String;' in 'java/lang/ClassLoader')}
  0x0000024d1204853c: 0100 0048 | be90 af7f | 2e4d 0200 | 0048 8386 | c001 0000 | 0148 3b02 

  0x0000024d12048554: ;   {metadata(method data for {method} {0x0000024d2e024ae0} 'defineClassSourceLocation' '(Ljava/security/ProtectionDomain;)Ljava/lang/String;' in 'java/lang/ClassLoader')}
  0x0000024d12048554: 4c8b c248 | be90 af7f | 2e4d 0200 | 0048 8386 | f801 0000 

  0x0000024d12048568: ;   {metadata(method data for {method} {0x0000024d2e0e87e8} 'toString' '()Ljava/lang/String;' in 'java/net/URL')}
  0x0000024d12048568: 0149 b8c0 | b778 2e4d | 0200 0041 | 8bb0 cc00 | 0000 83c6 | 0241 89b0 | cc00 0000 | 81e6 feff 
  0x0000024d12048588: 1f00 83fe | 000f 84f0 | 0100 004c 

  0x0000024d12048594: ;   {metadata(method data for {method} {0x0000024d2e0e87e8} 'toString' '()Ljava/lang/String;' in 'java/net/URL')}
  0x0000024d12048594: 8bc2 48be | c0b7 782e | 4d02 0000 | 4883 8610 | 0100 0001 

  0x0000024d120485a8: ;   {metadata(method data for {method} {0x0000024d2e0e88a0} 'toExternalForm' '()Ljava/lang/String;' in 'java/net/URL')}
  0x0000024d120485a8: 49b8 70ba | 782e 4d02 | 0000 418b | b0cc 0000 | 0083 c602 | 4189 b0cc | 0000 0081 | e6fe ff1f 
  0x0000024d120485c8: 0083 fe00 | 0f84 d201 | 0000 8b72 | 3848 c1e6 | 0348 3b06 

  0x0000024d120485dc: ;   {metadata(method data for {method} {0x0000024d2e0e88a0} 'toExternalForm' '()Ljava/lang/String;' in 'java/net/URL')}
  0x0000024d120485dc: 4c8b c648 | bf70 ba78 | 2e4d 0200 | 0045 8b40 | 0849 ba00 | 0000 0008 | 0000 004d | 03c2 4c3b 
  0x0000024d120485fc: 8720 0100 | 0075 0d48 | 8387 2801 | 0000 01e9 | 6600 0000 | 4c3b 8730 | 0100 0075 | 0d48 8387 
  0x0000024d1204861c: 3801 0000 | 01e9 5000 | 0000 4881 | bf20 0100 | 0000 0000 | 0075 174c | 8987 2001 | 0000 48c7 
  0x0000024d1204863c: 8728 0100 | 0001 0000 | 00e9 2c00 | 0000 4881 | bf30 0100 | 0000 0000 | 0075 174c | 8987 3001 
  0x0000024d1204865c: 0000 48c7 | 8738 0100 | 0001 0000 | 00e9 0800 | 0000 4883 | 8710 0100 | 0001 4c8b | c248 8bd6 
  0x0000024d1204867c: ;   {optimized virtual_call}
  0x0000024d1204867c: 6666 90e8 

  0x0000024d12048680: ; ImmutableOopMap {[120]=Oop [136]=Oop [128]=Oop [152]=Oop }
                      ;*invokevirtual toExternalForm {reexecute=0 rethrow=0 return_oop=0}
                      ; - java.net.URL::toExternalForm@5 (line 1039)
                      ; - java.net.URL::toString@1 (line 1025)
                      ; - java.lang.ClassLoader::defineClassSourceLocation@22 (line 917)
                      ; - java.lang.ClassLoader::defineClass@12 (line 1016)
  0x0000024d12048680: bca0 fcff | 488b d848 | 8b84 2498 | 0000 008b | b424 9400 | 0000 8bbc | 2490 0000 | 004c 8b8c 
  0x0000024d120486a0: 2488 0000 | 004c 8b84 | 2480 0000 | 0048 8b54 

  0x0000024d120486b0: ;   {metadata(method data for {method} {0x0000024d2e024d18} 'defineClass' '(Ljava/lang/String;[BIILjava/security/ProtectionDomain;)Ljava/lang/Class;' in 'java/lang/ClassLoader')}
  0x0000024d120486b0: 2478 48b9 | f8a3 7f2e | 4d02 0000 | 4883 8180 | 0100 0001 | 4c8b da49 | 8bd3 488b | c848 891c 
  0x0000024d120486d0: 2466 0f1f 

  0x0000024d120486d4: ;   {static_call}
  0x0000024d120486d4: 4400 00e8 

  0x0000024d120486d8: ; ImmutableOopMap {[152]=Oop [120]=Oop }
                      ;*invokestatic defineClass1 {reexecute=0 rethrow=0 return_oop=0}
                      ; - java.lang.ClassLoader::defineClass@27 (line 1017)
  0x0000024d120486d8: 6425 b507 | 488b 5424 

  0x0000024d120486e0: ;   {metadata(method data for {method} {0x0000024d2e024d18} 'defineClass' '(Ljava/lang/String;[BIILjava/security/ProtectionDomain;)Ljava/lang/Class;' in 'java/lang/ClassLoader')}
  0x0000024d120486e0: 7849 b8f8 | a37f 2e4d | 0200 0049 | 8380 9001 | 0000 014c | 8bc0 4c8b | 8c24 9800 | 0000 488b 
  0x0000024d12048700: 5424 7848 | 8984 24a0 | 0000 000f 

  0x0000024d1204870c: ;   {optimized virtual_call}
  0x0000024d1204870c: 1f40 00e8 

  0x0000024d12048710: ; ImmutableOopMap {[160]=Oop }
                      ;*invokevirtual postDefineClass {reexecute=0 rethrow=0 return_oop=0}
                      ; - java.lang.ClassLoader::defineClass@37 (line 1018)
  0x0000024d12048710: 0cbd faff | 488b 8424 | a000 0000 | 4881 c4b0 | 0000 005d 

  0x0000024d12048724: ;   {poll_return}
  0x0000024d12048724: 493b a750 | 0300 000f | 8799 0000 

  0x0000024d12048730: ;   {metadata({method} {0x0000024d2e024d18} 'defineClass' '(Ljava/lang/String;[BIILjava/security/ProtectionDomain;)Ljava/lang/Class;' in 'java/lang/ClassLoader')}
  0x0000024d12048730: 00c3 49ba | 104d 022e | 4d02 0000 | 4c89 5424 | 0848 c704 | 24ff ffff 

  0x0000024d12048748: ;   {runtime_call counter_overflow Runtime1 stub}
  0x0000024d12048748: ffe8 3216 

  0x0000024d1204874c: ; ImmutableOopMap {rdx=Oop [120]=Oop r8=Oop r9=Oop rcx=Oop }
                      ;*synchronization entry
                      ; - java.lang.ClassLoader::defineClass@-1 (line 1015)
  0x0000024d1204874c: 4507 e989 

  0x0000024d12048750: ;   {metadata({method} {0x0000024d2e024ae0} 'defineClassSourceLocation' '(Ljava/security/ProtectionDomain;)Ljava/lang/String;' in 'java/lang/ClassLoader')}
  0x0000024d12048750: fcff ff49 | bad8 4a02 | 2e4d 0200 | 004c 8954 | 2408 48c7 | 0424 ffff 

  0x0000024d12048768: ;   {runtime_call counter_overflow Runtime1 stub}
  0x0000024d12048768: ffff e811 

  0x0000024d1204876c: ; ImmutableOopMap {[120]=Oop [136]=Oop [128]=Oop rax=Oop [152]=Oop }
                      ;*synchronization entry
                      ; - java.lang.ClassLoader::defineClassSourceLocation@-1 (line 914)
                      ; - java.lang.ClassLoader::defineClass@12 (line 1016)
  0x0000024d1204876c: 1645 07e9 | f9fc ffff 

  0x0000024d12048774: ;   {runtime_call throw_null_pointer_exception Runtime1 stub}
  0x0000024d12048774: e827 c544 

  0x0000024d12048778: ; ImmutableOopMap {[120]=Oop [136]=Oop [128]=Oop rax=Oop [152]=Oop }
                      ;*invokevirtual getCodeSource {reexecute=0 rethrow=0 return_oop=0}
                      ; - java.lang.ClassLoader::defineClassSourceLocation@1 (line 914)
                      ; - java.lang.ClassLoader::defineClass@12 (line 1016)
                      ;   {runtime_call throw_null_pointer_exception Runtime1 stub}
  0x0000024d12048778: 07e8 22c5 

  0x0000024d1204877c: ; ImmutableOopMap {[120]=Oop [136]=Oop [128]=Oop rax=Oop [152]=Oop r8=Oop }
                      ;*invokevirtual getLocation {reexecute=0 rethrow=0 return_oop=0}
                      ; - java.lang.ClassLoader::defineClassSourceLocation@12 (line 916)
                      ; - java.lang.ClassLoader::defineClass@12 (line 1016)
                      ;   {runtime_call throw_null_pointer_exception Runtime1 stub}
  0x0000024d1204877c: 4407 e81d 

  0x0000024d12048780: ; ImmutableOopMap {[120]=Oop [136]=Oop [128]=Oop [152]=Oop rdx=Oop }
                      ;*invokevirtual toString {reexecute=0 rethrow=0 return_oop=0}
                      ; - java.lang.ClassLoader::defineClassSourceLocation@22 (line 917)
                      ; - java.lang.ClassLoader::defineClass@12 (line 1016)
                      ;   {metadata({method} {0x0000024d2e0e87e8} 'toString' '()Ljava/lang/String;' in 'java/net/URL')}
  0x0000024d12048780: c544 0749 | bae0 870e | 2e4d 0200 | 004c 8954 | 2408 48c7 | 0424 ffff 

  0x0000024d12048798: ;   {runtime_call counter_overflow Runtime1 stub}
  0x0000024d12048798: ffff e8e1 

  0x0000024d1204879c: ; ImmutableOopMap {[120]=Oop [136]=Oop [128]=Oop [152]=Oop rdx=Oop }
                      ;*synchronization entry
                      ; - java.net.URL::toString@-1 (line 1025)
                      ; - java.lang.ClassLoader::defineClassSourceLocation@22 (line 917)
                      ; - java.lang.ClassLoader::defineClass@12 (line 1016)
  0x0000024d1204879c: 1545 07e9 | effd ffff 

  0x0000024d120487a4: ;   {metadata({method} {0x0000024d2e0e88a0} 'toExternalForm' '()Ljava/lang/String;' in 'java/net/URL')}
  0x0000024d120487a4: 49ba 9888 | 0e2e 4d02 | 0000 4c89 | 5424 0848 | c704 24ff 

  0x0000024d120487b8: ;   {runtime_call counter_overflow Runtime1 stub}
  0x0000024d120487b8: ffff ffe8 

  0x0000024d120487bc: ; ImmutableOopMap {[120]=Oop [136]=Oop [128]=Oop [152]=Oop rdx=Oop }
                      ;*synchronization entry
                      ; - java.net.URL::toExternalForm@-1 (line 1039)
                      ; - java.net.URL::toString@1 (line 1025)
                      ; - java.lang.ClassLoader::defineClassSourceLocation@22 (line 917)
                      ; - java.lang.ClassLoader::defineClass@12 (line 1016)
  0x0000024d120487bc: c015 4507 | e90d feff 

  0x0000024d120487c4: ;   {runtime_call throw_null_pointer_exception Runtime1 stub}
  0x0000024d120487c4: ffe8 d6c4 

  0x0000024d120487c8: ; ImmutableOopMap {[120]=Oop [136]=Oop [128]=Oop [152]=Oop rdx=Oop rsi=Oop }
                      ;*invokevirtual toExternalForm {reexecute=0 rethrow=0 return_oop=0}
                      ; - java.net.URL::toExternalForm@5 (line 1039)
                      ; - java.net.URL::toString@1 (line 1025)
                      ; - java.lang.ClassLoader::defineClassSourceLocation@22 (line 917)
                      ; - java.lang.ClassLoader::defineClass@12 (line 1016)
                      ;   {internal_word}
  0x0000024d120487c8: 4407 49ba | 2487 0412 | 4d02 0000 | 4d89 9768 

  0x0000024d120487d8: ;   {runtime_call SafepointBlob}
  0x0000024d120487d8: 0300 00e9 | 20f2 3a07 | 9090 498b | 87e0 0300 | 0049 c787 | e003 0000 | 0000 0000 | 49c7 87e8 
  0x0000024d120487f8: 0300 0000 | 0000 0048 | 81c4 b000 

  0x0000024d12048804: ;   {runtime_call unwind_exception Runtime1 stub}
  0x0000024d12048804: 0000 5de9 | f4e4 3b07 | f4f4 f4f4 | f4f4 f4f4 | f4f4 f4f4 | f4f4 f4f4 | f4f4 f4f4 
[Stub Code]
  0x0000024d12048820: ;   {no_reloc}
  0x0000024d12048820: 0f1f 4400 

  0x0000024d12048824: ;   {static_stub}
  0x0000024d12048824: 0048 bb00 | 0000 0000 

  0x0000024d1204882c: ;   {runtime_call}
  0x0000024d1204882c: 0000 00e9 | fbff ffff 

  0x0000024d12048834: ;   {static_stub}
  0x0000024d12048834: 9048 bb00 | 0000 0000 

  0x0000024d1204883c: ;   {runtime_call}
  0x0000024d1204883c: 0000 00e9 | fbff ffff 

  0x0000024d12048844: ;   {static_stub}
  0x0000024d12048844: 9048 bb00 | 0000 0000 

  0x0000024d1204884c: ;   {runtime_call}
  0x0000024d1204884c: 0000 00e9 | fbff ffff 

  0x0000024d12048854: ;   {static_stub}
  0x0000024d12048854: 9048 bb00 | 0000 0000 

  0x0000024d1204885c: ;   {runtime_call}
  0x0000024d1204885c: 0000 00e9 | fbff ffff 
[Exception Handler]
  0x0000024d12048864: ;   {runtime_call handle_exception_from_callee Runtime1 stub}
  0x0000024d12048864: e817 e244 

  0x0000024d12048868: ;   {external_word}
  0x0000024d12048868: 0748 b9a0 | 7dac fafe | 7f00 0048 

  0x0000024d12048874: ;   {runtime_call}
  0x0000024d12048874: 83e4 f049 | bad0 e274 | fafe 7f00 | 0041 ffd2 

  0x0000024d12048884: ;   {section_word}
  0x0000024d12048884: f449 ba85 | 8804 124d | 0200 0041 

  0x0000024d12048890: ;   {runtime_call DeoptimizationBlob}
  0x0000024d12048890: 52e9 0ae4 | 3a07 f4f4 
[/MachCode]


Compiled method (c1)     900  493       3       java.security.SecureClassLoader::defineClass (16 bytes)
 total in heap  [0x0000024d1202fc90,0x0000024d12030080] = 1008
 relocation     [0x0000024d1202fde8,0x0000024d1202fe30] = 72
 main code      [0x0000024d1202fe40,0x0000024d1202ff80] = 320
 stub code      [0x0000024d1202ff80,0x0000024d1202ffd8] = 88
 metadata       [0x0000024d1202ffd8,0x0000024d1202ffe0] = 8
 scopes data    [0x0000024d1202ffe0,0x0000024d12030028] = 72
 scopes pcs     [0x0000024d12030028,0x0000024d12030078] = 80
 dependencies   [0x0000024d12030078,0x0000024d12030080] = 8

[Constant Pool (empty)]

[MachCode]
[Entry Point]
  # {method} {0x0000024d2e03da68} 'defineClass' '(Ljava/lang/String;[BIILjava/security/CodeSource;)Ljava/lang/Class;' in 'java/security/SecureClassLoader'
  # this:     rdx:rdx   = 'java/security/SecureClassLoader'
  # parm0:    r8:r8     = 'java/lang/String'
  # parm1:    r9:r9     = '[B'
  # parm2:    rdi       = int
  # parm3:    rsi       = int
  # parm4:    rcx:rcx   = 'java/security/CodeSource'
  #           [sp+0x80]  (sp of caller)
  0x0000024d1202fe40: 448b 5208 | 49bb 0000 | 0000 0800 | 0000 4d03 | d34c 3bd0 

  0x0000024d1202fe54: ;   {runtime_call ic_miss_stub}
  0x0000024d1202fe54: 0f85 2612 | 3c07 660f | 1f44 0000 
[Verified Entry Point]
  0x0000024d1202fe60: 8984 2400 | 90ff ff55 | 4883 ec70 

  0x0000024d1202fe6c: ;   {metadata(method data for {method} {0x0000024d2e03da68} 'defineClass' '(Ljava/lang/String;[BIILjava/security/CodeSource;)Ljava/lang/Class;' in 'java/security/SecureClassLoader')}
  0x0000024d1202fe6c: 48bb 8021 | 7a2e 4d02 | 0000 8b83 | cc00 0000 | 83c0 0289 | 83cc 0000 | 0081 e0fe | 0700 0083 
  0x0000024d1202fe8c: f800 0f84 | 8b00 0000 | 8974 245c | 897c 2458 | 4c89 4c24 | 504c 8944 | 2448 488b 

  0x0000024d1202fea8: ;   {metadata(method data for {method} {0x0000024d2e03da68} 'defineClass' '(Ljava/lang/String;[BIILjava/security/CodeSource;)Ljava/lang/Class;' in 'java/security/SecureClassLoader')}
  0x0000024d1202fea8: da48 b880 | 217a 2e4d | 0200 0048 | 8380 1001 | 0000 014c | 8bc1 488b | c248 8bd0 | 4889 4424 
  0x0000024d1202fec8: 4066 0f1f 

  0x0000024d1202fecc: ;   {optimized virtual_call}
  0x0000024d1202fecc: 4400 00e8 

  0x0000024d1202fed0: ; ImmutableOopMap {[80]=Oop [64]=Oop [72]=Oop }
                      ;*invokevirtual getProtectionDomain {reexecute=0 rethrow=0 return_oop=0}
                      ; - java.security.SecureClassLoader::defineClass@9 (line 150)
  0x0000024d1202fed0: cce2 feff | 488b 5424 

  0x0000024d1202fed8: ;   {metadata(method data for {method} {0x0000024d2e03da68} 'defineClass' '(Ljava/lang/String;[BIILjava/security/CodeSource;)Ljava/lang/Class;' in 'java/security/SecureClassLoader')}
  0x0000024d1202fed8: 4049 b880 | 217a 2e4d | 0200 0049 | 8380 4801 | 0000 014c | 8b44 2448 | 4c8b 4c24 | 508b 7c24 
  0x0000024d1202fef8: 588b 7424 | 5c48 8bc8 | 488b 5424 

  0x0000024d1202ff04: ;   {optimized virtual_call}
  0x0000024d1202ff04: 4066 90e8 

  0x0000024d1202ff08: ; ImmutableOopMap {}
                      ;*invokevirtual defineClass {reexecute=0 rethrow=0 return_oop=0}
                      ; - java.security.SecureClassLoader::defineClass@12 (line 150)
  0x0000024d1202ff08: 9484 0100 | 4883 c470 

  0x0000024d1202ff10: ;   {poll_return}
  0x0000024d1202ff10: 5d49 3ba7 | 5003 0000 | 0f87 2200 

  0x0000024d1202ff1c: ;   {metadata({method} {0x0000024d2e03da68} 'defineClass' '(Ljava/lang/String;[BIILjava/security/CodeSource;)Ljava/lang/Class;' in 'java/security/SecureClassLoader')}
  0x0000024d1202ff1c: 0000 c349 | ba60 da03 | 2e4d 0200 | 004c 8954 | 2408 48c7 | 0424 ffff 

  0x0000024d1202ff34: ;   {runtime_call counter_overflow Runtime1 stub}
  0x0000024d1202ff34: ffff e845 

  0x0000024d1202ff38: ; ImmutableOopMap {rdx=Oop r8=Oop r9=Oop rcx=Oop }
                      ;*synchronization entry
                      ; - java.security.SecureClassLoader::defineClass@-1 (line 150)
  0x0000024d1202ff38: 9e46 07e9 | 54ff ffff 

  0x0000024d1202ff40: ;   {internal_word}
  0x0000024d1202ff40: 49ba 11ff | 0212 4d02 | 0000 4d89 | 9768 0300 

  0x0000024d1202ff50: ;   {runtime_call SafepointBlob}
  0x0000024d1202ff50: 00e9 aa7a | 3c07 9090 | 498b 87e0 | 0300 0049 | c787 e003 | 0000 0000 | 0000 49c7 | 87e8 0300 
  0x0000024d1202ff70: 0000 0000 | 0048 83c4 

  0x0000024d1202ff78: ;   {runtime_call unwind_exception Runtime1 stub}
  0x0000024d1202ff78: 705d e981 | 6d3d 07f4 
[Stub Code]
  0x0000024d1202ff80: ;   {no_reloc}
  0x0000024d1202ff80: 0f1f 4400 

  0x0000024d1202ff84: ;   {static_stub}
  0x0000024d1202ff84: 0048 bb00 | 0000 0000 

  0x0000024d1202ff8c: ;   {runtime_call}
  0x0000024d1202ff8c: 0000 00e9 | fbff ffff 

  0x0000024d1202ff94: ;   {static_stub}
  0x0000024d1202ff94: 9048 bb10 | 4d02 2e4d 

  0x0000024d1202ff9c: ;   {runtime_call I2C/C2I adapters}
  0x0000024d1202ff9c: 0200 00e9 | 4774 3b07 
[Exception Handler]
  0x0000024d1202ffa4: ;   {runtime_call handle_exception_from_callee Runtime1 stub}
  0x0000024d1202ffa4: e8d7 6a46 

  0x0000024d1202ffa8: ;   {external_word}
  0x0000024d1202ffa8: 0748 b9a0 | 7dac fafe | 7f00 0048 

  0x0000024d1202ffb4: ;   {runtime_call}
  0x0000024d1202ffb4: 83e4 f049 | bad0 e274 | fafe 7f00 | 0041 ffd2 

  0x0000024d1202ffc4: ;   {section_word}
  0x0000024d1202ffc4: f449 bac5 | ff02 124d | 0200 0041 

  0x0000024d1202ffd0: ;   {runtime_call DeoptimizationBlob}
  0x0000024d1202ffd0: 52e9 ca6c | 3c07 f4f4 
[/MachCode]


---------------  P R O C E S S  ---------------

Threads class SMR info:
_java_thread_list=0x0000024d2dc19750, length=17, elements={
0x0000024d0ea799e0, 0x0000024d2dbf8ae0, 0x0000024d2dbf9760, 0x0000024d2dc40760,
0x0000024d2dc42d40, 0x0000024d2dc43700, 0x0000024d2dc440c0, 0x0000024d2dc45eb0,
0x0000024d2dc609a0, 0x0000024d2dc67090, 0x0000024d2ddcb7d0, 0x0000024d2dddc6a0,
0x0000024d2ddea950, 0x0000024d2debea60, 0x0000024d3236a410, 0x0000024d3235f690,
0x0000024d32555590
}

Java Threads: ( => current thread )
=>0x0000024d0ea799e0 JavaThread "main" [_thread_in_vm, id=21420, stack(0x0000009444200000,0x0000009444300000)]
  0x0000024d2dbf8ae0 JavaThread "Reference Handler" daemon [_thread_blocked, id=21448, stack(0x0000009444900000,0x0000009444a00000)]
  0x0000024d2dbf9760 JavaThread "Finalizer" daemon [_thread_blocked, id=21452, stack(0x0000009444a00000,0x0000009444b00000)]
  0x0000024d2dc40760 JavaThread "Signal Dispatcher" daemon [_thread_blocked, id=21456, stack(0x0000009444b00000,0x0000009444c00000)]
  0x0000024d2dc42d40 JavaThread "Attach Listener" daemon [_thread_blocked, id=21460, stack(0x0000009444c00000,0x0000009444d00000)]
  0x0000024d2dc43700 JavaThread "Service Thread" daemon [_thread_blocked, id=21464, stack(0x0000009444d00000,0x0000009444e00000)]
  0x0000024d2dc440c0 JavaThread "Monitor Deflation Thread" daemon [_thread_blocked, id=21468, stack(0x0000009444e00000,0x0000009444f00000)]
  0x0000024d2dc45eb0 JavaThread "C2 CompilerThread0" daemon [_thread_blocked, id=21472, stack(0x0000009444f00000,0x0000009445000000)]
  0x0000024d2dc609a0 JavaThread "C1 CompilerThread0" daemon [_thread_blocked, id=21476, stack(0x0000009445000000,0x0000009445100000)]
  0x0000024d2dc67090 JavaThread "Sweeper thread" daemon [_thread_blocked, id=21480, stack(0x0000009445100000,0x0000009445200000)]
  0x0000024d2ddcb7d0 JavaThread "C1 CompilerThread1" daemon [_thread_blocked, id=21484, stack(0x0000009445200000,0x0000009445300000)]
  0x0000024d2dddc6a0 JavaThread "Notification Thread" daemon [_thread_blocked, id=21488, stack(0x0000009445300000,0x0000009445400000)]
  0x0000024d2ddea950 JavaThread "Common-Cleaner" daemon [_thread_blocked, id=21496, stack(0x0000009445500000,0x0000009445600000)]
  0x0000024d2debea60 JavaThread "C2 CompilerThread1" daemon [_thread_blocked, id=21500, stack(0x0000009445600000,0x0000009445700000)]
  0x0000024d3236a410 JavaThread "C1 CompilerThread2" daemon [_thread_blocked, id=4536, stack(0x0000009445700000,0x0000009445800000)]
  0x0000024d3235f690 JavaThread "C1 CompilerThread3" daemon [_thread_blocked, id=7428, stack(0x0000009445800000,0x0000009445900000)]
  0x0000024d32555590 JavaThread "C2 CompilerThread2" daemon [_thread_blocked, id=7536, stack(0x0000009445d00000,0x0000009445e00000)]

Other Threads:
  0x0000024d2dbf4ab0 VMThread "VM Thread" [stack: 0x0000009444800000,0x0000009444900000] [id=21444]
  0x0000024d2dde0fb0 WatcherThread [stack: 0x0000009445400000,0x0000009445500000] [id=21492]
  0x0000024d0eae5dd0 GCTaskThread "GC Thread#0" [stack: 0x0000009444300000,0x0000009444400000] [id=21424]
  0x0000024d323fff60 GCTaskThread "GC Thread#1" [stack: 0x0000009445900000,0x0000009445a00000] [id=13124]
  0x0000024d324c1e60 GCTaskThread "GC Thread#2" [stack: 0x0000009445a00000,0x0000009445b00000] [id=1164]
  0x0000024d32433040 GCTaskThread "GC Thread#3" [stack: 0x0000009445b00000,0x0000009445c00000] [id=15560]
  0x0000024d323e0300 GCTaskThread "GC Thread#4" [stack: 0x0000009445c00000,0x0000009445d00000] [id=1228]
  0x0000024d0eaf63e0 ConcurrentGCThread "G1 Main Marker" [stack: 0x0000009444400000,0x0000009444500000] [id=21428]
  0x0000024d0eaf94b0 ConcurrentGCThread "G1 Conc#0" [stack: 0x0000009444500000,0x0000009444600000] [id=21432]
  0x0000024d0eb2ec10 ConcurrentGCThread "G1 Refine#0" [stack: 0x0000009444600000,0x0000009444700000] [id=21436]
  0x0000024d2d817cb0 ConcurrentGCThread "G1 Service" [stack: 0x0000009444700000,0x0000009444800000] [id=21440]

Threads with active compile tasks:

VM state: not at safepoint (normal execution)

VM Mutex/Monitor currently owned by a thread:  ([mutex/lock_event])
[0x0000024d0ea74a70] Metaspace_lock - owner thread: 0x0000024d0ea799e0

Heap address: 0x0000000709400000, size: 3948 MB, Compressed Oops mode: Zero based, Oop shift amount: 3

CDS archive(s) not mapped
Compressed class space mapped at: 0x0000000800000000-0x0000000840000000, reserved size: 1073741824
Narrow klass base: 0x0000000800000000, Narrow klass shift: 0, Narrow klass range: 0x40000000

GC Precious Log:
 CPUs: 16 total, 16 available
 Memory: 15791M
 Large Page Support: Disabled
 NUMA Support: Disabled
 Compressed Oops: Enabled (Zero based)
 Heap Region Size: 2M
 Heap Min Capacity: 8M
 Heap Initial Capacity: 248M
 Heap Max Capacity: 3948M
 Pre-touch: Disabled
 Parallel Workers: 13
 Concurrent Workers: 3
 Concurrent Refinement Workers: 13
 Periodic GC: Disabled

Heap:
 garbage-first heap   total 253952K, used 27123K [0x0000000709400000, 0x0000000800000000)
  region size 2048K, 13 young (26624K), 2 survivors (4096K)
 Metaspace       used 16587K, committed 16704K, reserved 1114112K
  class space    used 1636K, committed 1728K, reserved 1048576K

Heap Regions: E=young(eden), S=young(survivor), O=old, HS=humongous(starts), HC=humongous(continues), CS=collection set, F=free, OA=open archive, CA=closed archive, TAMS=top-at-mark-start (previous, next)
|   0|0x0000000709400000, 0x0000000709600000, 0x0000000709600000|100%|HS|  |TAMS 0x0000000709400000, 0x0000000709400000| Complete 
|   1|0x0000000709600000, 0x0000000709800000, 0x0000000709800000|100%|HC|  |TAMS 0x0000000709600000, 0x0000000709600000| Complete 
|   2|0x0000000709800000, 0x0000000709800000, 0x0000000709a00000|  0%| F|  |TAMS 0x0000000709800000, 0x0000000709800000| Untracked 
|   3|0x0000000709a00000, 0x0000000709a00000, 0x0000000709c00000|  0%| F|  |TAMS 0x0000000709a00000, 0x0000000709a00000| Untracked 
|   4|0x0000000709c00000, 0x0000000709c00000, 0x0000000709e00000|  0%| F|  |TAMS 0x0000000709c00000, 0x0000000709c00000| Untracked 
|   5|0x0000000709e00000, 0x0000000709e00000, 0x000000070a000000|  0%| F|  |TAMS 0x0000000709e00000, 0x0000000709e00000| Untracked 
|   6|0x000000070a000000, 0x000000070a000000, 0x000000070a200000|  0%| F|  |TAMS 0x000000070a000000, 0x000000070a000000| Untracked 
|   7|0x000000070a200000, 0x000000070a200000, 0x000000070a400000|  0%| F|  |TAMS 0x000000070a200000, 0x000000070a200000| Untracked 
|   8|0x000000070a400000, 0x000000070a400000, 0x000000070a600000|  0%| F|  |TAMS 0x000000070a400000, 0x000000070a400000| Untracked 
|   9|0x000000070a600000, 0x000000070a600000, 0x000000070a800000|  0%| F|  |TAMS 0x000000070a600000, 0x000000070a600000| Untracked 
|  10|0x000000070a800000, 0x000000070a800000, 0x000000070aa00000|  0%| F|  |TAMS 0x000000070a800000, 0x000000070a800000| Untracked 
|  11|0x000000070aa00000, 0x000000070aa00000, 0x000000070ac00000|  0%| F|  |TAMS 0x000000070aa00000, 0x000000070aa00000| Untracked 
|  12|0x000000070ac00000, 0x000000070ac00000, 0x000000070ae00000|  0%| F|  |TAMS 0x000000070ac00000, 0x000000070ac00000| Untracked 
|  13|0x000000070ae00000, 0x000000070ae00000, 0x000000070b000000|  0%| F|  |TAMS 0x000000070ae00000, 0x000000070ae00000| Untracked 
|  14|0x000000070b000000, 0x000000070b000000, 0x000000070b200000|  0%| F|  |TAMS 0x000000070b000000, 0x000000070b000000| Untracked 
|  15|0x000000070b200000, 0x000000070b200000, 0x000000070b400000|  0%| F|  |TAMS 0x000000070b200000, 0x000000070b200000| Untracked 
|  16|0x000000070b400000, 0x000000070b400000, 0x000000070b600000|  0%| F|  |TAMS 0x000000070b400000, 0x000000070b400000| Untracked 
|  17|0x000000070b600000, 0x000000070b600000, 0x000000070b800000|  0%| F|  |TAMS 0x000000070b600000, 0x000000070b600000| Untracked 
|  18|0x000000070b800000, 0x000000070b800000, 0x000000070ba00000|  0%| F|  |TAMS 0x000000070b800000, 0x000000070b800000| Untracked 
|  19|0x000000070ba00000, 0x000000070ba00000, 0x000000070bc00000|  0%| F|  |TAMS 0x000000070ba00000, 0x000000070ba00000| Untracked 
|  20|0x000000070bc00000, 0x000000070bc00000, 0x000000070be00000|  0%| F|  |TAMS 0x000000070bc00000, 0x000000070bc00000| Untracked 
|  21|0x000000070be00000, 0x000000070be00000, 0x000000070c000000|  0%| F|  |TAMS 0x000000070be00000, 0x000000070be00000| Untracked 
|  22|0x000000070c000000, 0x000000070c000000, 0x000000070c200000|  0%| F|  |TAMS 0x000000070c000000, 0x000000070c000000| Untracked 
|  23|0x000000070c200000, 0x000000070c200000, 0x000000070c400000|  0%| F|  |TAMS 0x000000070c200000, 0x000000070c200000| Untracked 
|  24|0x000000070c400000, 0x000000070c400000, 0x000000070c600000|  0%| F|  |TAMS 0x000000070c400000, 0x000000070c400000| Untracked 
|  25|0x000000070c600000, 0x000000070c600000, 0x000000070c800000|  0%| F|  |TAMS 0x000000070c600000, 0x000000070c600000| Untracked 
|  26|0x000000070c800000, 0x000000070c800000, 0x000000070ca00000|  0%| F|  |TAMS 0x000000070c800000, 0x000000070c800000| Untracked 
|  27|0x000000070ca00000, 0x000000070ca00000, 0x000000070cc00000|  0%| F|  |TAMS 0x000000070ca00000, 0x000000070ca00000| Untracked 
|  28|0x000000070cc00000, 0x000000070cc00000, 0x000000070ce00000|  0%| F|  |TAMS 0x000000070cc00000, 0x000000070cc00000| Untracked 
|  29|0x000000070ce00000, 0x000000070ce00000, 0x000000070d000000|  0%| F|  |TAMS 0x000000070ce00000, 0x000000070ce00000| Untracked 
|  30|0x000000070d000000, 0x000000070d000000, 0x000000070d200000|  0%| F|  |TAMS 0x000000070d000000, 0x000000070d000000| Untracked 
|  31|0x000000070d200000, 0x000000070d200000, 0x000000070d400000|  0%| F|  |TAMS 0x000000070d200000, 0x000000070d200000| Untracked 
|  32|0x000000070d400000, 0x000000070d400000, 0x000000070d600000|  0%| F|  |TAMS 0x000000070d400000, 0x000000070d400000| Untracked 
|  33|0x000000070d600000, 0x000000070d600000, 0x000000070d800000|  0%| F|  |TAMS 0x000000070d600000, 0x000000070d600000| Untracked 
|  34|0x000000070d800000, 0x000000070d800000, 0x000000070da00000|  0%| F|  |TAMS 0x000000070d800000, 0x000000070d800000| Untracked 
|  35|0x000000070da00000, 0x000000070da00000, 0x000000070dc00000|  0%| F|  |TAMS 0x000000070da00000, 0x000000070da00000| Untracked 
|  36|0x000000070dc00000, 0x000000070dc00000, 0x000000070de00000|  0%| F|  |TAMS 0x000000070dc00000, 0x000000070dc00000| Untracked 
|  37|0x000000070de00000, 0x000000070de00000, 0x000000070e000000|  0%| F|  |TAMS 0x000000070de00000, 0x000000070de00000| Untracked 
|  38|0x000000070e000000, 0x000000070e000000, 0x000000070e200000|  0%| F|  |TAMS 0x000000070e000000, 0x000000070e000000| Untracked 
|  39|0x000000070e200000, 0x000000070e200000, 0x000000070e400000|  0%| F|  |TAMS 0x000000070e200000, 0x000000070e200000| Untracked 
|  40|0x000000070e400000, 0x000000070e400000, 0x000000070e600000|  0%| F|  |TAMS 0x000000070e400000, 0x000000070e400000| Untracked 
|  41|0x000000070e600000, 0x000000070e600000, 0x000000070e800000|  0%| F|  |TAMS 0x000000070e600000, 0x000000070e600000| Untracked 
|  42|0x000000070e800000, 0x000000070e800000, 0x000000070ea00000|  0%| F|  |TAMS 0x000000070e800000, 0x000000070e800000| Untracked 
|  43|0x000000070ea00000, 0x000000070ea00000, 0x000000070ec00000|  0%| F|  |TAMS 0x000000070ea00000, 0x000000070ea00000| Untracked 
|  44|0x000000070ec00000, 0x000000070ec00000, 0x000000070ee00000|  0%| F|  |TAMS 0x000000070ec00000, 0x000000070ec00000| Untracked 
|  45|0x000000070ee00000, 0x000000070ee00000, 0x000000070f000000|  0%| F|  |TAMS 0x000000070ee00000, 0x000000070ee00000| Untracked 
|  46|0x000000070f000000, 0x000000070f000000, 0x000000070f200000|  0%| F|  |TAMS 0x000000070f000000, 0x000000070f000000| Untracked 
|  47|0x000000070f200000, 0x000000070f200000, 0x000000070f400000|  0%| F|  |TAMS 0x000000070f200000, 0x000000070f200000| Untracked 
|  48|0x000000070f400000, 0x000000070f400000, 0x000000070f600000|  0%| F|  |TAMS 0x000000070f400000, 0x000000070f400000| Untracked 
|  49|0x000000070f600000, 0x000000070f600000, 0x000000070f800000|  0%| F|  |TAMS 0x000000070f600000, 0x000000070f600000| Untracked 
|  50|0x000000070f800000, 0x000000070f800000, 0x000000070fa00000|  0%| F|  |TAMS 0x000000070f800000, 0x000000070f800000| Untracked 
|  51|0x000000070fa00000, 0x000000070fa00000, 0x000000070fc00000|  0%| F|  |TAMS 0x000000070fa00000, 0x000000070fa00000| Untracked 
|  52|0x000000070fc00000, 0x000000070fc00000, 0x000000070fe00000|  0%| F|  |TAMS 0x000000070fc00000, 0x000000070fc00000| Untracked 
|  53|0x000000070fe00000, 0x000000070fe00000, 0x0000000710000000|  0%| F|  |TAMS 0x000000070fe00000, 0x000000070fe00000| Untracked 
|  54|0x0000000710000000, 0x0000000710000000, 0x0000000710200000|  0%| F|  |TAMS 0x0000000710000000, 0x0000000710000000| Untracked 
|  55|0x0000000710200000, 0x0000000710200000, 0x0000000710400000|  0%| F|  |TAMS 0x0000000710200000, 0x0000000710200000| Untracked 
|  56|0x0000000710400000, 0x0000000710400000, 0x0000000710600000|  0%| F|  |TAMS 0x0000000710400000, 0x0000000710400000| Untracked 
|  57|0x0000000710600000, 0x0000000710600000, 0x0000000710800000|  0%| F|  |TAMS 0x0000000710600000, 0x0000000710600000| Untracked 
|  58|0x0000000710800000, 0x0000000710800000, 0x0000000710a00000|  0%| F|  |TAMS 0x0000000710800000, 0x0000000710800000| Untracked 
|  59|0x0000000710a00000, 0x0000000710a00000, 0x0000000710c00000|  0%| F|  |TAMS 0x0000000710a00000, 0x0000000710a00000| Untracked 
|  60|0x0000000710c00000, 0x0000000710c00000, 0x0000000710e00000|  0%| F|  |TAMS 0x0000000710c00000, 0x0000000710c00000| Untracked 
|  61|0x0000000710e00000, 0x0000000710e00000, 0x0000000711000000|  0%| F|  |TAMS 0x0000000710e00000, 0x0000000710e00000| Untracked 
|  62|0x0000000711000000, 0x0000000711000000, 0x0000000711200000|  0%| F|  |TAMS 0x0000000711000000, 0x0000000711000000| Untracked 
|  63|0x0000000711200000, 0x0000000711200000, 0x0000000711400000|  0%| F|  |TAMS 0x0000000711200000, 0x0000000711200000| Untracked 
|  64|0x0000000711400000, 0x0000000711400000, 0x0000000711600000|  0%| F|  |TAMS 0x0000000711400000, 0x0000000711400000| Untracked 
|  65|0x0000000711600000, 0x0000000711600000, 0x0000000711800000|  0%| F|  |TAMS 0x0000000711600000, 0x0000000711600000| Untracked 
|  66|0x0000000711800000, 0x0000000711800000, 0x0000000711a00000|  0%| F|  |TAMS 0x0000000711800000, 0x0000000711800000| Untracked 
|  67|0x0000000711a00000, 0x0000000711a00000, 0x0000000711c00000|  0%| F|  |TAMS 0x0000000711a00000, 0x0000000711a00000| Untracked 
|  68|0x0000000711c00000, 0x0000000711c00000, 0x0000000711e00000|  0%| F|  |TAMS 0x0000000711c00000, 0x0000000711c00000| Untracked 
|  69|0x0000000711e00000, 0x0000000711e00000, 0x0000000712000000|  0%| F|  |TAMS 0x0000000711e00000, 0x0000000711e00000| Untracked 
|  70|0x0000000712000000, 0x0000000712000000, 0x0000000712200000|  0%| F|  |TAMS 0x0000000712000000, 0x0000000712000000| Untracked 
|  71|0x0000000712200000, 0x0000000712200000, 0x0000000712400000|  0%| F|  |TAMS 0x0000000712200000, 0x0000000712200000| Untracked 
|  72|0x0000000712400000, 0x0000000712400000, 0x0000000712600000|  0%| F|  |TAMS 0x0000000712400000, 0x0000000712400000| Untracked 
|  73|0x0000000712600000, 0x0000000712600000, 0x0000000712800000|  0%| F|  |TAMS 0x0000000712600000, 0x0000000712600000| Untracked 
|  74|0x0000000712800000, 0x0000000712800000, 0x0000000712a00000|  0%| F|  |TAMS 0x0000000712800000, 0x0000000712800000| Untracked 
|  75|0x0000000712a00000, 0x0000000712a00000, 0x0000000712c00000|  0%| F|  |TAMS 0x0000000712a00000, 0x0000000712a00000| Untracked 
|  76|0x0000000712c00000, 0x0000000712c00000, 0x0000000712e00000|  0%| F|  |TAMS 0x0000000712c00000, 0x0000000712c00000| Untracked 
|  77|0x0000000712e00000, 0x0000000712e00000, 0x0000000713000000|  0%| F|  |TAMS 0x0000000712e00000, 0x0000000712e00000| Untracked 
|  78|0x0000000713000000, 0x0000000713000000, 0x0000000713200000|  0%| F|  |TAMS 0x0000000713000000, 0x0000000713000000| Untracked 
|  79|0x0000000713200000, 0x0000000713200000, 0x0000000713400000|  0%| F|  |TAMS 0x0000000713200000, 0x0000000713200000| Untracked 
|  80|0x0000000713400000, 0x0000000713400000, 0x0000000713600000|  0%| F|  |TAMS 0x0000000713400000, 0x0000000713400000| Untracked 
|  81|0x0000000713600000, 0x0000000713600000, 0x0000000713800000|  0%| F|  |TAMS 0x0000000713600000, 0x0000000713600000| Untracked 
|  82|0x0000000713800000, 0x0000000713800000, 0x0000000713a00000|  0%| F|  |TAMS 0x0000000713800000, 0x0000000713800000| Untracked 
|  83|0x0000000713a00000, 0x0000000713a00000, 0x0000000713c00000|  0%| F|  |TAMS 0x0000000713a00000, 0x0000000713a00000| Untracked 
|  84|0x0000000713c00000, 0x0000000713c00000, 0x0000000713e00000|  0%| F|  |TAMS 0x0000000713c00000, 0x0000000713c00000| Untracked 
|  85|0x0000000713e00000, 0x0000000713e00000, 0x0000000714000000|  0%| F|  |TAMS 0x0000000713e00000, 0x0000000713e00000| Untracked 
|  86|0x0000000714000000, 0x0000000714000000, 0x0000000714200000|  0%| F|  |TAMS 0x0000000714000000, 0x0000000714000000| Untracked 
|  87|0x0000000714200000, 0x0000000714200000, 0x0000000714400000|  0%| F|  |TAMS 0x0000000714200000, 0x0000000714200000| Untracked 
|  88|0x0000000714400000, 0x0000000714400000, 0x0000000714600000|  0%| F|  |TAMS 0x0000000714400000, 0x0000000714400000| Untracked 
|  89|0x0000000714600000, 0x0000000714600000, 0x0000000714800000|  0%| F|  |TAMS 0x0000000714600000, 0x0000000714600000| Untracked 
|  90|0x0000000714800000, 0x0000000714800000, 0x0000000714a00000|  0%| F|  |TAMS 0x0000000714800000, 0x0000000714800000| Untracked 
|  91|0x0000000714a00000, 0x0000000714a00000, 0x0000000714c00000|  0%| F|  |TAMS 0x0000000714a00000, 0x0000000714a00000| Untracked 
|  92|0x0000000714c00000, 0x0000000714c00000, 0x0000000714e00000|  0%| F|  |TAMS 0x0000000714c00000, 0x0000000714c00000| Untracked 
|  93|0x0000000714e00000, 0x0000000714e00000, 0x0000000715000000|  0%| F|  |TAMS 0x0000000714e00000, 0x0000000714e00000| Untracked 
|  94|0x0000000715000000, 0x0000000715000000, 0x0000000715200000|  0%| F|  |TAMS 0x0000000715000000, 0x0000000715000000| Untracked 
|  95|0x0000000715200000, 0x0000000715200000, 0x0000000715400000|  0%| F|  |TAMS 0x0000000715200000, 0x0000000715200000| Untracked 
|  96|0x0000000715400000, 0x0000000715400000, 0x0000000715600000|  0%| F|  |TAMS 0x0000000715400000, 0x0000000715400000| Untracked 
|  97|0x0000000715600000, 0x0000000715600000, 0x0000000715800000|  0%| F|  |TAMS 0x0000000715600000, 0x0000000715600000| Untracked 
|  98|0x0000000715800000, 0x0000000715800000, 0x0000000715a00000|  0%| F|  |TAMS 0x0000000715800000, 0x0000000715800000| Untracked 
|  99|0x0000000715a00000, 0x0000000715a00000, 0x0000000715c00000|  0%| F|  |TAMS 0x0000000715a00000, 0x0000000715a00000| Untracked 
| 100|0x0000000715c00000, 0x0000000715c00000, 0x0000000715e00000|  0%| F|  |TAMS 0x0000000715c00000, 0x0000000715c00000| Untracked 
| 101|0x0000000715e00000, 0x0000000715e00000, 0x0000000716000000|  0%| F|  |TAMS 0x0000000715e00000, 0x0000000715e00000| Untracked 
| 102|0x0000000716000000, 0x0000000716000000, 0x0000000716200000|  0%| F|  |TAMS 0x0000000716000000, 0x0000000716000000| Untracked 
| 103|0x0000000716200000, 0x0000000716200000, 0x0000000716400000|  0%| F|  |TAMS 0x0000000716200000, 0x0000000716200000| Untracked 
| 104|0x0000000716400000, 0x0000000716400000, 0x0000000716600000|  0%| F|  |TAMS 0x0000000716400000, 0x0000000716400000| Untracked 
| 105|0x0000000716600000, 0x0000000716600000, 0x0000000716800000|  0%| F|  |TAMS 0x0000000716600000, 0x0000000716600000| Untracked 
| 106|0x0000000716800000, 0x0000000716800000, 0x0000000716a00000|  0%| F|  |TAMS 0x0000000716800000, 0x0000000716800000| Untracked 
| 107|0x0000000716a00000, 0x0000000716a00000, 0x0000000716c00000|  0%| F|  |TAMS 0x0000000716a00000, 0x0000000716a00000| Untracked 
| 108|0x0000000716c00000, 0x0000000716c00000, 0x0000000716e00000|  0%| F|  |TAMS 0x0000000716c00000, 0x0000000716c00000| Untracked 
| 109|0x0000000716e00000, 0x0000000716e00000, 0x0000000717000000|  0%| F|  |TAMS 0x0000000716e00000, 0x0000000716e00000| Untracked 
| 110|0x0000000717000000, 0x0000000717000000, 0x0000000717200000|  0%| F|  |TAMS 0x0000000717000000, 0x0000000717000000| Untracked 
| 111|0x0000000717200000, 0x000000071727ccb0, 0x0000000717400000| 24%| S|CS|TAMS 0x0000000717200000, 0x0000000717200000| Complete 
| 112|0x0000000717400000, 0x0000000717600000, 0x0000000717600000|100%| S|CS|TAMS 0x0000000717400000, 0x0000000717400000| Complete 
| 113|0x0000000717600000, 0x0000000717800000, 0x0000000717800000|100%| E|  |TAMS 0x0000000717600000, 0x0000000717600000| Complete 
| 114|0x0000000717800000, 0x0000000717a00000, 0x0000000717a00000|100%| E|CS|TAMS 0x0000000717800000, 0x0000000717800000| Complete 
| 115|0x0000000717a00000, 0x0000000717c00000, 0x0000000717c00000|100%| E|CS|TAMS 0x0000000717a00000, 0x0000000717a00000| Complete 
| 116|0x0000000717c00000, 0x0000000717e00000, 0x0000000717e00000|100%| E|CS|TAMS 0x0000000717c00000, 0x0000000717c00000| Complete 
| 117|0x0000000717e00000, 0x0000000718000000, 0x0000000718000000|100%| E|CS|TAMS 0x0000000717e00000, 0x0000000717e00000| Complete 
| 118|0x0000000718000000, 0x0000000718200000, 0x0000000718200000|100%| E|CS|TAMS 0x0000000718000000, 0x0000000718000000| Complete 
| 119|0x0000000718200000, 0x0000000718400000, 0x0000000718400000|100%| E|CS|TAMS 0x0000000718200000, 0x0000000718200000| Complete 
| 120|0x0000000718400000, 0x0000000718600000, 0x0000000718600000|100%| E|CS|TAMS 0x0000000718400000, 0x0000000718400000| Complete 
| 121|0x0000000718600000, 0x0000000718800000, 0x0000000718800000|100%| E|CS|TAMS 0x0000000718600000, 0x0000000718600000| Complete 
| 122|0x0000000718800000, 0x0000000718a00000, 0x0000000718a00000|100%| E|CS|TAMS 0x0000000718800000, 0x0000000718800000| Complete 
| 123|0x0000000718a00000, 0x0000000718c00000, 0x0000000718c00000|100%| E|CS|TAMS 0x0000000718a00000, 0x0000000718a00000| Complete 

Card table byte_map: [0x0000024d21fa0000,0x0000024d22760000] _byte_map_base: 0x0000024d1e756000

Marking Bits (Prev, Next): (CMBitMap*) 0x0000024d0eae63f0, (CMBitMap*) 0x0000024d0eae6430
 Prev Bits: [0x0000024d22f20000, 0x0000024d26cd0000)
 Next Bits: [0x0000024d26cd0000, 0x0000024d2aa80000)

Polling page: 0x0000024d0c7d0000

Metaspace:

Usage:
  Non-class:     14.60 MB used.
      Class:      1.60 MB used.
       Both:     16.20 MB used.

Virtual space:
  Non-class space:       64.00 MB reserved,      14.62 MB ( 23%) committed,  1 nodes.
      Class space:        1.00 GB reserved,       1.69 MB ( <1%) committed,  1 nodes.
             Both:        1.06 GB reserved,      16.31 MB (  1%) committed. 

Chunk freelists:
   Non-Class:  1.11 MB
       Class:  14.36 MB
        Both:  15.47 MB

MaxMetaspaceSize: unlimited
CompressedClassSpaceSize: 1.00 GB
Initial GC threshold: 21.00 MB
Current GC threshold: 21.00 MB
CDS: off
MetaspaceReclaimPolicy: balanced
 - commit_granule_bytes: 65536.
 - commit_granule_words: 8192.
 - virtual_space_node_default_size: 8388608.
 - enlarge_chunks_in_place: 1.
 - new_chunks_are_fully_committed: 0.
 - uncommit_free_chunks: 1.
 - use_allocation_guard: 0.
 - handle_deallocations: 1.


Internal statistics:

num_allocs_failed_limit: 0.
num_arena_births: 40.
num_arena_deaths: 0.
num_vsnodes_births: 2.
num_vsnodes_deaths: 0.
num_space_committed: 261.
num_space_uncommitted: 0.
num_chunks_returned_to_freelist: 0.
num_chunks_taken_from_freelist: 347.
num_chunk_merges: 0.
num_chunk_splits: 293.
num_chunks_enlarged: 259.
num_inconsistent_stats: 0.

CodeHeap 'non-profiled nmethods': size=119168Kb used=1033Kb max_used=1033Kb free=118134Kb
 bounds [0x0000024d19af0000, 0x0000024d19d60000, 0x0000024d20f50000]
CodeHeap 'profiled nmethods': size=119104Kb used=3624Kb max_used=3624Kb free=115479Kb
 bounds [0x0000024d11f50000, 0x0000024d122e0000, 0x0000024d193a0000]
CodeHeap 'non-nmethods': size=7488Kb used=2298Kb max_used=2314Kb free=5189Kb
 bounds [0x0000024d193a0000, 0x0000024d19630000, 0x0000024d19af0000]
 total_blobs=2174 nmethods=1714 adapters=369
 compilation: enabled
              stopped_count=0, restarted_count=0
 full_count=0

Compilation events (20 events):
Event: 0.868 Thread 0x0000024d3235f690 nmethod 1704 0x0000024d122d4090 code [0x0000024d122d4260, 0x0000024d122d4618]
Event: 0.868 Thread 0x0000024d3235f690 1706       3       kotlin.reflect.jvm.internal.impl.metadata.jvm.JvmProtoBuf$JvmPropertySignature::hasSetter (18 bytes)
Event: 0.868 Thread 0x0000024d2ddcb7d0 nmethod 1705 0x0000024d122d4810 code [0x0000024d122d49e0, 0x0000024d122d4d98]
Event: 0.868 Thread 0x0000024d3235f690 nmethod 1706 0x0000024d122d4f90 code [0x0000024d122d5120, 0x0000024d122d5298]
Event: 0.868 Thread 0x0000024d2dc609a0 1708       3       kotlin.text.StringsKt__StringsJVMKt::startsWith (36 bytes)
Event: 0.868 Thread 0x0000024d3236a410 1707       3       kotlin.text.StringsKt__StringsJVMKt::startsWith$default (15 bytes)
Event: 0.868 Thread 0x0000024d3236a410 nmethod 1707 0x0000024d122d5310 code [0x0000024d122d54a0, 0x0000024d122d5608]
Event: 0.868 Thread 0x0000024d2ddcb7d0 1709       3       org.jetbrains.kotlin.cli.common.arguments.ParseCommandLineArgumentsKt::parsePreprocessedCommandLineArguments$matches (256 bytes)
Event: 0.868 Thread 0x0000024d2debea60 1710       4       java.util.LinkedHashMap::get (29 bytes)
Event: 0.869 Thread 0x0000024d2dc609a0 nmethod 1708 0x0000024d122d5710 code [0x0000024d122d59e0, 0x0000024d122d66b8]
Event: 0.869 Thread 0x0000024d2dc45eb0 1711       4       kotlin.jvm.internal.Intrinsics::areEqual (22 bytes)
Event: 0.869 Thread 0x0000024d32555590 1712       4       sun.reflect.annotation.AnnotationInvocationHandler::invoke (178 bytes)
Event: 0.869 Thread 0x0000024d2dc45eb0 nmethod 1711 0x0000024d19bef310 code [0x0000024d19bef480, 0x0000024d19bef518]
Event: 0.869 Thread 0x0000024d2dc45eb0 1713       4       java.lang.StringBuilder::<init> (7 bytes)
Event: 0.870 Thread 0x0000024d2ddcb7d0 nmethod 1709 0x0000024d122d6b90 code [0x0000024d122d7080, 0x0000024d122d94a8]
Event: 0.870 Thread 0x0000024d2dc45eb0 nmethod 1713 0x0000024d19bef610 code [0x0000024d19bef7a0, 0x0000024d19bef958]
Event: 0.870 Thread 0x0000024d2dc45eb0 1714   !   4       jdk.proxy2.$Proxy3::value (29 bytes)
Event: 0.871 Thread 0x0000024d2debea60 nmethod 1710 0x0000024d19befa10 code [0x0000024d19befba0, 0x0000024d19befeb8]
Event: 0.879 Thread 0x0000024d32555590 nmethod 1712 0x0000024d19bf0190 code [0x0000024d19bf0360, 0x0000024d19bf0cb8]
Event: 0.880 Thread 0x0000024d2dc45eb0 nmethod 1714 0x0000024d19bf1390 code [0x0000024d19bf1580, 0x0000024d19bf1f98]

GC Heap History (2 events):
Event: 0.553 GC heap before
{Heap before GC invocations=0 (full 0):
 garbage-first heap   total 253952K, used 24576K [0x0000000709400000, 0x0000000800000000)
  region size 2048K, 11 young (22528K), 0 survivors (0K)
 Metaspace       used 12370K, committed 12480K, reserved 1114112K
  class space    used 1166K, committed 1216K, reserved 1048576K
}
Event: 0.555 GC heap after
{Heap after GC invocations=1 (full 0):
 garbage-first heap   total 253952K, used 6643K [0x0000000709400000, 0x0000000800000000)
  region size 2048K, 2 young (4096K), 2 survivors (4096K)
 Metaspace       used 12370K, committed 12480K, reserved 1114112K
  class space    used 1166K, committed 1216K, reserved 1048576K
}

Dll operation events (1 events):
Event: 0.007 Loaded shared library O:\AndroidStudio\jbr\bin\java.dll

Deoptimization events (20 events):
Event: 0.645 Thread 0x0000024d0ea799e0 DEOPT PACKING pc=0x0000024d19bad6c8 sp=0x00000094442fb800
Event: 0.645 Thread 0x0000024d0ea799e0 DEOPT UNPACKING pc=0x0000024d193f69a3 sp=0x00000094442fb6e8 mode 2
Event: 0.651 Thread 0x0000024d0ea799e0 Uncommon trap: trap_request=0xffffffc6 fr.pc=0x0000024d19bad6c8 relative=0x00000000000004c8
Event: 0.651 Thread 0x0000024d0ea799e0 Uncommon trap: reason=bimorphic_or_optimized_type_check action=maybe_recompile pc=0x0000024d19bad6c8 method=kotlin.reflect.jvm.internal.impl.protobuf.CodedInputStream.tryRefillBuffer(I)Z @ 175 c2
Event: 0.651 Thread 0x0000024d0ea799e0 DEOPT PACKING pc=0x0000024d19bad6c8 sp=0x00000094442fb800
Event: 0.651 Thread 0x0000024d0ea799e0 DEOPT UNPACKING pc=0x0000024d193f69a3 sp=0x00000094442fb6e8 mode 2
Event: 0.651 Thread 0x0000024d0ea799e0 Uncommon trap: trap_request=0xffffffc6 fr.pc=0x0000024d19bad6c8 relative=0x00000000000004c8
Event: 0.651 Thread 0x0000024d0ea799e0 Uncommon trap: reason=bimorphic_or_optimized_type_check action=maybe_recompile pc=0x0000024d19bad6c8 method=kotlin.reflect.jvm.internal.impl.protobuf.CodedInputStream.tryRefillBuffer(I)Z @ 175 c2
Event: 0.651 Thread 0x0000024d0ea799e0 DEOPT PACKING pc=0x0000024d19bad6c8 sp=0x00000094442fbda0
Event: 0.651 Thread 0x0000024d0ea799e0 DEOPT UNPACKING pc=0x0000024d193f69a3 sp=0x00000094442fbc88 mode 2
Event: 0.667 Thread 0x0000024d0ea799e0 Uncommon trap: trap_request=0xffffff45 fr.pc=0x0000024d19ba5158 relative=0x0000000000000418
Event: 0.667 Thread 0x0000024d0ea799e0 Uncommon trap: reason=unstable_if action=reinterpret pc=0x0000024d19ba5158 method=java.util.concurrent.ConcurrentHashMap.get(Ljava/lang/Object;)Ljava/lang/Object; @ 152 c2
Event: 0.667 Thread 0x0000024d0ea799e0 DEOPT PACKING pc=0x0000024d19ba5158 sp=0x00000094442fc270
Event: 0.667 Thread 0x0000024d0ea799e0 DEOPT UNPACKING pc=0x0000024d193f69a3 sp=0x00000094442fc1f8 mode 2
Event: 0.720 Thread 0x0000024d0ea799e0 Uncommon trap: trap_request=0xffffff45 fr.pc=0x0000024d19bb57c4 relative=0x0000000000000504
Event: 0.720 Thread 0x0000024d0ea799e0 Uncommon trap: reason=unstable_if action=reinterpret pc=0x0000024d19bb57c4 method=java.util.ArrayList.grow(I)[Ljava/lang/Object; @ 17 c2
Event: 0.720 Thread 0x0000024d0ea799e0 DEOPT PACKING pc=0x0000024d19bb57c4 sp=0x00000094442fdab0
Event: 0.720 Thread 0x0000024d0ea799e0 DEOPT UNPACKING pc=0x0000024d193f69a3 sp=0x00000094442fd938 mode 2
Event: 0.854 Thread 0x0000024d0ea799e0 DEOPT PACKING pc=0x0000024d19bdb934 sp=0x00000094442fde00
Event: 0.854 Thread 0x0000024d0ea799e0 DEOPT UNPACKING pc=0x0000024d193f7143 sp=0x00000094442fd3d0 mode 0

Classes unloaded (0 events):
No events

Classes redefined (0 events):
No events

Internal exceptions (1 events):
Event: 0.821 Thread 0x0000024d0ea799e0 Exception <a 'java/lang/NoSuchMethodError'{0x0000000717bdff98}: 'java.lang.Object java.lang.invoke.DirectMethodHandle$Holder.newInvokeSpecial(java.lang.Object, java.lang.Object, java.lang.Object, java.lang.Object, java.lang.Object)'> (0x0000000717bdff98) 
thrown [s\src\hotspot\share\interpreter\linkResolver.cpp, line 771]

VM Operations (16 events):
Event: 0.167 Executing VM operation: HandshakeAllThreads
Event: 0.167 Executing VM operation: HandshakeAllThreads done
Event: 0.468 Executing VM operation: HandshakeAllThreads
Event: 0.468 Executing VM operation: HandshakeAllThreads done
Event: 0.553 Executing VM operation: G1CollectForAllocation
Event: 0.555 Executing VM operation: G1CollectForAllocation done
Event: 0.656 Executing VM operation: HandshakeAllThreads
Event: 0.656 Executing VM operation: HandshakeAllThreads done
Event: 0.738 Executing VM operation: ICBufferFull
Event: 0.739 Executing VM operation: ICBufferFull done
Event: 0.772 Executing VM operation: HandshakeAllThreads
Event: 0.772 Executing VM operation: HandshakeAllThreads done
Event: 0.854 Executing VM operation: HandshakeAllThreads
Event: 0.854 Executing VM operation: HandshakeAllThreads done
Event: 0.859 Executing VM operation: ICBufferFull
Event: 0.859 Executing VM operation: ICBufferFull done

Events (20 events):
Event: 0.787 loading class jdk/internal/reflect/Label
Event: 0.787 loading class jdk/internal/reflect/Label done
Event: 0.787 loading class jdk/internal/reflect/Label$PatchInfo
Event: 0.787 loading class jdk/internal/reflect/Label$PatchInfo done
Event: 0.787 loading class jdk/internal/reflect/MethodAccessorGenerator$1
Event: 0.787 loading class jdk/internal/reflect/MethodAccessorGenerator$1 done
Event: 0.787 loading class jdk/internal/reflect/ClassDefiner
Event: 0.787 loading class jdk/internal/reflect/ClassDefiner done
Event: 0.787 loading class jdk/internal/reflect/ClassDefiner$1
Event: 0.787 loading class jdk/internal/reflect/ClassDefiner$1 done
Event: 0.787 loading class jdk/internal/reflect/BootstrapConstructorAccessorImpl
Event: 0.787 loading class jdk/internal/reflect/BootstrapConstructorAccessorImpl done
Event: 0.794 loading class sun/reflect/generics/tree/TypeVariableSignature
Event: 0.794 loading class sun/reflect/generics/tree/TypeVariableSignature done
Event: 0.794 loading class sun/reflect/generics/reflectiveObjects/TypeVariableImpl
Event: 0.794 loading class sun/reflect/generics/reflectiveObjects/LazyReflectiveObjectGenerator
Event: 0.794 loading class sun/reflect/generics/reflectiveObjects/LazyReflectiveObjectGenerator done
Event: 0.794 loading class sun/reflect/generics/reflectiveObjects/TypeVariableImpl done
Event: 0.880 loading class java/util/function/IntFunction
Event: 0.880 loading class java/util/function/IntFunction done


Dynamic libraries:
0x00007ff75fb00000 - 0x00007ff75fb0a000 	O:\AndroidStudio\jbr\bin\java.exe
0x00007fff5dd30000 - 0x00007fff5df46000 	C:\WINDOWS\SYSTEM32\ntdll.dll
0x00007fff5d1b0000 - 0x00007fff5d274000 	C:\WINDOWS\System32\KERNEL32.DLL
0x00007fff5b630000 - 0x00007fff5b9d6000 	C:\WINDOWS\System32\KERNELBASE.dll
0x00007fff5b4e0000 - 0x00007fff5b5f1000 	C:\WINDOWS\System32\ucrtbase.dll
0x00007fff31490000 - 0x00007fff314a7000 	O:\AndroidStudio\jbr\bin\jli.dll
0x00007fff31470000 - 0x00007fff3148b000 	O:\AndroidStudio\jbr\bin\VCRUNTIME140.dll
0x00007fff5c490000 - 0x00007fff5c63d000 	C:\WINDOWS\System32\USER32.dll
0x00007fff5b600000 - 0x00007fff5b626000 	C:\WINDOWS\System32\win32u.dll
0x00007fff46cc0000 - 0x00007fff46f53000 	C:\WINDOWS\WinSxS\amd64_microsoft.windows.common-controls_6595b64144ccf1df_6.0.22621.3235_none_270f74e173860f98\COMCTL32.dll
0x00007fff5d280000 - 0x00007fff5d2a9000 	C:\WINDOWS\System32\GDI32.dll
0x00007fff5c640000 - 0x00007fff5c6e7000 	C:\WINDOWS\System32\msvcrt.dll
0x00007fff5b070000 - 0x00007fff5b188000 	C:\WINDOWS\System32\gdi32full.dll
0x00007fff5b3c0000 - 0x00007fff5b45a000 	C:\WINDOWS\System32\msvcp_win.dll
0x00007fff5dca0000 - 0x00007fff5dcd1000 	C:\WINDOWS\System32\IMM32.DLL
0x00007fff31560000 - 0x00007fff3156c000 	O:\AndroidStudio\jbr\bin\vcruntime140_1.dll
0x00007fff11390000 - 0x00007fff1141d000 	O:\AndroidStudio\jbr\bin\msvcp140.dll
0x00007ffefa190000 - 0x00007ffefae13000 	O:\AndroidStudio\jbr\bin\server\jvm.dll
0x00007fff5d6c0000 - 0x00007fff5d772000 	C:\WINDOWS\System32\ADVAPI32.dll
0x00007fff5cf30000 - 0x00007fff5cfd8000 	C:\WINDOWS\System32\sechost.dll
0x00007fff5b9e0000 - 0x00007fff5ba08000 	C:\WINDOWS\System32\bcrypt.dll
0x00007fff5d5a0000 - 0x00007fff5d6b5000 	C:\WINDOWS\System32\RPCRT4.dll
0x00007fff59f00000 - 0x00007fff59f4d000 	C:\WINDOWS\SYSTEM32\POWRPROF.dll
0x00007fff50b50000 - 0x00007fff50b84000 	C:\WINDOWS\SYSTEM32\WINMM.dll
0x00007fff536a0000 - 0x00007fff536a9000 	C:\WINDOWS\SYSTEM32\WSOCK32.dll
0x00007fff5d780000 - 0x00007fff5d7f1000 	C:\WINDOWS\System32\WS2_32.dll
0x00007fff58940000 - 0x00007fff5894a000 	C:\WINDOWS\SYSTEM32\VERSION.dll
0x00007fff59ee0000 - 0x00007fff59ef3000 	C:\WINDOWS\SYSTEM32\UMPDC.dll
0x00007fff5a1a0000 - 0x00007fff5a1b8000 	C:\WINDOWS\SYSTEM32\kernel.appcore.dll
0x00007fff48870000 - 0x00007fff4887a000 	O:\AndroidStudio\jbr\bin\jimage.dll
0x00007fff58130000 - 0x00007fff58363000 	C:\WINDOWS\SYSTEM32\DBGHELP.DLL
0x00007fff5d810000 - 0x00007fff5db98000 	C:\WINDOWS\System32\combase.dll
0x00007fff5d0d0000 - 0x00007fff5d1a7000 	C:\WINDOWS\System32\OLEAUT32.dll
0x00007fff4fa60000 - 0x00007fff4fa92000 	C:\WINDOWS\SYSTEM32\dbgcore.DLL
0x00007fff5b460000 - 0x00007fff5b4da000 	C:\WINDOWS\System32\bcryptPrimitives.dll
0x00007fff3e4d0000 - 0x00007fff3e4f5000 	O:\AndroidStudio\jbr\bin\java.dll
0x00007fff3e4b0000 - 0x00007fff3e4c8000 	O:\AndroidStudio\jbr\bin\zip.dll
0x00007fff5ba80000 - 0x00007fff5c2dd000 	C:\WINDOWS\System32\SHELL32.dll
0x00007fff58fe0000 - 0x00007fff598d8000 	C:\WINDOWS\SYSTEM32\windows.storage.dll
0x00007fff58ea0000 - 0x00007fff58fde000 	C:\WINDOWS\SYSTEM32\wintypes.dll
0x00007fff5c9b0000 - 0x00007fff5caa3000 	C:\WINDOWS\System32\SHCORE.dll
0x00007fff5d070000 - 0x00007fff5d0ce000 	C:\WINDOWS\System32\shlwapi.dll
0x00007fff5afa0000 - 0x00007fff5afc6000 	C:\WINDOWS\SYSTEM32\profapi.dll
0x00007fff32c60000 - 0x00007fff32c79000 	O:\AndroidStudio\jbr\bin\net.dll
0x00007fff54dd0000 - 0x00007fff54f07000 	C:\WINDOWS\SYSTEM32\WINHTTP.dll
0x00007fff5a620000 - 0x00007fff5a689000 	C:\WINDOWS\system32\mswsock.dll
0x00007fff31870000 - 0x00007fff31886000 	O:\AndroidStudio\jbr\bin\nio.dll

dbghelp: loaded successfully - version: 4.0.5 - missing functions: none
symbol engine: initialized successfully - sym options: 0x614 - pdb path: .;O:\AndroidStudio\jbr\bin;C:\WINDOWS\SYSTEM32;C:\WINDOWS\WinSxS\amd64_microsoft.windows.common-controls_6595b64144ccf1df_6.0.22621.3235_none_270f74e173860f98;O:\AndroidStudio\jbr\bin\server

VM Arguments:
java_command: org.jetbrains.kotlin.cli.jvm.K2JVMCompiler @O:\ASProjects\Snapz\app\build\20240314_739062139250758739.compiler.options
java_class_path (initial): C:\Users\User\.gradle\caches\modules-2\files-2.1\org.jetbrains.kotlin\kotlin-compiler-embeddable\1.9.0\2c8c3a7402becca891f12739b3e9fd2dc2adbd7a\kotlin-compiler-embeddable-1.9.0.jar;C:\Users\User\.gradle\caches\modules-2\files-2.1\org.jetbrains.kotlin\kotlin-stdlib\1.9.0\8ee15ef0c67dc83d874f412d84378d7f0eb50b63\kotlin-stdlib-1.9.0.jar;C:\Users\User\.gradle\caches\modules-2\files-2.1\org.jetbrains.kotlin\kotlin-script-runtime\1.9.0\4b3102cbbb7e1b58d9d1adf89563f00069ffa7d1\kotlin-script-runtime-1.9.0.jar;C:\Users\User\.gradle\caches\modules-2\files-2.1\org.jetbrains.kotlin\kotlin-reflect\1.6.10\1cbe9c92c12a94eea200d23c2bbaedaf3daf5132\kotlin-reflect-1.6.10.jar;C:\Users\User\.gradle\caches\modules-2\files-2.1\org.jetbrains.kotlin\kotlin-daemon-embeddable\1.9.0\186543f5e28cf8d9a0290fecc2cf34301c40a65c\kotlin-daemon-embeddable-1.9.0.jar;C:\Users\User\.gradle\caches\modules-2\files-2.1\org.jetbrains.intellij.deps\trove4j\1.0.20200330\3afb14d5f9ceb459d724e907a21145e8ff394f02\trove4j-1.0.20200330.jar;C:\Users\User\.gradle\caches\modules-2\files-2.1\org.jetbrains.kotlin\kotlin-stdlib-common\1.9.0\cd65c21cfd1eec4d44ef09f9f52b6d9f8a720636\kotlin-stdlib-common-1.9.0.jar;C:\Users\User\.gradle\caches\modules-2\files-2.1\org.jetbrains\annotations\13.0\919f0dfe192fb4e063e7dacadee7f8bb9a2672a9\annotations-13.0.jar
Launcher Type: SUN_STANDARD

[Global flags]
     intx CICompilerCount                          = 12                                        {product} {ergonomic}
     uint ConcGCThreads                            = 3                                         {product} {ergonomic}
     uint G1ConcRefinementThreads                  = 13                                        {product} {ergonomic}
   size_t G1HeapRegionSize                         = 2097152                                   {product} {ergonomic}
    uintx GCDrainStackTargetSize                   = 64                                        {product} {ergonomic}
   size_t InitialHeapSize                          = 260046848                                 {product} {ergonomic}
   size_t MarkStackSize                            = 4194304                                   {product} {ergonomic}
   size_t MaxHeapSize                              = 4139778048                                {product} {ergonomic}
   size_t MaxNewSize                               = 2483027968                                {product} {ergonomic}
   size_t MinHeapDeltaBytes                        = 2097152                                   {product} {ergonomic}
   size_t MinHeapSize                              = 8388608                                   {product} {ergonomic}
    uintx NonNMethodCodeHeapSize                   = 7602480                                {pd product} {ergonomic}
    uintx NonProfiledCodeHeapSize                  = 122027880                              {pd product} {ergonomic}
    uintx ProfiledCodeHeapSize                     = 122027880                              {pd product} {ergonomic}
    uintx ReservedCodeCacheSize                    = 251658240                              {pd product} {ergonomic}
     bool SegmentedCodeCache                       = true                                      {product} {ergonomic}
   size_t SoftMaxHeapSize                          = 4139778048                             {manageable} {ergonomic}
     bool UseCompressedClassPointers               = true                           {product lp64_product} {ergonomic}
     bool UseCompressedOops                        = true                           {product lp64_product} {ergonomic}
     bool UseG1GC                                  = true                                      {product} {ergonomic}
     bool UseLargePagesIndividualAllocation        = false                                  {pd product} {ergonomic}

Logging:
Log output configuration:
 #0: stdout all=warning uptime,level,tags
 #1: stderr all=off uptime,level,tags

Environment Variables:
PATH=C:\Windows\system32;C:\Windows;C:\Windows\System32\Wbem;C:\Windows\System32\WindowsPowerShell\v1.0\;C:\Windows\System32\OpenSSH\;C:\Program Files (x86)\NVIDIA Corporation\PhysX\Common;C:\Program Files\dotnet\;C:\Program Files\NVIDIA Corporation\NVIDIA NvDLISR;C:\WINDOWS\system32;C:\WINDOWS;C:\WINDOWS\System32\Wbem;C:\WINDOWS\System32\WindowsPowerShell\v1.0\;C:\WINDOWS\System32\OpenSSH\;O:\Git\cmd;C:\Users\User\AppData\Local\Microsoft\WindowsApps;C:\Users\User\.dotnet\tools;C:\Users\User\AppData\Local\GitHubDesktop\bin;O:\Microsoft VS Code\bin
USERNAME=User
OS=Windows_NT
PROCESSOR_IDENTIFIER=AMD64 Family 23 Model 96 Stepping 1, AuthenticAMD
TMP=C:\Users\User\AppData\Local\Temp
TEMP=C:\Users\User\AppData\Local\Temp



Periodic native trim disabled

JNI global refs:
JNI global refs: 17, weak refs: 0

JNI global refs memory usage: 843, weak refs: 841

OOME stack traces (most recent first):
Classloader memory used:
Loader jdk.internal.loader.ClassLoaders$AppClassLoader                                 : 1055K
Loader bootstrap                                                                       : 1013K
Loader jdk.internal.reflect.DelegatingClassLoader                                      : 4685B


---------------  S Y S T E M  ---------------

OS:
 Windows 11 , 64 bit Build 22621 (10.0.22621.3235)
OS uptime: 0 days 6:45 hours

CPU: total 16 (initial active 16) (16 cores per cpu, 2 threads per core) family 23 model 96 stepping 1 microcode 0x0, cx8, cmov, fxsr, ht, mmx, 3dnowpref, sse, sse2, sse3, ssse3, sse4a, sse4.1, sse4.2, popcnt, lzcnt, tsc, tscinvbit, avx, avx2, aes, clmul, bmi1, bmi2, adx, sha, fma, vzeroupper, clflush, clflushopt
Processor Information for all 16 processors :
  Max Mhz: 2901, Current Mhz: 2901, Mhz Limit: 2901

Memory: 4k page, system-wide physical 15791M (2292M free)
TotalPageFile size 17839M (AvailPageFile size 4M)
current process WorkingSet (physical memory assigned to process): 91M, peak: 91M
current process commit charge ("private bytes"): 367M, peak: 368M

vm_info: OpenJDK 64-Bit Server VM (17.0.9+0--11185874) for windows-amd64 JRE (17.0.9+0--11185874), built on Dec  6 2023 18:57:44 by "androidbuild" with MS VC++ 16.10 / 16.11 (VS2019)

END.
