#
# There is insufficient memory for the Java Runtime Environment to continue.
# Native memory allocation (malloc) failed to allocate 1044752 bytes for Chunk::new
# Possible reasons:
#   The system is out of physical RAM or swap space
#   The process is running with CompressedOops enabled, and the Java Heap may be blocking the growth of the native heap
# Possible solutions:
#   Reduce memory load on the system
#   Increase physical memory or swap space
#   Check if swap backing store is full
#   Decrease Java heap size (-Xmx/-Xms)
#   Decrease number of Java threads
#   Decrease Java thread stack sizes (-Xss)
#   Set larger code cache with -XX:ReservedCodeCacheSize=
#   JVM is running with Unscaled Compressed Oops mode in which the Java heap is
#     placed in the first 4GB address space. The Java Heap base address is the
#     maximum limit for the native heap growth. Please use -XX:HeapBaseMinAddress
#     to set the Java Heap base and to place the Java Heap above 4GB virtual address.
# This output file may be truncated or incomplete.
#
#  Out of Memory Error (arena.cpp:191), pid=10400, tid=16404
#
# JRE version: OpenJDK Runtime Environment (17.0.9) (build 17.0.9+0--11185874)
# Java VM: OpenJDK 64-Bit Server VM (17.0.9+0--11185874, mixed mode, tiered, compressed oops, compressed class ptrs, g1 gc, windows-amd64)
# No core dump will be written. Minidumps are not enabled by default on client versions of Windows
#

---------------  S U M M A R Y ------------

Command Line: --add-opens=java.base/java.util=ALL-UNNAMED --add-opens=java.base/java.lang=ALL-UNNAMED --add-opens=java.base/java.lang.invoke=ALL-UNNAMED --add-opens=java.prefs/java.util.prefs=ALL-UNNAMED --add-opens=java.base/java.nio.charset=ALL-UNNAMED --add-opens=java.base/java.net=ALL-UNNAMED --add-opens=java.base/java.util.concurrent.atomic=ALL-UNNAMED -Xmx2048m -Dfile.encoding=UTF-8 -Duser.country=RU -Duser.language=ru -Duser.variant -javaagent:C:\Users\User\.gradle\wrapper\dists\gradle-8.4-bin\1w5dpkrfk8irigvoxmyhowfim\gradle-8.4\lib\agents\gradle-instrumentation-agent-8.4.jar org.gradle.launcher.daemon.bootstrap.GradleDaemon 8.4

Host: AMD Ryzen 7 4800H with Radeon Graphics         , 16 cores, 15G,  Windows 11 , 64 bit Build 22621 (10.0.22621.3085)
Time: Tue Mar  5 20:21:52 2024  Windows 11 , 64 bit Build 22621 (10.0.22621.3085) elapsed time: 10.408411 seconds (0d 0h 0m 10s)

---------------  T H R E A D  ---------------

Current thread (0x000002e56a773e00):  JavaThread "C2 CompilerThread4" daemon [_thread_in_native, id=16404, stack(0x000000e563b00000,0x000000e563c00000)]


Current CompileTask:
C2:  10408 7600       4       org.jetbrains.kotlin.com.intellij.openapi.vfs.impl.ArchiveHandler::processEntry (225 bytes)

Stack: [0x000000e563b00000,0x000000e563c00000]
Native frames: (J=compiled Java code, j=interpreted, Vv=VM code, C=native code)
V  [jvm.dll+0x6886e9]
V  [jvm.dll+0x841e4a]
V  [jvm.dll+0x843a8e]
V  [jvm.dll+0x8440f3]
V  [jvm.dll+0x24c14f]
V  [jvm.dll+0xac44c]
V  [jvm.dll+0xaca9c]
V  [jvm.dll+0x36c1f7]
V  [jvm.dll+0x1be6a2]
V  [jvm.dll+0x21df09]
V  [jvm.dll+0x21d1d1]
V  [jvm.dll+0x1a674d]
V  [jvm.dll+0x22d088]
V  [jvm.dll+0x22b1c0]
V  [jvm.dll+0x7f62f7]
V  [jvm.dll+0x7f06aa]
V  [jvm.dll+0x687565]
C  [ucrtbase.dll+0x29363]
C  [KERNEL32.DLL+0x1257d]
C  [ntdll.dll+0x5aa58]


---------------  P R O C E S S  ---------------

Threads class SMR info:
_java_thread_list=0x000002e56d5a7010, length=75, elements={
0x000002e54a81b7d0, 0x000002e5653ab810, 0x000002e5653ac690, 0x000002e565400830,
0x000002e565401300, 0x000002e565401ec0, 0x000002e565404890, 0x000002e565405630,
0x000002e5654060e0, 0x000002e565424d70, 0x000002e5655b0d20, 0x000002e5655740a0,
0x000002e565428f10, 0x000002e5656c5580, 0x000002e56ab11cd0, 0x000002e56c0b9ce0,
0x000002e56ac00830, 0x000002e56bdfbf60, 0x000002e56cde3310, 0x000002e56cdc2f80,
0x000002e56c1e5d10, 0x000002e56b81e4c0, 0x000002e56b75fbd0, 0x000002e56aece060,
0x000002e56aecd130, 0x000002e56aecf9b0, 0x000002e56aecdb50, 0x000002e56aeccc20,
0x000002e56aecea80, 0x000002e56aecf4a0, 0x000002e56aecd640, 0x000002e56aece570,
0x000002e56aecfec0, 0x000002e56aed03d0, 0x000002e56dbd7010, 0x000002e56dbd9380,
0x000002e56dbd2e40, 0x000002e56dbd8450, 0x000002e56dbd8e70, 0x000002e56dbd7520,
0x000002e56dbd4ca0, 0x000002e56dbd9890, 0x000002e56dbd9da0, 0x000002e56dbd8960,
0x000002e56dbd2930, 0x000002e56dbd4790, 0x000002e56dbd7f40, 0x000002e56dbd56c0,
0x000002e56dbd3d70, 0x000002e56dbd4280, 0x000002e56dbd51b0, 0x000002e56dbd5bd0,
0x000002e56dbd65f0, 0x000002e56dbd6b00, 0x000002e56ca6d6e0, 0x000002e56ca69a20,
0x000002e56ca69000, 0x000002e56ca69510, 0x000002e56ca68af0, 0x000002e56ca6c2a0,
0x000002e56ca6d1d0, 0x000002e56ca6dbf0, 0x000002e56ca6eb20, 0x000002e56ca6f030,
0x000002e56ca6fa50, 0x000002e56ca6b370, 0x000002e56ca6f540, 0x000002e56ca6e100,
0x000002e56ca6ff60, 0x000002e56ca6a950, 0x000002e56b7f00f0, 0x000002e56b7f30c0,
0x000002e56a777320, 0x000002e56a773e00, 0x000002e56a776880
}

Java Threads: ( => current thread )
  0x000002e54a81b7d0 JavaThread "main" [_thread_blocked, id=20544, stack(0x000000e55dc00000,0x000000e55dd00000)]
  0x000002e5653ab810 JavaThread "Reference Handler" daemon [_thread_blocked, id=18508, stack(0x000000e55e300000,0x000000e55e400000)]
  0x000002e5653ac690 JavaThread "Finalizer" daemon [_thread_blocked, id=1892, stack(0x000000e55e400000,0x000000e55e500000)]
  0x000002e565400830 JavaThread "Signal Dispatcher" daemon [_thread_blocked, id=21976, stack(0x000000e55e500000,0x000000e55e600000)]
  0x000002e565401300 JavaThread "Attach Listener" daemon [_thread_blocked, id=2900, stack(0x000000e55e600000,0x000000e55e700000)]
  0x000002e565401ec0 JavaThread "Service Thread" daemon [_thread_blocked, id=14400, stack(0x000000e55e700000,0x000000e55e800000)]
  0x000002e565404890 JavaThread "Monitor Deflation Thread" daemon [_thread_blocked, id=17212, stack(0x000000e55e800000,0x000000e55e900000)]
  0x000002e565405630 JavaThread "C2 CompilerThread0" daemon [_thread_blocked, id=2484, stack(0x000000e55e900000,0x000000e55ea00000)]
  0x000002e5654060e0 JavaThread "C1 CompilerThread0" daemon [_thread_blocked, id=22064, stack(0x000000e55ea00000,0x000000e55eb00000)]
  0x000002e565424d70 JavaThread "Sweeper thread" daemon [_thread_blocked, id=1452, stack(0x000000e55eb00000,0x000000e55ec00000)]
  0x000002e5655b0d20 JavaThread "Common-Cleaner" daemon [_thread_blocked, id=19944, stack(0x000000e55ec00000,0x000000e55ed00000)]
  0x000002e5655740a0 JavaThread "C1 CompilerThread1" daemon [_thread_blocked, id=11896, stack(0x000000e55ed00000,0x000000e55ee00000)]
  0x000002e565428f10 JavaThread "C1 CompilerThread2" daemon [_thread_blocked, id=7704, stack(0x000000e55ee00000,0x000000e55ef00000)]
  0x000002e5656c5580 JavaThread "Notification Thread" daemon [_thread_blocked, id=18260, stack(0x000000e55ef00000,0x000000e55f000000)]
  0x000002e56ab11cd0 JavaThread "C1 CompilerThread3" daemon [_thread_blocked, id=13192, stack(0x000000e55f300000,0x000000e55f400000)]
  0x000002e56c0b9ce0 JavaThread "Daemon health stats" [_thread_blocked, id=18224, stack(0x000000e55f900000,0x000000e55fa00000)]
  0x000002e56ac00830 JavaThread "Incoming local TCP Connector on port 53249" [_thread_in_native, id=1724, stack(0x000000e55fa00000,0x000000e55fb00000)]
  0x000002e56bdfbf60 JavaThread "Daemon periodic checks" [_thread_blocked, id=11952, stack(0x000000e55fb00000,0x000000e55fc00000)]
  0x000002e56cde3310 JavaThread "Daemon" [_thread_blocked, id=14932, stack(0x000000e55fc00000,0x000000e55fd00000)]
  0x000002e56cdc2f80 JavaThread "Handler for socket connection from /127.0.0.1:53249 to /127.0.0.1:53250" [_thread_in_native, id=13596, stack(0x000000e55fd00000,0x000000e55fe00000)]
  0x000002e56c1e5d10 JavaThread "Cancel handler" [_thread_blocked, id=21856, stack(0x000000e55fe00000,0x000000e55ff00000)]
  0x000002e56b81e4c0 JavaThread "Daemon worker" [_thread_in_Java, id=19424, stack(0x000000e55ff00000,0x000000e560000000)]
  0x000002e56b75fbd0 JavaThread "Asynchronous log dispatcher for DefaultDaemonConnection: socket connection from /127.0.0.1:53249 to /127.0.0.1:53250" [_thread_blocked, id=22036, stack(0x000000e560000000,0x000000e560100000)]
  0x000002e56aece060 JavaThread "Stdin handler" [_thread_blocked, id=21896, stack(0x000000e560100000,0x000000e560200000)]
  0x000002e56aecd130 JavaThread "Daemon client event forwarder" [_thread_blocked, id=6892, stack(0x000000e560200000,0x000000e560300000)]
  0x000002e56aecf9b0 JavaThread "Cache worker for journal cache (C:\Users\User\.gradle\caches\journal-1)" [_thread_blocked, id=13072, stack(0x000000e55f800000,0x000000e55f900000)]
  0x000002e56aecdb50 JavaThread "File lock request listener" [_thread_in_native, id=9772, stack(0x000000e560d00000,0x000000e560e00000)]
  0x000002e56aeccc20 JavaThread "Cache worker for file hash cache (C:\Users\User\.gradle\caches\8.4\fileHashes)" [_thread_blocked, id=22044, stack(0x000000e560e00000,0x000000e560f00000)]
  0x000002e56aecea80 JavaThread "File watcher server" daemon [_thread_in_native, id=16480, stack(0x000000e560f00000,0x000000e561000000)]
  0x000002e56aecf4a0 JavaThread "File watcher consumer" daemon [_thread_blocked, id=2516, stack(0x000000e561000000,0x000000e561100000)]
  0x000002e56aecd640 JavaThread "Cache worker for checksums cache (O:\ASProjects\Snapz\.gradle\8.4\checksums)" [_thread_blocked, id=5236, stack(0x000000e561100000,0x000000e561200000)]
  0x000002e56aece570 JavaThread "Cache worker for file hash cache (O:\ASProjects\Snapz\.gradle\8.4\fileHashes)" [_thread_blocked, id=5056, stack(0x000000e561200000,0x000000e561300000)]
  0x000002e56aecfec0 JavaThread "Cache worker for cache directory md-supplier (C:\Users\User\.gradle\caches\8.4\md-supplier)" [_thread_blocked, id=14528, stack(0x000000e561300000,0x000000e561400000)]
  0x000002e56aed03d0 JavaThread "Cache worker for file content cache (C:\Users\User\.gradle\caches\8.4\fileContent)" [_thread_blocked, id=3536, stack(0x000000e561400000,0x000000e561500000)]
  0x000002e56dbd7010 JavaThread "Cache worker for cache directory md-rule (C:\Users\User\.gradle\caches\8.4\md-rule)" [_thread_blocked, id=19596, stack(0x000000e55f200000,0x000000e55f300000)]
  0x000002e56dbd9380 JavaThread "Cache worker for execution history cache (C:\Users\User\.gradle\caches\8.4\executionHistory)" [_thread_blocked, id=20796, stack(0x000000e561500000,0x000000e561600000)]
  0x000002e56dbd2e40 JavaThread "Cache worker for kotlin-dsl (C:\Users\User\.gradle\caches\8.4\kotlin-dsl)" [_thread_blocked, id=21328, stack(0x000000e561900000,0x000000e561a00000)]
  0x000002e56dbd8450 JavaThread "jar transforms" [_thread_blocked, id=11680, stack(0x000000e561a00000,0x000000e561b00000)]
  0x000002e56dbd8e70 JavaThread "jar transforms Thread 2" [_thread_blocked, id=21924, stack(0x000000e561b00000,0x000000e561c00000)]
  0x000002e56dbd7520 JavaThread "jar transforms Thread 3" [_thread_blocked, id=22300, stack(0x000000e561c00000,0x000000e561d00000)]
  0x000002e56dbd4ca0 JavaThread "jar transforms Thread 4" [_thread_blocked, id=8228, stack(0x000000e561d00000,0x000000e561e00000)]
  0x000002e56dbd9890 JavaThread "Cache worker for dependencies-accessors (O:\ASProjects\Snapz\.gradle\8.4\dependencies-accessors)" [_thread_blocked, id=19904, stack(0x000000e561e00000,0x000000e561f00000)]
  0x000002e56dbd9da0 JavaThread "Cache worker for Build Output Cleanup Cache (O:\ASProjects\Snapz\.gradle\buildOutputCleanup)" [_thread_blocked, id=1984, stack(0x000000e561f00000,0x000000e562000000)]
  0x000002e56dbd8960 JavaThread "jar transforms Thread 5" [_thread_blocked, id=7768, stack(0x000000e562000000,0x000000e562100000)]
  0x000002e56dbd2930 JavaThread "jar transforms Thread 6" [_thread_blocked, id=17992, stack(0x000000e562100000,0x000000e562200000)]
  0x000002e56dbd4790 JavaThread "Unconstrained build operations" [_thread_blocked, id=3420, stack(0x000000e561700000,0x000000e561800000)]
  0x000002e56dbd7f40 JavaThread "Unconstrained build operations Thread 2" [_thread_blocked, id=20336, stack(0x000000e561800000,0x000000e561900000)]
  0x000002e56dbd56c0 JavaThread "Unconstrained build operations Thread 3" [_thread_blocked, id=20048, stack(0x000000e562200000,0x000000e562300000)]
  0x000002e56dbd3d70 JavaThread "Unconstrained build operations Thread 4" [_thread_blocked, id=14816, stack(0x000000e562400000,0x000000e562500000)]
  0x000002e56dbd4280 JavaThread "Unconstrained build operations Thread 5" [_thread_blocked, id=20568, stack(0x000000e562500000,0x000000e562600000)]
  0x000002e56dbd51b0 JavaThread "Unconstrained build operations Thread 6" [_thread_blocked, id=14388, stack(0x000000e562600000,0x000000e562700000)]
  0x000002e56dbd5bd0 JavaThread "Unconstrained build operations Thread 7" [_thread_blocked, id=11816, stack(0x000000e562700000,0x000000e562800000)]
  0x000002e56dbd65f0 JavaThread "Unconstrained build operations Thread 8" [_thread_blocked, id=384, stack(0x000000e562800000,0x000000e562900000)]
  0x000002e56dbd6b00 JavaThread "Unconstrained build operations Thread 9" [_thread_blocked, id=4380, stack(0x000000e562900000,0x000000e562a00000)]
  0x000002e56ca6d6e0 JavaThread "Unconstrained build operations Thread 10" [_thread_blocked, id=7372, stack(0x000000e562a00000,0x000000e562b00000)]
  0x000002e56ca69a20 JavaThread "Unconstrained build operations Thread 11" [_thread_blocked, id=22400, stack(0x000000e562b00000,0x000000e562c00000)]
  0x000002e56ca69000 JavaThread "Unconstrained build operations Thread 12" [_thread_blocked, id=3000, stack(0x000000e562c00000,0x000000e562d00000)]
  0x000002e56ca69510 JavaThread "Unconstrained build operations Thread 13" [_thread_blocked, id=20396, stack(0x000000e562d00000,0x000000e562e00000)]
  0x000002e56ca68af0 JavaThread "Unconstrained build operations Thread 14" [_thread_blocked, id=22348, stack(0x000000e562e00000,0x000000e562f00000)]
  0x000002e56ca6c2a0 JavaThread "Unconstrained build operations Thread 15" [_thread_blocked, id=22324, stack(0x000000e562f00000,0x000000e563000000)]
  0x000002e56ca6d1d0 JavaThread "jar transforms Thread 7" [_thread_blocked, id=11828, stack(0x000000e563000000,0x000000e563100000)]
  0x000002e56ca6dbf0 JavaThread "jar transforms Thread 8" [_thread_blocked, id=22468, stack(0x000000e563100000,0x000000e563200000)]
  0x000002e56ca6eb20 JavaThread "jar transforms Thread 9" [_thread_blocked, id=12836, stack(0x000000e563200000,0x000000e563300000)]
  0x000002e56ca6f030 JavaThread "jar transforms Thread 10" [_thread_blocked, id=16304, stack(0x000000e563300000,0x000000e563400000)]
  0x000002e56ca6fa50 JavaThread "jar transforms Thread 11" [_thread_blocked, id=22364, stack(0x000000e563400000,0x000000e563500000)]
  0x000002e56ca6b370 JavaThread "jar transforms Thread 12" [_thread_blocked, id=2312, stack(0x000000e563500000,0x000000e563600000)]
  0x000002e56ca6f540 JavaThread "jar transforms Thread 13" [_thread_blocked, id=21636, stack(0x000000e563600000,0x000000e563700000)]
  0x000002e56ca6e100 JavaThread "jar transforms Thread 14" [_thread_blocked, id=16992, stack(0x000000e563700000,0x000000e563800000)]
  0x000002e56ca6ff60 JavaThread "jar transforms Thread 15" [_thread_blocked, id=13436, stack(0x000000e563800000,0x000000e563900000)]
  0x000002e56ca6a950 JavaThread "jar transforms Thread 16" [_thread_blocked, id=19760, stack(0x000000e563900000,0x000000e563a00000)]
  0x000002e56b7f00f0 JavaThread "C2 CompilerThread1" daemon [_thread_in_native, id=19628, stack(0x000000e55f100000,0x000000e55f200000)]
  0x000002e56b7f30c0 JavaThread "C2 CompilerThread2" daemon [_thread_blocked, id=9584, stack(0x000000e561600000,0x000000e561700000)]
  0x000002e56a777320 JavaThread "C2 CompilerThread3" daemon [_thread_blocked, id=1040, stack(0x000000e563a00000,0x000000e563b00000)]
=>0x000002e56a773e00 JavaThread "C2 CompilerThread4" daemon [_thread_in_native, id=16404, stack(0x000000e563b00000,0x000000e563c00000)]
  0x000002e56a776880 JavaThread "C2 CompilerThread5" daemon [_thread_blocked, id=20456, stack(0x000000e563c00000,0x000000e563d00000)]

Other Threads:
  0x000002e5653aa170 VMThread "VM Thread" [stack: 0x000000e55e200000,0x000000e55e300000] [id=3168]
  0x000002e54a81c460 WatcherThread [stack: 0x000000e55f000000,0x000000e55f100000] [id=20792]
  0x000002e54a8778d0 GCTaskThread "GC Thread#0" [stack: 0x000000e55dd00000,0x000000e55de00000] [id=9200]
  0x000002e56a43b1a0 GCTaskThread "GC Thread#1" [stack: 0x000000e55f400000,0x000000e55f500000] [id=13720]
  0x000002e56a43b460 GCTaskThread "GC Thread#2" [stack: 0x000000e55f500000,0x000000e55f600000] [id=14724]
  0x000002e56aaa3cc0 GCTaskThread "GC Thread#3" [stack: 0x000000e55f600000,0x000000e55f700000] [id=7840]
  0x000002e56a43b720 GCTaskThread "GC Thread#4" [stack: 0x000000e55f700000,0x000000e55f800000] [id=20964]
  0x000002e56aed2800 GCTaskThread "GC Thread#5" [stack: 0x000000e560300000,0x000000e560400000] [id=11460]
  0x000002e56afbb080 GCTaskThread "GC Thread#6" [stack: 0x000000e560400000,0x000000e560500000] [id=20664]
  0x000002e56b9c2aa0 GCTaskThread "GC Thread#7" [stack: 0x000000e560500000,0x000000e560600000] [id=9596]
  0x000002e56b6ab9c0 GCTaskThread "GC Thread#8" [stack: 0x000000e560600000,0x000000e560700000] [id=21956]
  0x000002e56c637390 GCTaskThread "GC Thread#9" [stack: 0x000000e560700000,0x000000e560800000] [id=16828]
  0x000002e56cd56760 GCTaskThread "GC Thread#10" [stack: 0x000000e560800000,0x000000e560900000] [id=22472]
  0x000002e56cd56a20 GCTaskThread "GC Thread#11" [stack: 0x000000e560900000,0x000000e560a00000] [id=9972]
  0x000002e56cd55420 GCTaskThread "GC Thread#12" [stack: 0x000000e560a00000,0x000000e560b00000] [id=17724]
  0x000002e54a888820 ConcurrentGCThread "G1 Main Marker" [stack: 0x000000e55de00000,0x000000e55df00000] [id=11620]
  0x000002e54a889240 ConcurrentGCThread "G1 Conc#0" [stack: 0x000000e55df00000,0x000000e55e000000] [id=20844]
  0x000002e56cd556e0 ConcurrentGCThread "G1 Conc#1" [stack: 0x000000e560b00000,0x000000e560c00000] [id=18016]
  0x000002e56cd561e0 ConcurrentGCThread "G1 Conc#2" [stack: 0x000000e560c00000,0x000000e560d00000] [id=9552]
  0x000002e54a8cec50 ConcurrentGCThread "G1 Refine#0" [stack: 0x000000e55e000000,0x000000e55e100000] [id=12072]
  0x000002e56baf0b50 ConcurrentGCThread "G1 Refine#1" [stack: 0x000000e563d00000,0x000000e563e00000] [id=3096]
  0x000002e56baef6c0 ConcurrentGCThread "G1 Refine#2" [stack: 0x000000e563e00000,0x000000e563f00000] [id=4736]
  0x000002e56baf1cf0 ConcurrentGCThread "G1 Refine#3" [stack: 0x000000e563f00000,0x000000e564000000] [id=4864]
  0x000002e56baefca0 ConcurrentGCThread "G1 Refine#4" [stack: 0x000000e564000000,0x000000e564100000] [id=2244]
  0x000002e56baf0570 ConcurrentGCThread "G1 Refine#5" [stack: 0x000000e564100000,0x000000e564200000] [id=22336]
  0x000002e56baf0860 ConcurrentGCThread "G1 Refine#6" [stack: 0x000000e564200000,0x000000e564300000] [id=22212]
  0x000002e56baf25c0 ConcurrentGCThread "G1 Refine#7" [stack: 0x000000e564300000,0x000000e564400000] [id=912]
  0x000002e56baf1a00 ConcurrentGCThread "G1 Refine#8" [stack: 0x000000e564400000,0x000000e564500000] [id=16408]
  0x000002e56baf1fe0 ConcurrentGCThread "G1 Refine#9" [stack: 0x000000e564500000,0x000000e564600000] [id=19140]
  0x000002e5650e11d0 ConcurrentGCThread "G1 Service" [stack: 0x000000e55e100000,0x000000e55e200000] [id=12012]

Threads with active compile tasks:
C2 CompilerThread1    10423 7682 %     4       java.util.zip.ZipFile$Source::initCEN @ 240 (591 bytes)
C2 CompilerThread4    10423 7600       4       org.jetbrains.kotlin.com.intellij.openapi.vfs.impl.ArchiveHandler::processEntry (225 bytes)

VM state: not at safepoint (normal execution)

VM Mutex/Monitor currently owned by a thread: None

Heap address: 0x0000000080000000, size: 2048 MB, Compressed Oops mode: 32-bit

CDS archive(s) not mapped
Compressed class space mapped at: 0x0000000100000000-0x0000000140000000, reserved size: 1073741824
Narrow klass base: 0x0000000000000000, Narrow klass shift: 3, Narrow klass range: 0x140000000

GC Precious Log:
 CPUs: 16 total, 16 available
 Memory: 15791M
 Large Page Support: Disabled
 NUMA Support: Disabled
 Compressed Oops: Enabled (32-bit)
 Heap Region Size: 1M
 Heap Min Capacity: 8M
 Heap Initial Capacity: 248M
 Heap Max Capacity: 2G
 Pre-touch: Disabled
 Parallel Workers: 13
 Concurrent Workers: 3
 Concurrent Refinement Workers: 13
 Periodic GC: Disabled

Heap:
 garbage-first heap   total 155648K, used 87765K [0x0000000080000000, 0x0000000100000000)
  region size 1024K, 24 young (24576K), 1 survivors (1024K)
 Metaspace       used 81010K, committed 81664K, reserved 1179648K
  class space    used 11296K, committed 11584K, reserved 1048576K

Heap Regions: E=young(eden), S=young(survivor), O=old, HS=humongous(starts), HC=humongous(continues), CS=collection set, F=free, OA=open archive, CA=closed archive, TAMS=top-at-mark-start (previous, next)
|   0|0x0000000080000000, 0x0000000080100000, 0x0000000080100000|100%|HS|  |TAMS 0x0000000080100000, 0x0000000080000000| Complete 
|   1|0x0000000080100000, 0x0000000080200000, 0x0000000080200000|100%|HC|  |TAMS 0x0000000080200000, 0x0000000080100000| Complete 
|   2|0x0000000080200000, 0x0000000080300000, 0x0000000080300000|100%|HC|  |TAMS 0x0000000080300000, 0x0000000080200000| Complete 
|   3|0x0000000080300000, 0x0000000080400000, 0x0000000080400000|100%|HC|  |TAMS 0x0000000080400000, 0x0000000080300000| Complete 
|   4|0x0000000080400000, 0x0000000080500000, 0x0000000080500000|100%| O|  |TAMS 0x0000000080500000, 0x0000000080400000| Untracked 
|   5|0x0000000080500000, 0x0000000080600000, 0x0000000080600000|100%| O|  |TAMS 0x0000000080600000, 0x0000000080500000| Untracked 
|   6|0x0000000080600000, 0x0000000080700000, 0x0000000080700000|100%| O|  |TAMS 0x0000000080700000, 0x0000000080600000| Untracked 
|   7|0x0000000080700000, 0x0000000080800000, 0x0000000080800000|100%| O|  |TAMS 0x0000000080800000, 0x0000000080700000| Untracked 
|   8|0x0000000080800000, 0x0000000080900000, 0x0000000080900000|100%| O|  |TAMS 0x0000000080900000, 0x0000000080800000| Untracked 
|   9|0x0000000080900000, 0x0000000080a00000, 0x0000000080a00000|100%| O|  |TAMS 0x0000000080a00000, 0x0000000080900000| Untracked 
|  10|0x0000000080a00000, 0x0000000080b00000, 0x0000000080b00000|100%|HS|  |TAMS 0x0000000080a00000, 0x0000000080a00000| Complete 
|  11|0x0000000080b00000, 0x0000000080c00000, 0x0000000080c00000|100%| O|  |TAMS 0x0000000080c00000, 0x0000000080b00000| Untracked 
|  12|0x0000000080c00000, 0x0000000080d00000, 0x0000000080d00000|100%| O|  |TAMS 0x0000000080d00000, 0x0000000080c00000| Untracked 
|  13|0x0000000080d00000, 0x0000000080e00000, 0x0000000080e00000|100%| O|  |TAMS 0x0000000080e00000, 0x0000000080d00000| Untracked 
|  14|0x0000000080e00000, 0x0000000080f00000, 0x0000000080f00000|100%| O|  |TAMS 0x0000000080f00000, 0x0000000080e00000| Untracked 
|  15|0x0000000080f00000, 0x0000000081000000, 0x0000000081000000|100%| O|  |TAMS 0x0000000081000000, 0x0000000080f00000| Untracked 
|  16|0x0000000081000000, 0x0000000081100000, 0x0000000081100000|100%| O|  |TAMS 0x0000000081100000, 0x0000000081000000| Untracked 
|  17|0x0000000081100000, 0x0000000081200000, 0x0000000081200000|100%| O|  |TAMS 0x0000000081200000, 0x0000000081100000| Untracked 
|  18|0x0000000081200000, 0x0000000081300000, 0x0000000081300000|100%| O|  |TAMS 0x0000000081300000, 0x0000000081200000| Untracked 
|  19|0x0000000081300000, 0x0000000081400000, 0x0000000081400000|100%| O|  |TAMS 0x0000000081400000, 0x0000000081300000| Untracked 
|  20|0x0000000081400000, 0x0000000081500000, 0x0000000081500000|100%| O|  |TAMS 0x0000000081500000, 0x0000000081400000| Untracked 
|  21|0x0000000081500000, 0x0000000081600000, 0x0000000081600000|100%| O|  |TAMS 0x0000000081600000, 0x0000000081500000| Untracked 
|  22|0x0000000081600000, 0x0000000081700000, 0x0000000081700000|100%| O|  |TAMS 0x0000000081700000, 0x0000000081600000| Untracked 
|  23|0x0000000081700000, 0x0000000081800000, 0x0000000081800000|100%| O|  |TAMS 0x0000000081788800, 0x0000000081700000| Untracked 
|  24|0x0000000081800000, 0x0000000081900000, 0x0000000081900000|100%| O|  |TAMS 0x0000000081900000, 0x0000000081800000| Untracked 
|  25|0x0000000081900000, 0x0000000081a00000, 0x0000000081a00000|100%| O|  |TAMS 0x0000000081a00000, 0x0000000081900000| Untracked 
|  26|0x0000000081a00000, 0x0000000081b00000, 0x0000000081b00000|100%| O|  |TAMS 0x0000000081b00000, 0x0000000081a00000| Untracked 
|  27|0x0000000081b00000, 0x0000000081c00000, 0x0000000081c00000|100%| O|  |TAMS 0x0000000081c00000, 0x0000000081b00000| Untracked 
|  28|0x0000000081c00000, 0x0000000081d00000, 0x0000000081d00000|100%| O|  |TAMS 0x0000000081d00000, 0x0000000081c00000| Untracked 
|  29|0x0000000081d00000, 0x0000000081e00000, 0x0000000081e00000|100%| O|  |TAMS 0x0000000081e00000, 0x0000000081d00000| Untracked 
|  30|0x0000000081e00000, 0x0000000081f00000, 0x0000000081f00000|100%| O|  |TAMS 0x0000000081f00000, 0x0000000081e00000| Untracked 
|  31|0x0000000081f00000, 0x0000000082000000, 0x0000000082000000|100%| O|  |TAMS 0x0000000082000000, 0x0000000081f00000| Untracked 
|  32|0x0000000082000000, 0x0000000082100000, 0x0000000082100000|100%| O|  |TAMS 0x0000000082100000, 0x0000000082000000| Untracked 
|  33|0x0000000082100000, 0x0000000082200000, 0x0000000082200000|100%| O|  |TAMS 0x0000000082200000, 0x0000000082100000| Untracked 
|  34|0x0000000082200000, 0x0000000082300000, 0x0000000082300000|100%| O|  |TAMS 0x0000000082300000, 0x0000000082200000| Untracked 
|  35|0x0000000082300000, 0x0000000082400000, 0x0000000082400000|100%| O|  |TAMS 0x0000000082400000, 0x0000000082300000| Untracked 
|  36|0x0000000082400000, 0x0000000082500000, 0x0000000082500000|100%| O|  |TAMS 0x0000000082500000, 0x0000000082400000| Untracked 
|  37|0x0000000082500000, 0x0000000082600000, 0x0000000082600000|100%| O|  |TAMS 0x0000000082600000, 0x0000000082500000| Untracked 
|  38|0x0000000082600000, 0x0000000082700000, 0x0000000082700000|100%| O|  |TAMS 0x0000000082700000, 0x0000000082600000| Untracked 
|  39|0x0000000082700000, 0x0000000082800000, 0x0000000082800000|100%| O|  |TAMS 0x0000000082800000, 0x0000000082700000| Untracked 
|  40|0x0000000082800000, 0x0000000082900000, 0x0000000082900000|100%| O|  |TAMS 0x0000000082900000, 0x0000000082800000| Untracked 
|  41|0x0000000082900000, 0x0000000082a00000, 0x0000000082a00000|100%| O|  |TAMS 0x0000000082a00000, 0x0000000082900000| Untracked 
|  42|0x0000000082a00000, 0x0000000082b00000, 0x0000000082b00000|100%| O|  |TAMS 0x0000000082b00000, 0x0000000082a00000| Untracked 
|  43|0x0000000082b00000, 0x0000000082c00000, 0x0000000082c00000|100%|HS|  |TAMS 0x0000000082b00000, 0x0000000082b00000| Complete 
|  44|0x0000000082c00000, 0x0000000082d00000, 0x0000000082d00000|100%|HC|  |TAMS 0x0000000082c00000, 0x0000000082c00000| Complete 
|  45|0x0000000082d00000, 0x0000000082e00000, 0x0000000082e00000|100%|HC|  |TAMS 0x0000000082d00000, 0x0000000082d00000| Complete 
|  46|0x0000000082e00000, 0x0000000082f00000, 0x0000000082f00000|100%|HC|  |TAMS 0x0000000082e00000, 0x0000000082e00000| Complete 
|  47|0x0000000082f00000, 0x0000000083000000, 0x0000000083000000|100%|HC|  |TAMS 0x0000000082f00000, 0x0000000082f00000| Complete 
|  48|0x0000000083000000, 0x0000000083100000, 0x0000000083100000|100%|HC|  |TAMS 0x0000000083000000, 0x0000000083000000| Complete 
|  49|0x0000000083100000, 0x0000000083200000, 0x0000000083200000|100%|HS|  |TAMS 0x0000000083100000, 0x0000000083100000| Complete 
|  50|0x0000000083200000, 0x0000000083300000, 0x0000000083300000|100%| O|  |TAMS 0x0000000083200000, 0x0000000083200000| Untracked 
|  51|0x0000000083300000, 0x0000000083400000, 0x0000000083400000|100%| O|  |TAMS 0x0000000083300000, 0x0000000083300000| Untracked 
|  52|0x0000000083400000, 0x0000000083500000, 0x0000000083500000|100%| O|  |TAMS 0x0000000083400000, 0x0000000083400000| Untracked 
|  53|0x0000000083500000, 0x0000000083600000, 0x0000000083600000|100%| O|  |TAMS 0x0000000083500000, 0x0000000083500000| Untracked 
|  54|0x0000000083600000, 0x0000000083700000, 0x0000000083700000|100%| O|  |TAMS 0x0000000083600000, 0x0000000083600000| Untracked 
|  55|0x0000000083700000, 0x0000000083800000, 0x0000000083800000|100%| O|  |TAMS 0x0000000083700000, 0x0000000083700000| Untracked 
|  56|0x0000000083800000, 0x0000000083900000, 0x0000000083900000|100%| O|  |TAMS 0x0000000083800000, 0x0000000083800000| Untracked 
|  57|0x0000000083900000, 0x0000000083a00000, 0x0000000083a00000|100%| O|  |TAMS 0x0000000083900000, 0x0000000083900000| Untracked 
|  58|0x0000000083a00000, 0x0000000083b00000, 0x0000000083b00000|100%| O|  |TAMS 0x0000000083a00000, 0x0000000083a00000| Untracked 
|  59|0x0000000083b00000, 0x0000000083c00000, 0x0000000083c00000|100%| O|  |TAMS 0x0000000083b00000, 0x0000000083b00000| Untracked 
|  60|0x0000000083c00000, 0x0000000083cb5600, 0x0000000083d00000| 70%| O|  |TAMS 0x0000000083c00000, 0x0000000083c00000| Untracked 
|  61|0x0000000083d00000, 0x0000000083e00000, 0x0000000083e00000|100%|HS|  |TAMS 0x0000000083d00000, 0x0000000083d00000| Complete 
|  62|0x0000000083e00000, 0x0000000083f00000, 0x0000000083f00000|100%|HS|  |TAMS 0x0000000083e00000, 0x0000000083e00000| Complete 
|  63|0x0000000083f00000, 0x0000000083f00000, 0x0000000084000000|  0%| F|  |TAMS 0x0000000083f00000, 0x0000000083f00000| Untracked 
|  64|0x0000000084000000, 0x0000000084000000, 0x0000000084100000|  0%| F|  |TAMS 0x0000000084000000, 0x0000000084000000| Untracked 
|  65|0x0000000084100000, 0x0000000084100000, 0x0000000084200000|  0%| F|  |TAMS 0x0000000084100000, 0x0000000084100000| Untracked 
|  66|0x0000000084200000, 0x0000000084200000, 0x0000000084300000|  0%| F|  |TAMS 0x0000000084200000, 0x0000000084200000| Untracked 
|  67|0x0000000084300000, 0x0000000084300000, 0x0000000084400000|  0%| F|  |TAMS 0x0000000084300000, 0x0000000084300000| Untracked 
|  68|0x0000000084400000, 0x0000000084400000, 0x0000000084500000|  0%| F|  |TAMS 0x0000000084400000, 0x0000000084400000| Untracked 
|  69|0x0000000084500000, 0x0000000084500000, 0x0000000084600000|  0%| F|  |TAMS 0x0000000084500000, 0x0000000084500000| Untracked 
|  70|0x0000000084600000, 0x0000000084600000, 0x0000000084700000|  0%| F|  |TAMS 0x0000000084600000, 0x0000000084600000| Untracked 
|  71|0x0000000084700000, 0x0000000084700000, 0x0000000084800000|  0%| F|  |TAMS 0x0000000084700000, 0x0000000084700000| Untracked 
|  72|0x0000000084800000, 0x0000000084800000, 0x0000000084900000|  0%| F|  |TAMS 0x0000000084800000, 0x0000000084800000| Untracked 
|  73|0x0000000084900000, 0x0000000084900000, 0x0000000084a00000|  0%| F|  |TAMS 0x0000000084900000, 0x0000000084900000| Untracked 
|  74|0x0000000084a00000, 0x0000000084a00000, 0x0000000084b00000|  0%| F|  |TAMS 0x0000000084a00000, 0x0000000084a00000| Untracked 
|  75|0x0000000084b00000, 0x0000000084b00000, 0x0000000084c00000|  0%| F|  |TAMS 0x0000000084b00000, 0x0000000084b00000| Untracked 
|  76|0x0000000084c00000, 0x0000000084c00000, 0x0000000084d00000|  0%| F|  |TAMS 0x0000000084c00000, 0x0000000084c00000| Untracked 
|  77|0x0000000084d00000, 0x0000000084d00000, 0x0000000084e00000|  0%| F|  |TAMS 0x0000000084d00000, 0x0000000084d00000| Untracked 
|  78|0x0000000084e00000, 0x0000000084e00000, 0x0000000084f00000|  0%| F|  |TAMS 0x0000000084e00000, 0x0000000084e00000| Untracked 
|  79|0x0000000084f00000, 0x0000000084f00000, 0x0000000085000000|  0%| F|  |TAMS 0x0000000084f00000, 0x0000000084f00000| Untracked 
|  80|0x0000000085000000, 0x0000000085000000, 0x0000000085100000|  0%| F|  |TAMS 0x0000000085000000, 0x0000000085000000| Untracked 
|  81|0x0000000085100000, 0x0000000085100000, 0x0000000085200000|  0%| F|  |TAMS 0x0000000085100000, 0x0000000085100000| Untracked 
|  82|0x0000000085200000, 0x0000000085200000, 0x0000000085300000|  0%| F|  |TAMS 0x0000000085200000, 0x0000000085200000| Untracked 
|  83|0x0000000085300000, 0x0000000085300000, 0x0000000085400000|  0%| F|  |TAMS 0x0000000085300000, 0x0000000085300000| Untracked 
|  84|0x0000000085400000, 0x0000000085400000, 0x0000000085500000|  0%| F|  |TAMS 0x0000000085400000, 0x0000000085400000| Untracked 
|  85|0x0000000085500000, 0x0000000085500000, 0x0000000085600000|  0%| F|  |TAMS 0x0000000085500000, 0x0000000085500000| Untracked 
|  86|0x0000000085600000, 0x0000000085600000, 0x0000000085700000|  0%| F|  |TAMS 0x0000000085600000, 0x0000000085600000| Untracked 
|  87|0x0000000085700000, 0x0000000085700000, 0x0000000085800000|  0%| F|  |TAMS 0x0000000085700000, 0x0000000085700000| Untracked 
|  88|0x0000000085800000, 0x0000000085800000, 0x0000000085900000|  0%| F|  |TAMS 0x0000000085800000, 0x0000000085800000| Untracked 
|  89|0x0000000085900000, 0x0000000085900000, 0x0000000085a00000|  0%| F|  |TAMS 0x0000000085900000, 0x0000000085900000| Untracked 
|  90|0x0000000085a00000, 0x0000000085a00000, 0x0000000085b00000|  0%| F|  |TAMS 0x0000000085a00000, 0x0000000085a00000| Untracked 
|  91|0x0000000085b00000, 0x0000000085b00000, 0x0000000085c00000|  0%| F|  |TAMS 0x0000000085b00000, 0x0000000085b00000| Untracked 
|  92|0x0000000085c00000, 0x0000000085c00000, 0x0000000085d00000|  0%| F|  |TAMS 0x0000000085c00000, 0x0000000085c00000| Untracked 
|  93|0x0000000085d00000, 0x0000000085d00000, 0x0000000085e00000|  0%| F|  |TAMS 0x0000000085d00000, 0x0000000085d00000| Untracked 
|  94|0x0000000085e00000, 0x0000000085e00000, 0x0000000085f00000|  0%| F|  |TAMS 0x0000000085e00000, 0x0000000085e00000| Untracked 
|  95|0x0000000085f00000, 0x0000000085f00000, 0x0000000086000000|  0%| F|  |TAMS 0x0000000085f00000, 0x0000000085f00000| Untracked 
|  96|0x0000000086000000, 0x0000000086000000, 0x0000000086100000|  0%| F|  |TAMS 0x0000000086000000, 0x0000000086000000| Untracked 
|  97|0x0000000086100000, 0x0000000086100000, 0x0000000086200000|  0%| F|  |TAMS 0x0000000086100000, 0x0000000086100000| Untracked 
|  98|0x0000000086200000, 0x0000000086200000, 0x0000000086300000|  0%| F|  |TAMS 0x0000000086200000, 0x0000000086200000| Untracked 
|  99|0x0000000086300000, 0x0000000086300000, 0x0000000086400000|  0%| F|  |TAMS 0x0000000086300000, 0x0000000086300000| Untracked 
| 100|0x0000000086400000, 0x0000000086400000, 0x0000000086500000|  0%| F|  |TAMS 0x0000000086400000, 0x0000000086400000| Untracked 
| 101|0x0000000086500000, 0x0000000086500000, 0x0000000086600000|  0%| F|  |TAMS 0x0000000086500000, 0x0000000086500000| Untracked 
| 102|0x0000000086600000, 0x0000000086600000, 0x0000000086700000|  0%| F|  |TAMS 0x0000000086600000, 0x0000000086600000| Untracked 
| 103|0x0000000086700000, 0x0000000086700000, 0x0000000086800000|  0%| F|  |TAMS 0x0000000086700000, 0x0000000086700000| Untracked 
| 104|0x0000000086800000, 0x0000000086800000, 0x0000000086900000|  0%| F|  |TAMS 0x0000000086800000, 0x0000000086800000| Untracked 
| 105|0x0000000086900000, 0x0000000086900000, 0x0000000086a00000|  0%| F|  |TAMS 0x0000000086900000, 0x0000000086900000| Untracked 
| 106|0x0000000086a00000, 0x0000000086a00000, 0x0000000086b00000|  0%| F|  |TAMS 0x0000000086a00000, 0x0000000086a00000| Untracked 
| 107|0x0000000086b00000, 0x0000000086b00000, 0x0000000086c00000|  0%| F|  |TAMS 0x0000000086b00000, 0x0000000086b00000| Untracked 
| 108|0x0000000086c00000, 0x0000000086c00000, 0x0000000086d00000|  0%| F|  |TAMS 0x0000000086c00000, 0x0000000086c00000| Untracked 
| 109|0x0000000086d00000, 0x0000000086d00000, 0x0000000086e00000|  0%| F|  |TAMS 0x0000000086d00000, 0x0000000086d00000| Untracked 
| 110|0x0000000086e00000, 0x0000000086e00000, 0x0000000086f00000|  0%| F|  |TAMS 0x0000000086e00000, 0x0000000086e00000| Untracked 
| 111|0x0000000086f00000, 0x0000000086f00000, 0x0000000087000000|  0%| F|  |TAMS 0x0000000086f00000, 0x0000000086f00000| Untracked 
| 112|0x0000000087000000, 0x0000000087000000, 0x0000000087100000|  0%| F|  |TAMS 0x0000000087000000, 0x0000000087000000| Untracked 
| 113|0x0000000087100000, 0x0000000087100000, 0x0000000087200000|  0%| F|  |TAMS 0x0000000087100000, 0x0000000087100000| Untracked 
| 114|0x0000000087200000, 0x0000000087200000, 0x0000000087300000|  0%| F|  |TAMS 0x0000000087200000, 0x0000000087200000| Untracked 
| 115|0x0000000087300000, 0x0000000087300000, 0x0000000087400000|  0%| F|  |TAMS 0x0000000087300000, 0x0000000087300000| Untracked 
| 116|0x0000000087400000, 0x0000000087400000, 0x0000000087500000|  0%| F|  |TAMS 0x0000000087400000, 0x0000000087400000| Untracked 
| 117|0x0000000087500000, 0x0000000087500000, 0x0000000087600000|  0%| F|  |TAMS 0x0000000087500000, 0x0000000087500000| Untracked 
| 118|0x0000000087600000, 0x0000000087600000, 0x0000000087700000|  0%| F|  |TAMS 0x0000000087600000, 0x0000000087600000| Untracked 
| 119|0x0000000087700000, 0x0000000087700000, 0x0000000087800000|  0%| F|  |TAMS 0x0000000087700000, 0x0000000087700000| Untracked 
| 120|0x0000000087800000, 0x0000000087800000, 0x0000000087900000|  0%| F|  |TAMS 0x0000000087800000, 0x0000000087800000| Untracked 
| 121|0x0000000087900000, 0x0000000087900000, 0x0000000087a00000|  0%| F|  |TAMS 0x0000000087900000, 0x0000000087900000| Untracked 
| 122|0x0000000087a00000, 0x0000000087a00000, 0x0000000087b00000|  0%| F|  |TAMS 0x0000000087a00000, 0x0000000087a00000| Untracked 
| 123|0x0000000087b00000, 0x0000000087b00000, 0x0000000087c00000|  0%| F|  |TAMS 0x0000000087b00000, 0x0000000087b00000| Untracked 
| 124|0x0000000087c00000, 0x0000000087c00000, 0x0000000087d00000|  0%| F|  |TAMS 0x0000000087c00000, 0x0000000087c00000| Untracked 
| 125|0x0000000087d00000, 0x0000000087d00000, 0x0000000087e00000|  0%| F|  |TAMS 0x0000000087d00000, 0x0000000087d00000| Untracked 
| 126|0x0000000087e00000, 0x0000000087e00000, 0x0000000087f00000|  0%| F|  |TAMS 0x0000000087e00000, 0x0000000087e00000| Untracked 
| 127|0x0000000087f00000, 0x0000000087f80800, 0x0000000088000000| 50%| E|  |TAMS 0x0000000087f00000, 0x0000000087f00000| Complete 
| 128|0x0000000088000000, 0x0000000088100000, 0x0000000088100000|100%| E|CS|TAMS 0x0000000088000000, 0x0000000088000000| Complete 
| 129|0x0000000088100000, 0x0000000088200000, 0x0000000088200000|100%| E|CS|TAMS 0x0000000088100000, 0x0000000088100000| Complete 
| 130|0x0000000088200000, 0x0000000088300000, 0x0000000088300000|100%| E|CS|TAMS 0x0000000088200000, 0x0000000088200000| Complete 
| 131|0x0000000088300000, 0x0000000088400000, 0x0000000088400000|100%| E|CS|TAMS 0x0000000088300000, 0x0000000088300000| Complete 
| 132|0x0000000088400000, 0x0000000088500000, 0x0000000088500000|100%| E|CS|TAMS 0x0000000088400000, 0x0000000088400000| Complete 
| 133|0x0000000088500000, 0x0000000088600000, 0x0000000088600000|100%| E|CS|TAMS 0x0000000088500000, 0x0000000088500000| Complete 
| 134|0x0000000088600000, 0x0000000088700000, 0x0000000088700000|100%| E|CS|TAMS 0x0000000088600000, 0x0000000088600000| Complete 
| 135|0x0000000088700000, 0x0000000088800000, 0x0000000088800000|100%| E|CS|TAMS 0x0000000088700000, 0x0000000088700000| Complete 
| 136|0x0000000088800000, 0x0000000088900000, 0x0000000088900000|100%| E|CS|TAMS 0x0000000088800000, 0x0000000088800000| Complete 
| 137|0x0000000088900000, 0x0000000088a00000, 0x0000000088a00000|100%| E|CS|TAMS 0x0000000088900000, 0x0000000088900000| Complete 
| 138|0x0000000088a00000, 0x0000000088b00000, 0x0000000088b00000|100%| E|CS|TAMS 0x0000000088a00000, 0x0000000088a00000| Complete 
| 139|0x0000000088b00000, 0x0000000088c00000, 0x0000000088c00000|100%| E|CS|TAMS 0x0000000088b00000, 0x0000000088b00000| Complete 
| 140|0x0000000088c00000, 0x0000000088d00000, 0x0000000088d00000|100%| E|CS|TAMS 0x0000000088c00000, 0x0000000088c00000| Complete 
| 141|0x0000000088d00000, 0x0000000088e00000, 0x0000000088e00000|100%| E|CS|TAMS 0x0000000088d00000, 0x0000000088d00000| Complete 
| 191|0x000000008bf00000, 0x000000008c000000, 0x000000008c000000|100%| E|CS|TAMS 0x000000008bf00000, 0x000000008bf00000| Complete 
| 192|0x000000008c000000, 0x000000008c100000, 0x000000008c100000|100%| E|CS|TAMS 0x000000008c000000, 0x000000008c000000| Complete 
| 193|0x000000008c100000, 0x000000008c200000, 0x000000008c200000|100%| E|CS|TAMS 0x000000008c100000, 0x000000008c100000| Complete 
| 194|0x000000008c200000, 0x000000008c300000, 0x000000008c300000|100%| E|CS|TAMS 0x000000008c200000, 0x000000008c200000| Complete 
| 195|0x000000008c300000, 0x000000008c400000, 0x000000008c400000|100%| E|CS|TAMS 0x000000008c300000, 0x000000008c300000| Complete 
| 196|0x000000008c400000, 0x000000008c500000, 0x000000008c500000|100%| E|CS|TAMS 0x000000008c400000, 0x000000008c400000| Complete 
| 197|0x000000008c500000, 0x000000008c600000, 0x000000008c600000|100%| S|CS|TAMS 0x000000008c500000, 0x000000008c500000| Complete 
| 198|0x000000008c600000, 0x000000008c700000, 0x000000008c700000|100%| E|CS|TAMS 0x000000008c600000, 0x000000008c600000| Complete 
| 199|0x000000008c700000, 0x000000008c800000, 0x000000008c800000|100%| E|CS|TAMS 0x000000008c700000, 0x000000008c700000| Complete 
| 247|0x000000008f700000, 0x000000008f800000, 0x000000008f800000|100%| E|CS|TAMS 0x000000008f700000, 0x000000008f700000| Complete 

Card table byte_map: [0x000002e55d970000,0x000002e55dd70000] _byte_map_base: 0x000002e55d570000

Marking Bits (Prev, Next): (CMBitMap*) 0x000002e54a877ef0, (CMBitMap*) 0x000002e54a877f30
 Prev Bits: [0x000002e55e170000, 0x000002e560170000)
 Next Bits: [0x000002e560170000, 0x000002e562170000)

Polling page: 0x000002e5487a0000

Metaspace:

Usage:
  Non-class:     68.08 MB used.
      Class:     11.03 MB used.
       Both:     79.11 MB used.

Virtual space:
  Non-class space:      128.00 MB reserved,      68.44 MB ( 53%) committed,  2 nodes.
      Class space:        1.00 GB reserved,      11.31 MB (  1%) committed,  1 nodes.
             Both:        1.12 GB reserved,      79.75 MB (  7%) committed. 

Chunk freelists:
   Non-Class:  11.30 MB
       Class:  4.73 MB
        Both:  16.03 MB

MaxMetaspaceSize: unlimited
CompressedClassSpaceSize: 1.00 GB
Initial GC threshold: 21.00 MB
Current GC threshold: 132.31 MB
CDS: off
MetaspaceReclaimPolicy: balanced
 - commit_granule_bytes: 65536.
 - commit_granule_words: 8192.
 - virtual_space_node_default_size: 8388608.
 - enlarge_chunks_in_place: 1.
 - new_chunks_are_fully_committed: 0.
 - uncommit_free_chunks: 1.
 - use_allocation_guard: 0.
 - handle_deallocations: 1.


Internal statistics:

num_allocs_failed_limit: 12.
num_arena_births: 724.
num_arena_deaths: 0.
num_vsnodes_births: 3.
num_vsnodes_deaths: 0.
num_space_committed: 1274.
num_space_uncommitted: 0.
num_chunks_returned_to_freelist: 12.
num_chunks_taken_from_freelist: 3266.
num_chunk_merges: 3.
num_chunk_splits: 2310.
num_chunks_enlarged: 1712.
num_inconsistent_stats: 0.

CodeHeap 'non-profiled nmethods': size=119168Kb used=3663Kb max_used=3663Kb free=115504Kb
 bounds [0x000002e555890000, 0x000002e555c30000, 0x000002e55ccf0000]
CodeHeap 'profiled nmethods': size=119104Kb used=13106Kb max_used=13106Kb free=105997Kb
 bounds [0x000002e54dcf0000, 0x000002e54e9c0000, 0x000002e555140000]
CodeHeap 'non-nmethods': size=7488Kb used=3400Kb max_used=3435Kb free=4087Kb
 bounds [0x000002e555140000, 0x000002e5554b0000, 0x000002e555890000]
 total_blobs=7816 nmethods=7010 adapters=714
 compilation: enabled
              stopped_count=0, restarted_count=0
 full_count=0

Compilation events (20 events):
Event: 10.376 Thread 0x000002e565405630 7690       4       org.jetbrains.kotlin.com.intellij.util.containers.ContainerUtil::findAll (88 bytes)
Event: 10.383 Thread 0x000002e565428f10 7692       3       org.jetbrains.kotlin.com.intellij.reference.SoftReference::dereference (13 bytes)
Event: 10.383 Thread 0x000002e565428f10 nmethod 7692 0x000002e54e9bb110 code [0x000002e54e9bb2c0, 0x000002e54e9bb4c8]
Event: 10.386 Thread 0x000002e56a776880 nmethod 7679 0x000002e555c15310 code [0x000002e555c15500, 0x000002e555c162a8]
Event: 10.387 Thread 0x000002e565405630 nmethod 7690 0x000002e555c16e10 code [0x000002e555c16fe0, 0x000002e555c17808]
Event: 10.389 Thread 0x000002e56b7f30c0 nmethod 7680 0x000002e555c17c10 code [0x000002e555c17e00, 0x000002e555c18b48]
Event: 10.392 Thread 0x000002e5655740a0 7693       3       org.jetbrains.kotlin.com.intellij.util.containers.hash.HashUtil::hash (27 bytes)
Event: 10.392 Thread 0x000002e56ab11cd0 7694       3       org.jetbrains.kotlin.com.intellij.util.io.FileAccessorCache::getHashCode (5 bytes)
Event: 10.392 Thread 0x000002e56ab11cd0 nmethod 7694 0x000002e54e9bb590 code [0x000002e54e9bb740, 0x000002e54e9bb908]
Event: 10.392 Thread 0x000002e5655740a0 nmethod 7693 0x000002e54e9bba10 code [0x000002e54e9bbbe0, 0x000002e54e9bbf78]
Event: 10.398 Thread 0x000002e565428f10 7695       3       java.util.zip.ZipFile$Source$Key::hashCode (46 bytes)
Event: 10.398 Thread 0x000002e565428f10 nmethod 7695 0x000002e54e9bc110 code [0x000002e54e9bc300, 0x000002e54e9bc718]
Event: 10.398 Thread 0x000002e5655740a0 7696       1       sun.nio.fs.WindowsFileAttributes::size (5 bytes)
Event: 10.399 Thread 0x000002e5655740a0 nmethod 7696 0x000002e555c19610 code [0x000002e555c197a0, 0x000002e555c19878]
Event: 10.402 Thread 0x000002e56ab11cd0 7697       1       org.jetbrains.kotlin.com.intellij.util.containers.hash.LinkedHashMap$Entry::access$100 (5 bytes)
Event: 10.402 Thread 0x000002e5655740a0 7698       1       org.jetbrains.kotlin.com.intellij.util.containers.hash.LinkedHashMap$Entry::access$000 (5 bytes)
Event: 10.402 Thread 0x000002e5655740a0 nmethod 7698 0x000002e555c19910 code [0x000002e555c19aa0, 0x000002e555c19b58]
Event: 10.402 Thread 0x000002e56ab11cd0 nmethod 7697 0x000002e555c19c10 code [0x000002e555c19da0, 0x000002e555c19e58]
Event: 10.406 Thread 0x000002e5655740a0 7699       1       org.jetbrains.kotlin.com.intellij.util.containers.hash.LinkedHashMap$Entry::access$200 (5 bytes)
Event: 10.406 Thread 0x000002e5655740a0 nmethod 7699 0x000002e555c19f10 code [0x000002e555c1a0a0, 0x000002e555c1a158]

GC Heap History (20 events):
Event: 5.910 GC heap before
{Heap before GC invocations=14 (full 0):
 garbage-first heap   total 86016K, used 62352K [0x0000000080000000, 0x0000000100000000)
  region size 1024K, 32 young (32768K), 4 survivors (4096K)
 Metaspace       used 59656K, committed 60160K, reserved 1114112K
  class space    used 8116K, committed 8320K, reserved 1048576K
}
Event: 5.914 GC heap after
{Heap after GC invocations=15 (full 0):
 garbage-first heap   total 86016K, used 38601K [0x0000000080000000, 0x0000000100000000)
  region size 1024K, 5 young (5120K), 5 survivors (5120K)
 Metaspace       used 59656K, committed 60160K, reserved 1114112K
  class space    used 8116K, committed 8320K, reserved 1048576K
}
Event: 8.621 GC heap before
{Heap before GC invocations=16 (full 0):
 garbage-first heap   total 86016K, used 67273K [0x0000000080000000, 0x0000000100000000)
  region size 1024K, 34 young (34816K), 5 survivors (5120K)
 Metaspace       used 63024K, committed 63552K, reserved 1114112K
  class space    used 8515K, committed 8768K, reserved 1048576K
}
Event: 8.626 GC heap after
{Heap after GC invocations=17 (full 0):
 garbage-first heap   total 86016K, used 43116K [0x0000000080000000, 0x0000000100000000)
  region size 1024K, 5 young (5120K), 5 survivors (5120K)
 Metaspace       used 63024K, committed 63552K, reserved 1114112K
  class space    used 8515K, committed 8768K, reserved 1048576K
}
Event: 8.634 GC heap before
{Heap before GC invocations=17 (full 0):
 garbage-first heap   total 86016K, used 43116K [0x0000000080000000, 0x0000000100000000)
  region size 1024K, 6 young (6144K), 5 survivors (5120K)
 Metaspace       used 63069K, committed 63552K, reserved 1114112K
  class space    used 8519K, committed 8768K, reserved 1048576K
}
Event: 8.636 GC heap after
{Heap after GC invocations=18 (full 0):
 garbage-first heap   total 86016K, used 42809K [0x0000000080000000, 0x0000000100000000)
  region size 1024K, 1 young (1024K), 1 survivors (1024K)
 Metaspace       used 63069K, committed 63552K, reserved 1114112K
  class space    used 8519K, committed 8768K, reserved 1048576K
}
Event: 8.931 GC heap before
{Heap before GC invocations=18 (full 0):
 garbage-first heap   total 86016K, used 66361K [0x0000000080000000, 0x0000000100000000)
  region size 1024K, 25 young (25600K), 1 survivors (1024K)
 Metaspace       used 66683K, committed 67200K, reserved 1114112K
  class space    used 9441K, committed 9728K, reserved 1048576K
}
Event: 8.933 GC heap after
{Heap after GC invocations=19 (full 0):
 garbage-first heap   total 86016K, used 42983K [0x0000000080000000, 0x0000000100000000)
  region size 1024K, 1 young (1024K), 1 survivors (1024K)
 Metaspace       used 66683K, committed 67200K, reserved 1114112K
  class space    used 9441K, committed 9728K, reserved 1048576K
}
Event: 9.179 GC heap before
{Heap before GC invocations=20 (full 0):
 garbage-first heap   total 86016K, used 68583K [0x0000000080000000, 0x0000000100000000)
  region size 1024K, 26 young (26624K), 1 survivors (1024K)
 Metaspace       used 69601K, committed 70144K, reserved 1114112K
  class space    used 9851K, committed 10112K, reserved 1048576K
}
Event: 9.180 GC heap after
{Heap after GC invocations=21 (full 0):
 garbage-first heap   total 86016K, used 43601K [0x0000000080000000, 0x0000000100000000)
  region size 1024K, 2 young (2048K), 2 survivors (2048K)
 Metaspace       used 69601K, committed 70144K, reserved 1114112K
  class space    used 9851K, committed 10112K, reserved 1048576K
}
Event: 9.616 GC heap before
{Heap before GC invocations=21 (full 0):
 garbage-first heap   total 86016K, used 69201K [0x0000000080000000, 0x0000000100000000)
  region size 1024K, 27 young (27648K), 2 survivors (2048K)
 Metaspace       used 72845K, committed 73344K, reserved 1114112K
  class space    used 10287K, committed 10560K, reserved 1048576K
}
Event: 9.619 GC heap after
{Heap after GC invocations=22 (full 0):
 garbage-first heap   total 86016K, used 44308K [0x0000000080000000, 0x0000000100000000)
  region size 1024K, 3 young (3072K), 3 survivors (3072K)
 Metaspace       used 72845K, committed 73344K, reserved 1114112K
  class space    used 10287K, committed 10560K, reserved 1048576K
}
Event: 9.884 GC heap before
{Heap before GC invocations=23 (full 0):
 garbage-first heap   total 86016K, used 69908K [0x0000000080000000, 0x0000000100000000)
  region size 1024K, 28 young (28672K), 3 survivors (3072K)
 Metaspace       used 76702K, committed 77248K, reserved 1179648K
  class space    used 10745K, committed 11008K, reserved 1048576K
}
Event: 9.886 GC heap after
{Heap after GC invocations=24 (full 0):
 garbage-first heap   total 86016K, used 44949K [0x0000000080000000, 0x0000000100000000)
  region size 1024K, 3 young (3072K), 3 survivors (3072K)
 Metaspace       used 76702K, committed 77248K, reserved 1179648K
  class space    used 10745K, committed 11008K, reserved 1048576K
}
Event: 10.153 GC heap before
{Heap before GC invocations=24 (full 0):
 garbage-first heap   total 86016K, used 69525K [0x0000000080000000, 0x0000000100000000)
  region size 1024K, 28 young (28672K), 3 survivors (3072K)
 Metaspace       used 80568K, committed 81088K, reserved 1179648K
  class space    used 11264K, committed 11520K, reserved 1048576K
}
Event: 10.155 GC heap after
{Heap after GC invocations=25 (full 0):
 garbage-first heap   total 86016K, used 45486K [0x0000000080000000, 0x0000000100000000)
  region size 1024K, 3 young (3072K), 3 survivors (3072K)
 Metaspace       used 80568K, committed 81088K, reserved 1179648K
  class space    used 11264K, committed 11520K, reserved 1048576K
}
Event: 10.277 GC heap before
{Heap before GC invocations=26 (full 0):
 garbage-first heap   total 92160K, used 77230K [0x0000000080000000, 0x0000000100000000)
  region size 1024K, 28 young (28672K), 3 survivors (3072K)
 Metaspace       used 81003K, committed 81664K, reserved 1179648K
  class space    used 11294K, committed 11584K, reserved 1048576K
}
Event: 10.283 GC heap after
{Heap after GC invocations=27 (full 0):
 garbage-first heap   total 155648K, used 60531K [0x0000000080000000, 0x0000000100000000)
  region size 1024K, 4 young (4096K), 4 survivors (4096K)
 Metaspace       used 81003K, committed 81664K, reserved 1179648K
  class space    used 11294K, committed 11584K, reserved 1048576K
}
Event: 10.309 GC heap before
{Heap before GC invocations=27 (full 0):
 garbage-first heap   total 155648K, used 63603K [0x0000000080000000, 0x0000000100000000)
  region size 1024K, 7 young (7168K), 4 survivors (4096K)
 Metaspace       used 81009K, committed 81664K, reserved 1179648K
  class space    used 11296K, committed 11584K, reserved 1048576K
}
Event: 10.314 GC heap after
{Heap after GC invocations=28 (full 0):
 garbage-first heap   total 155648K, used 62165K [0x0000000080000000, 0x0000000100000000)
  region size 1024K, 1 young (1024K), 1 survivors (1024K)
 Metaspace       used 81009K, committed 81664K, reserved 1179648K
  class space    used 11296K, committed 11584K, reserved 1048576K
}

Dll operation events (3 events):
Event: 0.005 Loaded shared library O:\AndroidStudio\jbr\bin\java.dll
Event: 0.108 Loaded shared library O:\AndroidStudio\jbr\bin\zip.dll
Event: 0.307 Loaded shared library O:\AndroidStudio\jbr\bin\verify.dll

Deoptimization events (20 events):
Event: 10.324 Thread 0x000002e56b81e4c0 Uncommon trap: trap_request=0xffffff45 fr.pc=0x000002e555bf1c38 relative=0x00000000000002b8
Event: 10.324 Thread 0x000002e56b81e4c0 Uncommon trap: reason=unstable_if action=reinterpret pc=0x000002e555bf1c38 method=org.jetbrains.kotlin.com.intellij.openapi.vfs.impl.ZipEntryMap.isTheOne(Lorg/jetbrains/kotlin/com/intellij/openapi/vfs/impl/ArchiveHandler$EntryInfo;Ljava/lang/CharSequence;
Event: 10.324 Thread 0x000002e56b81e4c0 DEOPT PACKING pc=0x000002e555bf1c38 sp=0x000000e55fff4a70
Event: 10.324 Thread 0x000002e56b81e4c0 DEOPT UNPACKING pc=0x000002e5551969a3 sp=0x000000e55fff49c0 mode 2
Event: 10.324 Thread 0x000002e56b81e4c0 Uncommon trap: trap_request=0xffffff45 fr.pc=0x000002e555bfecdc relative=0x0000000000000b5c
Event: 10.324 Thread 0x000002e56b81e4c0 Uncommon trap: reason=unstable_if action=reinterpret pc=0x000002e555bfecdc method=org.jetbrains.kotlin.com.intellij.openapi.vfs.impl.ZipEntryMap.put(Ljava/lang/String;Lorg/jetbrains/kotlin/com/intellij/openapi/vfs/impl/ArchiveHandler$EntryInfo;[Lorg/jetbr
Event: 10.324 Thread 0x000002e56b81e4c0 DEOPT PACKING pc=0x000002e555bfecdc sp=0x000000e55fff4a00
Event: 10.324 Thread 0x000002e56b81e4c0 DEOPT UNPACKING pc=0x000002e5551969a3 sp=0x000000e55fff49c0 mode 2
Event: 10.326 Thread 0x000002e56b81e4c0 Uncommon trap: trap_request=0xffffff45 fr.pc=0x000002e555bfa3b0 relative=0x0000000000000430
Event: 10.326 Thread 0x000002e56b81e4c0 Uncommon trap: reason=unstable_if action=reinterpret pc=0x000002e555bfa3b0 method=org.jetbrains.kotlin.com.intellij.openapi.vfs.impl.ZipEntryMap.isTheOne(Lorg/jetbrains/kotlin/com/intellij/openapi/vfs/impl/ArchiveHandler$EntryInfo;Ljava/lang/CharSequence;
Event: 10.326 Thread 0x000002e56b81e4c0 DEOPT PACKING pc=0x000002e555bfa3b0 sp=0x000000e55fff49f0
Event: 10.326 Thread 0x000002e56b81e4c0 DEOPT UNPACKING pc=0x000002e5551969a3 sp=0x000000e55fff4970 mode 2
Event: 10.334 Thread 0x000002e56b81e4c0 Uncommon trap: trap_request=0xffffff45 fr.pc=0x000002e555bf7558 relative=0x0000000000000478
Event: 10.334 Thread 0x000002e56b81e4c0 Uncommon trap: reason=unstable_if action=reinterpret pc=0x000002e555bf7558 method=org.jetbrains.kotlin.com.intellij.openapi.vfs.impl.ZipEntryMap.isTheOne(Lorg/jetbrains/kotlin/com/intellij/openapi/vfs/impl/ArchiveHandler$EntryInfo;Ljava/lang/CharSequence;
Event: 10.334 Thread 0x000002e56b81e4c0 DEOPT PACKING pc=0x000002e555bf7558 sp=0x000000e55fff4a00
Event: 10.334 Thread 0x000002e56b81e4c0 DEOPT UNPACKING pc=0x000002e5551969a3 sp=0x000000e55fff49c0 mode 2
Event: 10.357 Thread 0x000002e56b81e4c0 DEOPT PACKING pc=0x000002e54e9a923d sp=0x000000e55fff4c60
Event: 10.357 Thread 0x000002e56b81e4c0 DEOPT UNPACKING pc=0x000002e555197143 sp=0x000000e55fff4140 mode 0
Event: 10.372 Thread 0x000002e56b81e4c0 DEOPT PACKING pc=0x000002e54e9a923d sp=0x000000e55fff4bd0
Event: 10.372 Thread 0x000002e56b81e4c0 DEOPT UNPACKING pc=0x000002e555197143 sp=0x000000e55fff40b0 mode 0

Classes unloaded (0 events):
No events

Classes redefined (0 events):
No events

Internal exceptions (20 events):
Event: 8.675 Thread 0x000002e56aecd130 Exception <a 'java/lang/NoSuchMethodError'{0x000000008c217d10}: static Lorg/gradle/internal/build/event/types/DefaultBinaryPluginIdentifier;.<clinit>()V> (0x000000008c217d10) 
thrown [s\src\hotspot\share\prims\jni.cpp, line 1108]
Event: 8.677 Thread 0x000002e56aecd130 Exception <a 'java/lang/NoSuchMethodError'{0x000000008c2848c0}: static Lorg/gradle/internal/build/event/types/DefaultScriptPluginIdentifier;.<clinit>()V> (0x000000008c2848c0) 
thrown [s\src\hotspot\share\prims\jni.cpp, line 1108]
Event: 8.710 Thread 0x000002e56b81e4c0 Exception <a 'java/lang/NoSuchMethodError'{0x000000008bf6a360}: 'void java.lang.invoke.DirectMethodHandle$Holder.invokeVirtual(java.lang.Object, java.lang.Object)'> (0x000000008bf6a360) 
thrown [s\src\hotspot\share\interpreter\linkResolver.cpp, line 771]
Event: 8.743 Thread 0x000002e56b81e4c0 Exception <a 'java/lang/NoSuchMethodError'{0x00000000848a83c0}: 'java.lang.Object java.lang.invoke.DirectMethodHandle$Holder.invokeStaticInit(java.lang.Object, int)'> (0x00000000848a83c0) 
thrown [s\src\hotspot\share\interpreter\linkResolver.cpp, line 771]
Event: 9.537 Thread 0x000002e56b81e4c0 Exception <a 'sun/nio/fs/WindowsException'{0x000000008410ebd8}> (0x000000008410ebd8) 
thrown [s\src\hotspot\share\prims\jni.cpp, line 517]
Event: 9.537 Thread 0x000002e56b81e4c0 Exception <a 'sun/nio/fs/WindowsException'{0x00000000841108d8}> (0x00000000841108d8) 
thrown [s\src\hotspot\share\prims\jni.cpp, line 517]
Event: 9.623 Thread 0x000002e56b81e4c0 Exception <a 'java/lang/NoSuchMethodError'{0x000000008f73d820}: 'long java.lang.invoke.DirectMethodHandle$Holder.invokeStatic(java.lang.Object)'> (0x000000008f73d820) 
thrown [s\src\hotspot\share\interpreter\linkResolver.cpp, line 771]
Event: 9.623 Thread 0x000002e56b81e4c0 Exception <a 'java/lang/NoSuchMethodError'{0x000000008f742668}: 'long java.lang.invoke.DirectMethodHandle$Holder.invokeStaticInit(java.lang.Object)'> (0x000000008f742668) 
thrown [s\src\hotspot\share\interpreter\linkResolver.cpp, line 771]
Event: 9.684 Thread 0x000002e56b81e4c0 Exception <a 'java/lang/NoSuchMethodError'{0x000000008c38c780}: 'long java.lang.invoke.Invokers$Holder.invoke_MT(java.lang.Object, java.lang.Object, java.lang.Object, java.lang.Object)'> (0x000000008c38c780) 
thrown [s\src\hotspot\share\interpreter\linkResolver.cpp, line 771]
Event: 9.685 Thread 0x000002e56b81e4c0 Exception <a 'java/lang/NoSuchMethodError'{0x000000008c395dd0}: 'int java.lang.invoke.Invokers$Holder.invoke_MT(java.lang.Object, java.lang.Object, java.lang.Object, java.lang.Object)'> (0x000000008c395dd0) 
thrown [s\src\hotspot\share\interpreter\linkResolver.cpp, line 771]
Event: 9.685 Thread 0x000002e56b81e4c0 Exception <a 'java/lang/NoSuchMethodError'{0x000000008c3a68a0}: 'void java.lang.invoke.DelegatingMethodHandle$Holder.reinvoke_L(java.lang.Object, java.lang.Object, java.lang.Object, long, java.lang.Object)'> (0x000000008c3a68a0) 
thrown [s\src\hotspot\share\interpreter\linkResolver.cpp, line 771]
Event: 9.686 Thread 0x000002e56b81e4c0 Exception <a 'java/lang/NoSuchMethodError'{0x000000008c3af478}: 'java.lang.Object java.lang.invoke.DirectMethodHandle$Holder.invokeSpecial(java.lang.Object, java.lang.Object, java.lang.Object, java.lang.Object, long)'> (0x000000008c3af478) 
thrown [s\src\hotspot\share\interpreter\linkResolver.cpp, line 771]
Event: 9.687 Thread 0x000002e56b81e4c0 Exception <a 'java/lang/NoSuchMethodError'{0x000000008c3bfe18}: 'int java.lang.invoke.DelegatingMethodHandle$Holder.reinvoke_L(java.lang.Object, java.lang.Object, java.lang.Object, long, java.lang.Object, java.lang.Object)'> (0x000000008c3bfe18) 
thrown [s\src\hotspot\share\interpreter\linkResolver.cpp, line 771]
Event: 9.687 Thread 0x000002e56b81e4c0 Exception <a 'java/lang/NoSuchMethodError'{0x000000008c3d0100}: 'int java.lang.invoke.DelegatingMethodHandle$Holder.reinvoke_L(java.lang.Object, java.lang.Object, java.lang.Object, long, int, int)'> (0x000000008c3d0100) 
thrown [s\src\hotspot\share\interpreter\linkResolver.cpp, line 771]
Event: 9.687 Thread 0x000002e56b81e4c0 Exception <a 'java/lang/NoSuchMethodError'{0x000000008c3e03d0}: 'int java.lang.invoke.DelegatingMethodHandle$Holder.reinvoke_L(java.lang.Object, java.lang.Object, java.lang.Object, long, long, long)'> (0x000000008c3e03d0) 
thrown [s\src\hotspot\share\interpreter\linkResolver.cpp, line 771]
Event: 9.688 Thread 0x000002e56b81e4c0 Exception <a 'java/lang/NoSuchMethodError'{0x000000008c3f0140}: 'int java.lang.invoke.DelegatingMethodHandle$Holder.reinvoke_L(java.lang.Object, java.lang.Object, java.lang.Object, long, int)'> (0x000000008c3f0140) 
thrown [s\src\hotspot\share\interpreter\linkResolver.cpp, line 771]
Event: 10.121 Thread 0x000002e56b81e4c0 Exception <a 'java/lang/NoSuchMethodError'{0x0000000083d4bc40}: 'java.lang.Object java.lang.invoke.Invokers$Holder.invokeExact_MT(java.lang.Object, java.lang.Object, long, java.lang.Object)'> (0x0000000083d4bc40) 
thrown [s\src\hotspot\share\interpreter\linkResolver.cpp, line 771]
Event: 10.148 Thread 0x000002e56b81e4c0 Exception <a 'java/lang/NoSuchMethodError'{0x0000000083bc4010}: 'java.lang.Object java.lang.invoke.Invokers$Holder.invoke_MT(java.lang.Object, java.lang.Object, java.lang.Object)'> (0x0000000083bc4010) 
thrown [s\src\hotspot\share\interpreter\linkResolver.cpp, line 771]
Event: 10.320 Thread 0x000002e56b81e4c0 Implicit null exception at 0x000002e555c06831 to 0x000002e555c07570
Event: 10.320 Thread 0x000002e56b81e4c0 Implicit null exception at 0x000002e555c04ab9 to 0x000002e555c0534c

VM Operations (20 events):
Event: 9.634 Executing VM operation: G1PauseRemark
Event: 9.637 Executing VM operation: G1PauseRemark done
Event: 9.644 Executing VM operation: G1PauseCleanup
Event: 9.644 Executing VM operation: G1PauseCleanup done
Event: 9.884 Executing VM operation: G1CollectForAllocation
Event: 9.886 Executing VM operation: G1CollectForAllocation done
Event: 10.045 Executing VM operation: HandshakeAllThreads
Event: 10.045 Executing VM operation: HandshakeAllThreads done
Event: 10.074 Executing VM operation: HandshakeAllThreads
Event: 10.074 Executing VM operation: HandshakeAllThreads done
Event: 10.153 Executing VM operation: G1CollectForAllocation
Event: 10.155 Executing VM operation: G1CollectForAllocation done
Event: 10.171 Executing VM operation: G1PauseRemark
Event: 10.173 Executing VM operation: G1PauseRemark done
Event: 10.180 Executing VM operation: G1PauseCleanup
Event: 10.180 Executing VM operation: G1PauseCleanup done
Event: 10.277 Executing VM operation: G1CollectForAllocation
Event: 10.283 Executing VM operation: G1CollectForAllocation done
Event: 10.309 Executing VM operation: G1CollectForAllocation
Event: 10.314 Executing VM operation: G1CollectForAllocation done

Events (20 events):
Event: 10.147 loading class java/nio/channels/FileChannel$MapMode done
Event: 10.147 loading class jdk/internal/misc/ExtendedMapMode
Event: 10.147 loading class jdk/internal/misc/ExtendedMapMode done
Event: 10.148 loading class sun/nio/ch/FileChannelImpl$DefaultUnmapper
Event: 10.148 loading class sun/nio/ch/FileChannelImpl$Unmapper
Event: 10.149 loading class jdk/internal/access/foreign/UnmapperProxy
Event: 10.149 loading class jdk/internal/access/foreign/UnmapperProxy done
Event: 10.149 loading class sun/nio/ch/FileChannelImpl$Unmapper done
Event: 10.149 loading class sun/nio/ch/FileChannelImpl$DefaultUnmapper done
Event: 10.149 loading class sun/nio/ch/Util$4
Event: 10.149 loading class sun/nio/ch/Util$4 done
Event: 10.149 loading class jdk/internal/access/foreign/MemorySegmentProxy
Event: 10.149 loading class jdk/internal/access/foreign/MemorySegmentProxy done
Event: 10.150 loading class java/io/UTFDataFormatException
Event: 10.150 loading class java/io/UTFDataFormatException done
Event: 10.194 Thread 0x000002e56b7f00f0 Thread added: 0x000002e56b7f00f0
Event: 10.196 Thread 0x000002e56b7f30c0 Thread added: 0x000002e56b7f30c0
Event: 10.200 Thread 0x000002e56a777320 Thread added: 0x000002e56a777320
Event: 10.200 Thread 0x000002e56a773e00 Thread added: 0x000002e56a773e00
Event: 10.201 Thread 0x000002e56a776880 Thread added: 0x000002e56a776880


Dynamic libraries:
0x00007ff635580000 - 0x00007ff63558a000 	O:\AndroidStudio\jbr\bin\java.exe
0x00007ffce2490000 - 0x00007ffce26a7000 	C:\WINDOWS\SYSTEM32\ntdll.dll
0x00007ffce0b30000 - 0x00007ffce0bf4000 	C:\WINDOWS\System32\KERNEL32.DLL
0x00007ffcdfce0000 - 0x00007ffce0086000 	C:\WINDOWS\System32\KERNELBASE.dll
0x00007ffce0090000 - 0x00007ffce01a1000 	C:\WINDOWS\System32\ucrtbase.dll
0x00007ffcb0f50000 - 0x00007ffcb0f67000 	O:\AndroidStudio\jbr\bin\jli.dll
0x00007ffce0c00000 - 0x00007ffce0dae000 	C:\WINDOWS\System32\USER32.dll
0x00007ffcdfad0000 - 0x00007ffcdfaf6000 	C:\WINDOWS\System32\win32u.dll
0x00007ffce0ab0000 - 0x00007ffce0ad9000 	C:\WINDOWS\System32\GDI32.dll
0x00007ffccdbf0000 - 0x00007ffccde83000 	C:\WINDOWS\WinSxS\amd64_microsoft.windows.common-controls_6595b64144ccf1df_6.0.22621.2506_none_270c5ae97388e100\COMCTL32.dll
0x00007ffcdf940000 - 0x00007ffcdfa58000 	C:\WINDOWS\System32\gdi32full.dll
0x00007ffce16b0000 - 0x00007ffce1757000 	C:\WINDOWS\System32\msvcrt.dll
0x00007ffcdfbc0000 - 0x00007ffcdfc5a000 	C:\WINDOWS\System32\msvcp_win.dll
0x00007ffca1e00000 - 0x00007ffca1e1b000 	O:\AndroidStudio\jbr\bin\VCRUNTIME140.dll
0x00007ffce0ae0000 - 0x00007ffce0b11000 	C:\WINDOWS\System32\IMM32.DLL
0x00007ffcb7f90000 - 0x00007ffcb7f9c000 	O:\AndroidStudio\jbr\bin\vcruntime140_1.dll
0x00007ffc984d0000 - 0x00007ffc9855d000 	O:\AndroidStudio\jbr\bin\msvcp140.dll
0x00007ffc5c820000 - 0x00007ffc5d4a3000 	O:\AndroidStudio\jbr\bin\server\jvm.dll
0x00007ffce2390000 - 0x00007ffce2443000 	C:\WINDOWS\System32\ADVAPI32.dll
0x00007ffce2180000 - 0x00007ffce2228000 	C:\WINDOWS\System32\sechost.dll
0x00007ffce01b0000 - 0x00007ffce01d8000 	C:\WINDOWS\System32\bcrypt.dll
0x00007ffce11c0000 - 0x00007ffce12d7000 	C:\WINDOWS\System32\RPCRT4.dll
0x00007ffcdf460000 - 0x00007ffcdf4ad000 	C:\WINDOWS\SYSTEM32\POWRPROF.dll
0x00007ffcd2530000 - 0x00007ffcd2564000 	C:\WINDOWS\SYSTEM32\WINMM.dll
0x00007ffcca9a0000 - 0x00007ffcca9a9000 	C:\WINDOWS\SYSTEM32\WSOCK32.dll
0x00007ffce1630000 - 0x00007ffce16a1000 	C:\WINDOWS\System32\WS2_32.dll
0x00007ffcd8970000 - 0x00007ffcd897a000 	C:\WINDOWS\SYSTEM32\VERSION.dll
0x00007ffcdf190000 - 0x00007ffcdf1a3000 	C:\WINDOWS\SYSTEM32\UMPDC.dll
0x00007ffcde7f0000 - 0x00007ffcde808000 	C:\WINDOWS\SYSTEM32\kernel.appcore.dll
0x00007ffcc6700000 - 0x00007ffcc670a000 	O:\AndroidStudio\jbr\bin\jimage.dll
0x00007ffcdd120000 - 0x00007ffcdd353000 	C:\WINDOWS\SYSTEM32\DBGHELP.DLL
0x00007ffce0e30000 - 0x00007ffce11b9000 	C:\WINDOWS\System32\combase.dll
0x00007ffce0970000 - 0x00007ffce0a47000 	C:\WINDOWS\System32\OLEAUT32.dll
0x00007ffcc3e30000 - 0x00007ffcc3e62000 	C:\WINDOWS\SYSTEM32\dbgcore.DLL
0x00007ffcdfc60000 - 0x00007ffcdfcda000 	C:\WINDOWS\System32\bcryptPrimitives.dll
0x00007ffcbf4c0000 - 0x00007ffcbf4ce000 	O:\AndroidStudio\jbr\bin\instrument.dll
0x00007ffcb0db0000 - 0x00007ffcb0dd5000 	O:\AndroidStudio\jbr\bin\java.dll
0x00007ffcbfc40000 - 0x00007ffcbfc58000 	O:\AndroidStudio\jbr\bin\zip.dll
0x00007ffce1760000 - 0x00007ffce1fbb000 	C:\WINDOWS\System32\SHELL32.dll
0x00007ffcdd6a0000 - 0x00007ffcddf96000 	C:\WINDOWS\SYSTEM32\windows.storage.dll
0x00007ffcdd560000 - 0x00007ffcdd69e000 	C:\WINDOWS\SYSTEM32\wintypes.dll
0x00007ffce03d0000 - 0x00007ffce04c3000 	C:\WINDOWS\System32\SHCORE.dll
0x00007ffce0a50000 - 0x00007ffce0aae000 	C:\WINDOWS\System32\shlwapi.dll
0x00007ffcdf700000 - 0x00007ffcdf726000 	C:\WINDOWS\SYSTEM32\profapi.dll
0x00007ffcb7fe0000 - 0x00007ffcb7ff9000 	O:\AndroidStudio\jbr\bin\net.dll
0x00007ffcd99b0000 - 0x00007ffcd9ae7000 	C:\WINDOWS\SYSTEM32\WINHTTP.dll
0x00007ffcdec70000 - 0x00007ffcdecd9000 	C:\WINDOWS\system32\mswsock.dll
0x00007ffcb18e0000 - 0x00007ffcb18f6000 	O:\AndroidStudio\jbr\bin\nio.dll
0x00007ffcc0b00000 - 0x00007ffcc0b10000 	O:\AndroidStudio\jbr\bin\verify.dll
0x00007ffca4c40000 - 0x00007ffca4c67000 	C:\Users\User\.gradle\native\c067742578af261105cb4f569cf0c3c89f3d7b1fecec35dd04571415982c5e48\windows-amd64\native-platform.dll
0x00007ffc60030000 - 0x00007ffc60174000 	C:\Users\User\.gradle\native\38dada09dfb8b06ba9b0570ebf7e218e3eb74d4ef43ca46872605cf95ebc2f47\windows-amd64\native-platform-file-events.dll
0x00007ffcc5d90000 - 0x00007ffcc5d99000 	O:\AndroidStudio\jbr\bin\management.dll
0x00007ffcc07b0000 - 0x00007ffcc07bb000 	O:\AndroidStudio\jbr\bin\management_ext.dll
0x00007ffce0e20000 - 0x00007ffce0e28000 	C:\WINDOWS\System32\PSAPI.DLL
0x00007ffcdeec0000 - 0x00007ffcdeedb000 	C:\WINDOWS\SYSTEM32\CRYPTSP.dll
0x00007ffcde750000 - 0x00007ffcde785000 	C:\WINDOWS\system32\rsaenh.dll
0x00007ffcded60000 - 0x00007ffcded8c000 	C:\WINDOWS\SYSTEM32\USERENV.dll
0x00007ffcdeee0000 - 0x00007ffcdeeec000 	C:\WINDOWS\SYSTEM32\CRYPTBASE.dll
0x00007ffcde270000 - 0x00007ffcde29d000 	C:\WINDOWS\SYSTEM32\IPHLPAPI.DLL
0x00007ffce0b20000 - 0x00007ffce0b29000 	C:\WINDOWS\System32\NSI.dll
0x00007ffcd9340000 - 0x00007ffcd9359000 	C:\WINDOWS\SYSTEM32\dhcpcsvc6.DLL
0x00007ffcd9320000 - 0x00007ffcd933f000 	C:\WINDOWS\SYSTEM32\dhcpcsvc.DLL
0x00007ffcde2e0000 - 0x00007ffcde3d9000 	C:\WINDOWS\SYSTEM32\DNSAPI.dll
0x00007ffcc0dd0000 - 0x00007ffcc0dd8000 	C:\WINDOWS\system32\wshunix.dll
0x00007ffcd82b0000 - 0x00007ffcd82ba000 	C:\Windows\System32\rasadhlp.dll
0x00007ffcd82c0000 - 0x00007ffcd8343000 	C:\WINDOWS\System32\fwpuclnt.dll

dbghelp: loaded successfully - version: 4.0.5 - missing functions: none
symbol engine: initialized successfully - sym options: 0x614 - pdb path: .;O:\AndroidStudio\jbr\bin;C:\WINDOWS\SYSTEM32;C:\WINDOWS\WinSxS\amd64_microsoft.windows.common-controls_6595b64144ccf1df_6.0.22621.2506_none_270c5ae97388e100;O:\AndroidStudio\jbr\bin\server;C:\Users\User\.gradle\native\c067742578af261105cb4f569cf0c3c89f3d7b1fecec35dd04571415982c5e48\windows-amd64;C:\Users\User\.gradle\native\38dada09dfb8b06ba9b0570ebf7e218e3eb74d4ef43ca46872605cf95ebc2f47\windows-amd64

VM Arguments:
jvm_args: --add-opens=java.base/java.util=ALL-UNNAMED --add-opens=java.base/java.lang=ALL-UNNAMED --add-opens=java.base/java.lang.invoke=ALL-UNNAMED --add-opens=java.prefs/java.util.prefs=ALL-UNNAMED --add-opens=java.base/java.nio.charset=ALL-UNNAMED --add-opens=java.base/java.net=ALL-UNNAMED --add-opens=java.base/java.util.concurrent.atomic=ALL-UNNAMED -Xmx2048m -Dfile.encoding=UTF-8 -Duser.country=RU -Duser.language=ru -Duser.variant -javaagent:C:\Users\User\.gradle\wrapper\dists\gradle-8.4-bin\1w5dpkrfk8irigvoxmyhowfim\gradle-8.4\lib\agents\gradle-instrumentation-agent-8.4.jar 
java_command: org.gradle.launcher.daemon.bootstrap.GradleDaemon 8.4
java_class_path (initial): C:\Users\User\.gradle\wrapper\dists\gradle-8.4-bin\1w5dpkrfk8irigvoxmyhowfim\gradle-8.4\lib\gradle-launcher-8.4.jar
Launcher Type: SUN_STANDARD

[Global flags]
     intx CICompilerCount                          = 12                                        {product} {ergonomic}
     uint ConcGCThreads                            = 3                                         {product} {ergonomic}
     uint G1ConcRefinementThreads                  = 13                                        {product} {ergonomic}
   size_t G1HeapRegionSize                         = 1048576                                   {product} {ergonomic}
    uintx GCDrainStackTargetSize                   = 64                                        {product} {ergonomic}
   size_t InitialHeapSize                          = 260046848                                 {product} {ergonomic}
   size_t MarkStackSize                            = 4194304                                   {product} {ergonomic}
   size_t MaxHeapSize                              = 2147483648                                {product} {command line}
   size_t MaxNewSize                               = 1287651328                                {product} {ergonomic}
   size_t MinHeapDeltaBytes                        = 1048576                                   {product} {ergonomic}
   size_t MinHeapSize                              = 8388608                                   {product} {ergonomic}
    uintx NonNMethodCodeHeapSize                   = 7602480                                {pd product} {ergonomic}
    uintx NonProfiledCodeHeapSize                  = 122027880                              {pd product} {ergonomic}
    uintx ProfiledCodeHeapSize                     = 122027880                              {pd product} {ergonomic}
    uintx ReservedCodeCacheSize                    = 251658240                              {pd product} {ergonomic}
     bool SegmentedCodeCache                       = true                                      {product} {ergonomic}
   size_t SoftMaxHeapSize                          = 2147483648                             {manageable} {ergonomic}
     bool UseCompressedClassPointers               = true                           {product lp64_product} {ergonomic}
     bool UseCompressedOops                        = true                           {product lp64_product} {ergonomic}
     bool UseG1GC                                  = true                                      {product} {ergonomic}
     bool UseLargePagesIndividualAllocation        = false                                  {pd product} {ergonomic}

Logging:
Log output configuration:
 #0: stdout all=warning uptime,level,tags
 #1: stderr all=off uptime,level,tags

Environment Variables:
PATH=C:\Windows\system32;C:\Windows;C:\Windows\System32\Wbem;C:\Windows\System32\WindowsPowerShell\v1.0\;C:\Windows\System32\OpenSSH\;C:\Program Files (x86)\NVIDIA Corporation\PhysX\Common;C:\Program Files\dotnet\;C:\Program Files\NVIDIA Corporation\NVIDIA NvDLISR;C:\WINDOWS\system32;C:\WINDOWS;C:\WINDOWS\System32\Wbem;C:\WINDOWS\System32\WindowsPowerShell\v1.0\;C:\WINDOWS\System32\OpenSSH\;O:\Git\cmd;C:\Users\User\AppData\Local\Microsoft\WindowsApps;C:\Users\User\.dotnet\tools;C:\Users\User\AppData\Local\GitHubDesktop\bin;O:\Microsoft VS Code\bin
USERNAME=User
OS=Windows_NT
PROCESSOR_IDENTIFIER=AMD64 Family 23 Model 96 Stepping 1, AuthenticAMD
TMP=C:\Users\User\AppData\Local\Temp
TEMP=C:\Users\User\AppData\Local\Temp



Periodic native trim disabled

JNI global refs:
JNI global refs: 37, weak refs: 0

JNI global refs memory usage: 843, weak refs: 841

OOME stack traces (most recent first):
Classloader memory used:
Loader org.gradle.internal.classloader.VisitableURLClassLoader                         : 5582K
Loader bootstrap                                                                       : 3122K
Loader org.gradle.initialization.MixInLegacyTypesClassLoader                           : 1227K
Loader jdk.internal.loader.ClassLoaders$PlatformClassLoader                            : 101K
Loader jdk.internal.loader.ClassLoaders$AppClassLoader                                 : 28460B
Loader jdk.internal.jrtfs.JrtFileSystemProvider$JrtFsLoader                            : 26749B
Loader jdk.internal.reflect.DelegatingClassLoader                                      : 24235B
Loader org.gradle.internal.classloader.VisitableURLClassLoader                         : 9913B
Loader org.gradle.internal.classloader.VisitableURLClassLoader$InstrumentingVisitableURLClassLoader: 5522B

Classes loaded by more than one classloader:
Class Program                                                                         : loaded 3 times (x 70B)
Class org.gradle.internal.classpath.ClassPath                                         : loaded 2 times (x 68B)
Class org.gradle.api.internal.classpath.DefaultModuleRegistry                         : loaded 2 times (x 84B)
Class Settings_gradle$1$1                                                             : loaded 2 times (x 72B)
Class jdk.internal.jimage.BasicImageReader$1                                          : loaded 2 times (x 75B)
Class org.gradle.api.Action                                                           : loaded 2 times (x 68B)
Class org.gradle.api.internal.DefaultClassPathProvider                                : loaded 2 times (x 74B)
Class org.gradle.internal.installation.GradleInstallation$1                           : loaded 2 times (x 73B)
Class jdk.internal.jrtfs.SystemImage$1                                                : loaded 2 times (x 76B)
Class jdk.internal.jrtfs.SystemImage$2                                                : loaded 2 times (x 74B)
Class org.gradle.internal.classloader.FilteringClassLoader                            : loaded 2 times (x 103B)
Class jdk.internal.jimage.ImageReader$Resource                                        : loaded 2 times (x 82B)
Class jdk.internal.jrtfs.SystemImage                                                  : loaded 2 times (x 72B)
Class org.gradle.internal.classpath.DefaultClassPath$ImmutableUniqueList$Builder      : loaded 2 times (x 73B)
Class jdk.internal.jrtfs.JrtDirectoryStream$1                                         : loaded 2 times (x 81B)
Class org.gradle.internal.classloader.ClassLoaderVisitor                              : loaded 2 times (x 74B)
Class org.gradle.internal.service.DefaultServiceLocator                               : loaded 2 times (x 81B)
Class org.gradle.internal.service.UnknownServiceException                             : loaded 2 times (x 81B)
Class org.gradle.internal.classloader.DefaultClassLoaderFactory                       : loaded 2 times (x 80B)
Class jdk.internal.jimage.ImageReader$SharedImageReader                               : loaded 2 times (x 93B)
Class org.gradle.internal.classloader.VisitableURLClassLoader$Spec                    : loaded 2 times (x 72B)
Class org.gradle.api.GradleException                                                  : loaded 2 times (x 80B)
Class org.gradle.api.internal.classpath.ModuleRegistry                                : loaded 2 times (x 68B)
Class org.gradle.api.internal.ClassPathProvider                                       : loaded 2 times (x 68B)
Class org.gradle.internal.classloader.ClasspathUtil$1                                 : loaded 2 times (x 74B)
Class org.gradle.internal.classloader.ClassLoaderFactory                              : loaded 2 times (x 68B)
Class jdk.internal.jimage.ImageHeader                                                 : loaded 2 times (x 69B)
Class org.gradle.api.internal.classpath.ManifestUtil                                  : loaded 2 times (x 69B)
Class org.gradle.api.specs.Spec                                                       : loaded 2 times (x 68B)
Class org.gradle.internal.IoActions                                                   : loaded 2 times (x 69B)
Class org.gradle.api.internal.classpath.EffectiveClassPath                            : loaded 2 times (x 88B)
Class org.gradle.internal.installation.CurrentGradleInstallation                      : loaded 2 times (x 71B)
Class org.gradle.internal.agents.InstrumentingClassLoader                             : loaded 2 times (x 68B)
Class org.gradle.internal.installation.CurrentGradleInstallationLocator               : loaded 2 times (x 69B)
Class org.gradle.api.internal.classpath.Module                                        : loaded 2 times (x 68B)
Class org.gradle.internal.service.CachingServiceLocator                               : loaded 2 times (x 80B)
Class org.gradle.internal.classpath.DefaultClassPath                                  : loaded 2 times (x 88B)
Class jdk.internal.jimage.BasicImageReader                                            : loaded 2 times (x 93B)
Class jdk.internal.jimage.ImageReader$Node                                            : loaded 2 times (x 82B)
Class jdk.internal.jrtfs.JrtPath                                                      : loaded 2 times (x 116B)
Class jdk.internal.jimage.ImageStrings                                                : loaded 2 times (x 68B)
Class org.gradle.internal.classloader.SystemClassLoaderSpec                           : loaded 2 times (x 69B)
Class org.gradle.api.UncheckedIOException                                             : loaded 2 times (x 80B)
Class org.gradle.internal.installation.GradleInstallation                             : loaded 2 times (x 73B)
Class jdk.internal.jimage.decompressor.Decompressor                                   : loaded 2 times (x 70B)
Class jdk.internal.jrtfs.JrtFileSystem                                                : loaded 2 times (x 100B)
Class jdk.internal.jrtfs.JrtFileSystemProvider                                        : loaded 2 times (x 97B)
Class org.gradle.internal.classloader.ClasspathUtil                                   : loaded 2 times (x 69B)
Class jdk.internal.jrtfs.JrtDirectoryStream                                           : loaded 2 times (x 87B)
Class org.gradle.api.internal.DefaultClassPathRegistry                                : loaded 2 times (x 74B)
Class org.gradle.api.internal.classpath.DefaultModuleRegistry$DefaultModule           : loaded 2 times (x 84B)
Class org.gradle.api.internal.classpath.UnknownModuleException                        : loaded 2 times (x 80B)
Class org.gradle.internal.service.ServiceLookupException                              : loaded 2 times (x 80B)
Class jdk.internal.jimage.ImageStringsReader                                          : loaded 2 times (x 78B)
Class org.gradle.cache.GlobalCache                                                    : loaded 2 times (x 68B)
Class [Lorg.gradle.api.internal.ClassPathProvider;                                    : loaded 2 times (x 67B)
Class org.gradle.util.internal.GUtil                                                  : loaded 2 times (x 69B)
Class org.gradle.internal.classloader.ClassLoaderSpec                                 : loaded 2 times (x 69B)
Class org.gradle.internal.classloader.VisitableURLClassLoader                         : loaded 2 times (x 115B)
Class org.gradle.internal.Cast                                                        : loaded 2 times (x 69B)
Class org.gradle.api.internal.ClassPathRegistry                                       : loaded 2 times (x 68B)
Class org.gradle.internal.classloader.VisitableURLClassLoader$InstrumentingVisitableURLClassLoader: loaded 2 times (x 121B)
Class org.gradle.internal.classloader.ClassLoaderHierarchy                            : loaded 2 times (x 68B)
Class jdk.internal.jimage.ImageReader                                                 : loaded 2 times (x 73B)
Class org.gradle.internal.InternalTransformer                                         : loaded 2 times (x 68B)
Class org.gradle.internal.service.ServiceLocator                                      : loaded 2 times (x 68B)
Class Settings_gradle$1                                                               : loaded 2 times (x 72B)
Class org.gradle.internal.classpath.DefaultClassPath$ImmutableUniqueList              : loaded 2 times (x 159B)
Class org.gradle.internal.classpath.TransformedClassPath                              : loaded 2 times (x 94B)
Class Settings_gradle                                                                 : loaded 2 times (x 126B)
Class jdk.internal.jimage.ImageReader$Directory                                       : loaded 2 times (x 82B)


---------------  S Y S T E M  ---------------

OS:
 Windows 11 , 64 bit Build 22621 (10.0.22621.3085)
OS uptime: 0 days 5:34 hours

CPU: total 16 (initial active 16) (16 cores per cpu, 2 threads per core) family 23 model 96 stepping 1 microcode 0x0, cx8, cmov, fxsr, ht, mmx, 3dnowpref, sse, sse2, sse3, ssse3, sse4a, sse4.1, sse4.2, popcnt, lzcnt, tsc, tscinvbit, avx, avx2, aes, clmul, bmi1, bmi2, adx, sha, fma, vzeroupper, clflush, clflushopt
Processor Information for all 16 processors :
  Max Mhz: 2901, Current Mhz: 2901, Mhz Limit: 2901

Memory: 4k page, system-wide physical 15791M (2715M free)
TotalPageFile size 17839M (AvailPageFile size 23M)
current process WorkingSet (physical memory assigned to process): 322M, peak: 332M
current process commit charge ("private bytes"): 413M, peak: 431M

vm_info: OpenJDK 64-Bit Server VM (17.0.9+0--11185874) for windows-amd64 JRE (17.0.9+0--11185874), built on Dec  6 2023 18:57:44 by "androidbuild" with MS VC++ 16.10 / 16.11 (VS2019)

END.
